<?xml version="1.0" encoding="UTF-8"?>
<testsuites>
  <testsuite name="Application Test Suite" tests="162" assertions="580" failures="0" errors="0" time="15.235818">
    <testsuite name="ContentTypeFieldsControllerTest" file="/home/gareth/Desktop/Zend-CMS/project/cms/tests/application/controllers/ContentTypeFieldsControllerTest.php" tests="23" assertions="84" failures="0" errors="0" time="2.033406">
      <testcase name="testNoParamsIndexPage" class="ContentTypeFieldsControllerTest" file="/home/gareth/Desktop/Zend-CMS/project/cms/tests/application/controllers/ContentTypeFieldsControllerTest.php" line="33" assertions="3" time="0.056295"/>
      <testcase name="testIndexPage" class="ContentTypeFieldsControllerTest" file="/home/gareth/Desktop/Zend-CMS/project/cms/tests/application/controllers/ContentTypeFieldsControllerTest.php" line="40" assertions="6" time="0.140149"/>
      <testcase name="testEditorNoAccess" class="ContentTypeFieldsControllerTest" file="/home/gareth/Desktop/Zend-CMS/project/cms/tests/application/controllers/ContentTypeFieldsControllerTest.php" line="51" assertions="4" time="0.008404"/>
      <testcase name="testAdminNoAccess" class="ContentTypeFieldsControllerTest" file="/home/gareth/Desktop/Zend-CMS/project/cms/tests/application/controllers/ContentTypeFieldsControllerTest.php" line="61" assertions="4" time="0.008281"/>
      <testcase name="testAddCorrect" class="ContentTypeFieldsControllerTest" file="/home/gareth/Desktop/Zend-CMS/project/cms/tests/application/controllers/ContentTypeFieldsControllerTest.php" line="71" assertions="4" time="0.139019"/>
      <testcase name="testRequiredInputs" class="ContentTypeFieldsControllerTest" file="/home/gareth/Desktop/Zend-CMS/project/cms/tests/application/controllers/ContentTypeFieldsControllerTest.php" line="94" assertions="4" time="0.091671"/>
      <testcase name="testNameTakenAdd" class="ContentTypeFieldsControllerTest" file="/home/gareth/Desktop/Zend-CMS/project/cms/tests/application/controllers/ContentTypeFieldsControllerTest.php" line="113" assertions="5" time="0.130363"/>
      <testcase name="testAddSecondCorrect" class="ContentTypeFieldsControllerTest" file="/home/gareth/Desktop/Zend-CMS/project/cms/tests/application/controllers/ContentTypeFieldsControllerTest.php" line="137" assertions="4" time="0.128218"/>
      <testcase name="testEditFirstContentTypeField" class="ContentTypeFieldsControllerTest" file="/home/gareth/Desktop/Zend-CMS/project/cms/tests/application/controllers/ContentTypeFieldsControllerTest.php" line="157" assertions="4" time="0.186393"/>
      <testcase name="testCanNameFieldSameAsFieldInOtherType" class="ContentTypeFieldsControllerTest" file="/home/gareth/Desktop/Zend-CMS/project/cms/tests/application/controllers/ContentTypeFieldsControllerTest.php" line="182" assertions="4" time="0.188733"/>
      <testcase name="testNameTakenOnFieldInContentType" class="ContentTypeFieldsControllerTest" file="/home/gareth/Desktop/Zend-CMS/project/cms/tests/application/controllers/ContentTypeFieldsControllerTest.php" line="206" assertions="5" time="0.129111"/>
      <testcase name="testIncorrectArgsEdit" class="ContentTypeFieldsControllerTest" file="/home/gareth/Desktop/Zend-CMS/project/cms/tests/application/controllers/ContentTypeFieldsControllerTest.php" line="240" assertions="3" time="0.064420"/>
      <testcase name="testContentFieldNotFound" class="ContentTypeFieldsControllerTest" file="/home/gareth/Desktop/Zend-CMS/project/cms/tests/application/controllers/ContentTypeFieldsControllerTest.php" line="246" assertions="3" time="0.125506"/>
      <testcase name="testEditCorrectParamButNoContentType" class="ContentTypeFieldsControllerTest" file="/home/gareth/Desktop/Zend-CMS/project/cms/tests/application/controllers/ContentTypeFieldsControllerTest.php" line="255" assertions="3" time="0.010780"/>
      <testcase name="testAddCorrectButNoContentType" class="ContentTypeFieldsControllerTest" file="/home/gareth/Desktop/Zend-CMS/project/cms/tests/application/controllers/ContentTypeFieldsControllerTest.php" line="267" assertions="3" time="0.009135"/>
      <testcase name="testCantLocateRemoveUserId" class="ContentTypeFieldsControllerTest" file="/home/gareth/Desktop/Zend-CMS/project/cms/tests/application/controllers/ContentTypeFieldsControllerTest.php" line="274" assertions="3" time="0.127939"/>
      <testcase name="testCorrectRemoveidNoContentType" class="ContentTypeFieldsControllerTest" file="/home/gareth/Desktop/Zend-CMS/project/cms/tests/application/controllers/ContentTypeFieldsControllerTest.php" line="281" assertions="3" time="0.011269"/>
      <testcase name="testRemoveConfirmActionNoContentType" class="ContentTypeFieldsControllerTest" file="/home/gareth/Desktop/Zend-CMS/project/cms/tests/application/controllers/ContentTypeFieldsControllerTest.php" line="289" assertions="3" time="0.009865"/>
      <testcase name="testRemoveConfirmActionNoId" class="ContentTypeFieldsControllerTest" file="/home/gareth/Desktop/Zend-CMS/project/cms/tests/application/controllers/ContentTypeFieldsControllerTest.php" line="295" assertions="3" time="0.069210"/>
      <testcase name="testRemoveConfirmInccorectId" class="ContentTypeFieldsControllerTest" file="/home/gareth/Desktop/Zend-CMS/project/cms/tests/application/controllers/ContentTypeFieldsControllerTest.php" line="301" assertions="3" time="0.125624"/>
      <testcase name="testRemoveConfirmWithId" class="ContentTypeFieldsControllerTest" file="/home/gareth/Desktop/Zend-CMS/project/cms/tests/application/controllers/ContentTypeFieldsControllerTest.php" line="307" assertions="4" time="0.128843"/>
      <testcase name="testRemoveContentTypeFieldOne" class="ContentTypeFieldsControllerTest" file="/home/gareth/Desktop/Zend-CMS/project/cms/tests/application/controllers/ContentTypeFieldsControllerTest.php" line="318" assertions="4" time="0.133321"/>
      <testcase name="testCleanup" class="ContentTypeFieldsControllerTest" file="/home/gareth/Desktop/Zend-CMS/project/cms/tests/application/controllers/ContentTypeFieldsControllerTest.php" line="334" assertions="2" time="0.010857"/>
    </testsuite>
    <testsuite name="IndexControllerTest" file="/home/gareth/Desktop/Zend-CMS/project/cms/tests/application/controllers/IndexControllerTest.php" tests="31" assertions="129" failures="0" errors="0" time="3.566209">
      <testcase name="testEditorAccessIndex" class="IndexControllerTest" file="/home/gareth/Desktop/Zend-CMS/project/cms/tests/application/controllers/IndexControllerTest.php" line="61" assertions="5" time="0.183904"/>
      <testcase name="testSuperadminAccessIndex" class="IndexControllerTest" file="/home/gareth/Desktop/Zend-CMS/project/cms/tests/application/controllers/IndexControllerTest.php" line="70" assertions="5" time="0.186451"/>
      <testcase name="testEditorCanAddPage" class="IndexControllerTest" file="/home/gareth/Desktop/Zend-CMS/project/cms/tests/application/controllers/IndexControllerTest.php" line="84" assertions="5" time="0.081332"/>
      <testcase name="testSuperAdminCanAddPage" class="IndexControllerTest" file="/home/gareth/Desktop/Zend-CMS/project/cms/tests/application/controllers/IndexControllerTest.php" line="93" assertions="5" time="0.078667"/>
      <testcase name="testAddPageCorrect" class="IndexControllerTest" file="/home/gareth/Desktop/Zend-CMS/project/cms/tests/application/controllers/IndexControllerTest.php" line="102" assertions="4" time="0.247835"/>
      <testcase name="testAddSecondPageCorrect" class="IndexControllerTest" file="/home/gareth/Desktop/Zend-CMS/project/cms/tests/application/controllers/IndexControllerTest.php" line="130" assertions="4" time="0.200494"/>
      <testcase name="testNameTakenAddPage" class="IndexControllerTest" file="/home/gareth/Desktop/Zend-CMS/project/cms/tests/application/controllers/IndexControllerTest.php" line="159" assertions="4" time="0.146510"/>
      <testcase name="testRequiredInputsAdd" class="IndexControllerTest" file="/home/gareth/Desktop/Zend-CMS/project/cms/tests/application/controllers/IndexControllerTest.php" line="183" assertions="4" time="0.081457"/>
      <testcase name="testSuperAdminCanEditPage" class="IndexControllerTest" file="/home/gareth/Desktop/Zend-CMS/project/cms/tests/application/controllers/IndexControllerTest.php" line="204" assertions="6" time="0.141702"/>
      <testcase name="testEditorCanEditPage" class="IndexControllerTest" file="/home/gareth/Desktop/Zend-CMS/project/cms/tests/application/controllers/IndexControllerTest.php" line="219" assertions="6" time="0.133324"/>
      <testcase name="testEditPageOneCorrect" class="IndexControllerTest" file="/home/gareth/Desktop/Zend-CMS/project/cms/tests/application/controllers/IndexControllerTest.php" line="234" assertions="5" time="0.237142"/>
      <testcase name="testNameTakenEditPageOne" class="IndexControllerTest" file="/home/gareth/Desktop/Zend-CMS/project/cms/tests/application/controllers/IndexControllerTest.php" line="263" assertions="4" time="0.193606"/>
      <testcase name="testRequiredInputsEditPage" class="IndexControllerTest" file="/home/gareth/Desktop/Zend-CMS/project/cms/tests/application/controllers/IndexControllerTest.php" line="290" assertions="5" time="0.142879"/>
      <testcase name="testIdPassedToEdit" class="IndexControllerTest" file="/home/gareth/Desktop/Zend-CMS/project/cms/tests/application/controllers/IndexControllerTest.php" line="316" assertions="2" time="0.010783"/>
      <testcase name="testIdPassedButNotFoundEdit" class="IndexControllerTest" file="/home/gareth/Desktop/Zend-CMS/project/cms/tests/application/controllers/IndexControllerTest.php" line="322" assertions="2" time="0.068650"/>
      <testcase name="testEditorAbleToEditAssignment" class="IndexControllerTest" file="/home/gareth/Desktop/Zend-CMS/project/cms/tests/application/controllers/IndexControllerTest.php" line="329" assertions="6" time="0.138311"/>
      <testcase name="testSuperAdminAbleToEditAssignment" class="IndexControllerTest" file="/home/gareth/Desktop/Zend-CMS/project/cms/tests/application/controllers/IndexControllerTest.php" line="343" assertions="6" time="0.134779"/>
      <testcase name="testEditAssignmentCorrect" class="IndexControllerTest" file="/home/gareth/Desktop/Zend-CMS/project/cms/tests/application/controllers/IndexControllerTest.php" line="357" assertions="6" time="0.243003"/>
      <testcase name="testIncorrectFormatArgumentEditAssignment" class="IndexControllerTest" file="/home/gareth/Desktop/Zend-CMS/project/cms/tests/application/controllers/IndexControllerTest.php" line="394" assertions="2" time="0.011093"/>
      <testcase name="testPageNotFoundEditAssignment" class="IndexControllerTest" file="/home/gareth/Desktop/Zend-CMS/project/cms/tests/application/controllers/IndexControllerTest.php" line="400" assertions="2" time="0.071426"/>
      <testcase name="testParseIncorrectFormatSlotEditAssignment" class="IndexControllerTest" file="/home/gareth/Desktop/Zend-CMS/project/cms/tests/application/controllers/IndexControllerTest.php" line="406" assertions="2" time="0.012618"/>
      <testcase name="testParseSlotNotFoundEditAssignment" class="IndexControllerTest" file="/home/gareth/Desktop/Zend-CMS/project/cms/tests/application/controllers/IndexControllerTest.php" line="413" assertions="2" time="0.071242"/>
      <testcase name="testEditorCanRemoveConfirm" class="IndexControllerTest" file="/home/gareth/Desktop/Zend-CMS/project/cms/tests/application/controllers/IndexControllerTest.php" line="420" assertions="6" time="0.071407"/>
      <testcase name="testSuperadminCanRemoveConfirm" class="IndexControllerTest" file="/home/gareth/Desktop/Zend-CMS/project/cms/tests/application/controllers/IndexControllerTest.php" line="434" assertions="6" time="0.075313"/>
      <testcase name="testAdminRemoveConfirm" class="IndexControllerTest" file="/home/gareth/Desktop/Zend-CMS/project/cms/tests/application/controllers/IndexControllerTest.php" line="448" assertions="5" time="0.073833"/>
      <testcase name="testIncorrectFormatArgumentRemoveConfirm" class="IndexControllerTest" file="/home/gareth/Desktop/Zend-CMS/project/cms/tests/application/controllers/IndexControllerTest.php" line="461" assertions="2" time="0.011495"/>
      <testcase name="testPageNotFoundRemoveConfirm" class="IndexControllerTest" file="/home/gareth/Desktop/Zend-CMS/project/cms/tests/application/controllers/IndexControllerTest.php" line="467" assertions="2" time="0.068244"/>
      <testcase name="testRemoveFirstPageCorrect" class="IndexControllerTest" file="/home/gareth/Desktop/Zend-CMS/project/cms/tests/application/controllers/IndexControllerTest.php" line="473" assertions="6" time="0.173056"/>
      <testcase name="testIncorrectArgsRemove" class="IndexControllerTest" file="/home/gareth/Desktop/Zend-CMS/project/cms/tests/application/controllers/IndexControllerTest.php" line="493" assertions="2" time="0.011659"/>
      <testcase name="testIdButNotFoundRemove" class="IndexControllerTest" file="/home/gareth/Desktop/Zend-CMS/project/cms/tests/application/controllers/IndexControllerTest.php" line="499" assertions="2" time="0.112233"/>
      <testcase name="testRemoveSecondPageCorrect" class="IndexControllerTest" file="/home/gareth/Desktop/Zend-CMS/project/cms/tests/application/controllers/IndexControllerTest.php" line="505" assertions="6" time="0.151760"/>
    </testsuite>
    <testsuite name="UserControllerTest" file="/home/gareth/Desktop/Zend-CMS/project/cms/tests/application/controllers/UserControllerTest.php" tests="32" assertions="90" failures="0" errors="0" time="2.578207">
      <testcase name="testLandOnIndexPage" class="UserControllerTest" file="/home/gareth/Desktop/Zend-CMS/project/cms/tests/application/controllers/UserControllerTest.php" line="33" assertions="3" time="0.013715"/>
      <testcase name="testLoginPage" class="UserControllerTest" file="/home/gareth/Desktop/Zend-CMS/project/cms/tests/application/controllers/UserControllerTest.php" line="42" assertions="4" time="0.049986"/>
      <testcase name="testLoginCorrect" class="UserControllerTest" file="/home/gareth/Desktop/Zend-CMS/project/cms/tests/application/controllers/UserControllerTest.php" line="53" assertions="2" time="0.018212"/>
      <testcase name="testInCorrectLogin" class="UserControllerTest" file="/home/gareth/Desktop/Zend-CMS/project/cms/tests/application/controllers/UserControllerTest.php" line="72" assertions="2" time="0.034769"/>
      <testcase name="testEditorNoAccessAdmin" class="UserControllerTest" file="/home/gareth/Desktop/Zend-CMS/project/cms/tests/application/controllers/UserControllerTest.php" line="88" assertions="3" time="0.012721"/>
      <testcase name="testAdminHasAccessAdmin" class="UserControllerTest" file="/home/gareth/Desktop/Zend-CMS/project/cms/tests/application/controllers/UserControllerTest.php" line="98" assertions="5" time="0.073385"/>
      <testcase name="testAddUserCorrect" class="UserControllerTest" file="/home/gareth/Desktop/Zend-CMS/project/cms/tests/application/controllers/UserControllerTest.php" line="108" assertions="3" time="0.172306"/>
      <testcase name="testRequiredInputsUserForm" class="UserControllerTest" file="/home/gareth/Desktop/Zend-CMS/project/cms/tests/application/controllers/UserControllerTest.php" line="132" assertions="8" time="0.061361"/>
      <testcase name="testPasswordsDontMatch" class="UserControllerTest" file="/home/gareth/Desktop/Zend-CMS/project/cms/tests/application/controllers/UserControllerTest.php" line="159" assertions="3" time="0.055073"/>
      <testcase name="testUserNameTakenAdd" class="UserControllerTest" file="/home/gareth/Desktop/Zend-CMS/project/cms/tests/application/controllers/UserControllerTest.php" line="176" assertions="3" time="0.117490"/>
      <testcase name="testUserEmailAddressTakenAdd" class="UserControllerTest" file="/home/gareth/Desktop/Zend-CMS/project/cms/tests/application/controllers/UserControllerTest.php" line="194" assertions="3" time="0.111975"/>
      <testcase name="testEditUser" class="UserControllerTest" file="/home/gareth/Desktop/Zend-CMS/project/cms/tests/application/controllers/UserControllerTest.php" line="214" assertions="3" time="0.185035"/>
      <testcase name="testAddSecondUser" class="UserControllerTest" file="/home/gareth/Desktop/Zend-CMS/project/cms/tests/application/controllers/UserControllerTest.php" line="241" assertions="3" time="0.126258"/>
      <testcase name="testUserNameTakenEdit" class="UserControllerTest" file="/home/gareth/Desktop/Zend-CMS/project/cms/tests/application/controllers/UserControllerTest.php" line="259" assertions="3" time="0.181107"/>
      <testcase name="testUserEmailAddressTakenEdit" class="UserControllerTest" file="/home/gareth/Desktop/Zend-CMS/project/cms/tests/application/controllers/UserControllerTest.php" line="283" assertions="3" time="0.182289"/>
      <testcase name="testIncorrectArgsEdit" class="UserControllerTest" file="/home/gareth/Desktop/Zend-CMS/project/cms/tests/application/controllers/UserControllerTest.php" line="304" assertions="2" time="0.012799"/>
      <testcase name="testUserNotFoundEdit" class="UserControllerTest" file="/home/gareth/Desktop/Zend-CMS/project/cms/tests/application/controllers/UserControllerTest.php" line="310" assertions="2" time="0.072306"/>
      <testcase name="testLogout" class="UserControllerTest" file="/home/gareth/Desktop/Zend-CMS/project/cms/tests/application/controllers/UserControllerTest.php" line="316" assertions="2" time="0.012848"/>
      <testcase name="testCantLocateRemoveUserId" class="UserControllerTest" file="/home/gareth/Desktop/Zend-CMS/project/cms/tests/application/controllers/UserControllerTest.php" line="322" assertions="3" time="0.073264"/>
      <testcase name="testCantRemoveUserIdIncorrect" class="UserControllerTest" file="/home/gareth/Desktop/Zend-CMS/project/cms/tests/application/controllers/UserControllerTest.php" line="332" assertions="3" time="0.014730"/>
      <testcase name="testRemoveUser" class="UserControllerTest" file="/home/gareth/Desktop/Zend-CMS/project/cms/tests/application/controllers/UserControllerTest.php" line="343" assertions="3" time="0.123349"/>
      <testcase name="testRemoveUserConfirmAction" class="UserControllerTest" file="/home/gareth/Desktop/Zend-CMS/project/cms/tests/application/controllers/UserControllerTest.php" line="357" assertions="2" time="0.013163"/>
      <testcase name="testRemoveUserConfirmWithId" class="UserControllerTest" file="/home/gareth/Desktop/Zend-CMS/project/cms/tests/application/controllers/UserControllerTest.php" line="363" assertions="2" time="0.076171"/>
      <testcase name="testRemoveUserConfirmInccorectId" class="UserControllerTest" file="/home/gareth/Desktop/Zend-CMS/project/cms/tests/application/controllers/UserControllerTest.php" line="370" assertions="2" time="0.072748"/>
      <testcase name="testShownForgotPasswordLink" class="UserControllerTest" file="/home/gareth/Desktop/Zend-CMS/project/cms/tests/application/controllers/UserControllerTest.php" line="376" assertions="2" time="0.106313"/>
      <testcase name="testForgotPasswordActionAndContent" class="UserControllerTest" file="/home/gareth/Desktop/Zend-CMS/project/cms/tests/application/controllers/UserControllerTest.php" line="407" assertions="3" time="0.028362"/>
      <testcase name="testForgotPasswordSubmitNoAccountFound" class="UserControllerTest" file="/home/gareth/Desktop/Zend-CMS/project/cms/tests/application/controllers/UserControllerTest.php" line="417" assertions="2" time="0.087785"/>
      <testcase name="testForgotPasswordAccountFound" class="UserControllerTest" file="/home/gareth/Desktop/Zend-CMS/project/cms/tests/application/controllers/UserControllerTest.php" line="434" assertions="2" time="0.188217"/>
      <testcase name="testActivatePasswordAction" class="UserControllerTest" file="/home/gareth/Desktop/Zend-CMS/project/cms/tests/application/controllers/UserControllerTest.php" line="452" assertions="2" time="0.015775"/>
      <testcase name="testActivatePasswordIncorrectHash" class="UserControllerTest" file="/home/gareth/Desktop/Zend-CMS/project/cms/tests/application/controllers/UserControllerTest.php" line="462" assertions="2" time="0.017728"/>
      <testcase name="testActivatePasswordCorrectHash" class="UserControllerTest" file="/home/gareth/Desktop/Zend-CMS/project/cms/tests/application/controllers/UserControllerTest.php" line="473" assertions="2" time="0.098332"/>
      <testcase name="testActivatePasswordComplete" class="UserControllerTest" file="/home/gareth/Desktop/Zend-CMS/project/cms/tests/application/controllers/UserControllerTest.php" line="485" assertions="3" time="0.168635"/>
    </testsuite>
    <testsuite name="ApiControllerTest" file="/home/gareth/Desktop/Zend-CMS/project/cms/tests/application/controllers/ApiControllerTest.php" tests="20" assertions="57" failures="0" errors="0" time="1.560537">
      <testcase name="testLandOnIndexPage" class="ApiControllerTest" file="/home/gareth/Desktop/Zend-CMS/project/cms/tests/application/controllers/ApiControllerTest.php" line="32" assertions="3" time="0.014326"/>
      <testcase name="testEditorNoAccessAdmin" class="ApiControllerTest" file="/home/gareth/Desktop/Zend-CMS/project/cms/tests/application/controllers/ApiControllerTest.php" line="40" assertions="3" time="0.013989"/>
      <testcase name="testAdminHasAccessAdmin" class="ApiControllerTest" file="/home/gareth/Desktop/Zend-CMS/project/cms/tests/application/controllers/ApiControllerTest.php" line="50" assertions="5" time="0.075903"/>
      <testcase name="testAddUserCorrect" class="ApiControllerTest" file="/home/gareth/Desktop/Zend-CMS/project/cms/tests/application/controllers/ApiControllerTest.php" line="60" assertions="3" time="0.079325"/>
      <testcase name="testAddSecondUser" class="ApiControllerTest" file="/home/gareth/Desktop/Zend-CMS/project/cms/tests/application/controllers/ApiControllerTest.php" line="80" assertions="3" time="0.077950"/>
      <testcase name="testRequiredInputsApiForm" class="ApiControllerTest" file="/home/gareth/Desktop/Zend-CMS/project/cms/tests/application/controllers/ApiControllerTest.php" line="95" assertions="4" time="0.045888"/>
      <testcase name="testRefTakenAdd" class="ApiControllerTest" file="/home/gareth/Desktop/Zend-CMS/project/cms/tests/application/controllers/ApiControllerTest.php" line="117" assertions="3" time="0.124185"/>
      <testcase name="testKeyTakenAdd" class="ApiControllerTest" file="/home/gareth/Desktop/Zend-CMS/project/cms/tests/application/controllers/ApiControllerTest.php" line="136" assertions="3" time="0.100903"/>
      <testcase name="testEditUser" class="ApiControllerTest" file="/home/gareth/Desktop/Zend-CMS/project/cms/tests/application/controllers/ApiControllerTest.php" line="158" assertions="3" time="0.141656"/>
      <testcase name="testResetUserOne" class="ApiControllerTest" file="/home/gareth/Desktop/Zend-CMS/project/cms/tests/application/controllers/ApiControllerTest.php" line="182" assertions="3" time="0.139248"/>
      <testcase name="testRefTakenEdit" class="ApiControllerTest" file="/home/gareth/Desktop/Zend-CMS/project/cms/tests/application/controllers/ApiControllerTest.php" line="207" assertions="3" time="0.166087"/>
      <testcase name="testKeyTakenEdit" class="ApiControllerTest" file="/home/gareth/Desktop/Zend-CMS/project/cms/tests/application/controllers/ApiControllerTest.php" line="230" assertions="3" time="0.159413"/>
      <testcase name="testIncorrectArgsEdit" class="ApiControllerTest" file="/home/gareth/Desktop/Zend-CMS/project/cms/tests/application/controllers/ApiControllerTest.php" line="251" assertions="2" time="0.015055"/>
      <testcase name="testApiUserNotFoundEdit" class="ApiControllerTest" file="/home/gareth/Desktop/Zend-CMS/project/cms/tests/application/controllers/ApiControllerTest.php" line="257" assertions="2" time="0.077199"/>
      <testcase name="testCantLocateRemoveUserId" class="ApiControllerTest" file="/home/gareth/Desktop/Zend-CMS/project/cms/tests/application/controllers/ApiControllerTest.php" line="263" assertions="3" time="0.071419"/>
      <testcase name="testCantRemoveUserIdIncorrect" class="ApiControllerTest" file="/home/gareth/Desktop/Zend-CMS/project/cms/tests/application/controllers/ApiControllerTest.php" line="273" assertions="3" time="0.016446"/>
      <testcase name="testRemoveUser" class="ApiControllerTest" file="/home/gareth/Desktop/Zend-CMS/project/cms/tests/application/controllers/ApiControllerTest.php" line="284" assertions="2" time="0.071811"/>
      <testcase name="testRemoveUserConfirmAction" class="ApiControllerTest" file="/home/gareth/Desktop/Zend-CMS/project/cms/tests/application/controllers/ApiControllerTest.php" line="298" assertions="2" time="0.015238"/>
      <testcase name="testRemoveUserConfirmWithId" class="ApiControllerTest" file="/home/gareth/Desktop/Zend-CMS/project/cms/tests/application/controllers/ApiControllerTest.php" line="304" assertions="2" time="0.079773"/>
      <testcase name="testRemoveUserConfirmIncorrectId" class="ApiControllerTest" file="/home/gareth/Desktop/Zend-CMS/project/cms/tests/application/controllers/ApiControllerTest.php" line="314" assertions="2" time="0.074723"/>
    </testsuite>
    <testsuite name="ContentTypesControllerTest" file="/home/gareth/Desktop/Zend-CMS/project/cms/tests/application/controllers/ContentTypesControllerTest.php" tests="14" assertions="55" failures="0" errors="0" time="0.847982">
      <testcase name="testLandOnIndexPage" class="ContentTypesControllerTest" file="/home/gareth/Desktop/Zend-CMS/project/cms/tests/application/controllers/ContentTypesControllerTest.php" line="34" assertions="6" time="0.075808"/>
      <testcase name="testEditorNoAccess" class="ContentTypesControllerTest" file="/home/gareth/Desktop/Zend-CMS/project/cms/tests/application/controllers/ContentTypesControllerTest.php" line="45" assertions="4" time="0.015044"/>
      <testcase name="testAdminNoAccess" class="ContentTypesControllerTest" file="/home/gareth/Desktop/Zend-CMS/project/cms/tests/application/controllers/ContentTypesControllerTest.php" line="55" assertions="4" time="0.015689"/>
      <testcase name="testAddCorrect" class="ContentTypesControllerTest" file="/home/gareth/Desktop/Zend-CMS/project/cms/tests/application/controllers/ContentTypesControllerTest.php" line="66" assertions="5" time="0.078997"/>
      <testcase name="testRequiredInputs" class="ContentTypesControllerTest" file="/home/gareth/Desktop/Zend-CMS/project/cms/tests/application/controllers/ContentTypesControllerTest.php" line="84" assertions="4" time="0.036220"/>
      <testcase name="testNameTakenAdd" class="ContentTypesControllerTest" file="/home/gareth/Desktop/Zend-CMS/project/cms/tests/application/controllers/ContentTypesControllerTest.php" line="103" assertions="5" time="0.079630"/>
      <testcase name="testEditUser" class="ContentTypesControllerTest" file="/home/gareth/Desktop/Zend-CMS/project/cms/tests/application/controllers/ContentTypesControllerTest.php" line="124" assertions="4" time="0.133032"/>
      <testcase name="testIncorrectArgsEdit" class="ContentTypesControllerTest" file="/home/gareth/Desktop/Zend-CMS/project/cms/tests/application/controllers/ContentTypesControllerTest.php" line="142" assertions="3" time="0.015415"/>
      <testcase name="testContentTypeNotFoundEdit" class="ContentTypesControllerTest" file="/home/gareth/Desktop/Zend-CMS/project/cms/tests/application/controllers/ContentTypesControllerTest.php" line="148" assertions="3" time="0.075581"/>
      <testcase name="testCantLocateRemoveUserId" class="ContentTypesControllerTest" file="/home/gareth/Desktop/Zend-CMS/project/cms/tests/application/controllers/ContentTypesControllerTest.php" line="155" assertions="4" time="0.075075"/>
      <testcase name="testRemoveConfirmAction" class="ContentTypesControllerTest" file="/home/gareth/Desktop/Zend-CMS/project/cms/tests/application/controllers/ContentTypesControllerTest.php" line="165" assertions="3" time="0.015998"/>
      <testcase name="testRemoveConfirmWithId" class="ContentTypesControllerTest" file="/home/gareth/Desktop/Zend-CMS/project/cms/tests/application/controllers/ContentTypesControllerTest.php" line="171" assertions="3" time="0.077210"/>
      <testcase name="testRemoveConfirmInccorectId" class="ContentTypesControllerTest" file="/home/gareth/Desktop/Zend-CMS/project/cms/tests/application/controllers/ContentTypesControllerTest.php" line="178" assertions="3" time="0.074542"/>
      <testcase name="testRemoveContentType" class="ContentTypesControllerTest" file="/home/gareth/Desktop/Zend-CMS/project/cms/tests/application/controllers/ContentTypesControllerTest.php" line="185" assertions="4" time="0.079741"/>
    </testsuite>
    <testsuite name="ContentControllerTest" file="/home/gareth/Desktop/Zend-CMS/project/cms/tests/application/controllers/ContentControllerTest.php" tests="21" assertions="79" failures="0" errors="0" time="2.462400">
      <testcase name="testIndexPage" class="ContentControllerTest" file="/home/gareth/Desktop/Zend-CMS/project/cms/tests/application/controllers/ContentControllerTest.php" line="42" assertions="5" time="0.076862"/>
      <testcase name="testEditorHasAccessIndex" class="ContentControllerTest" file="/home/gareth/Desktop/Zend-CMS/project/cms/tests/application/controllers/ContentControllerTest.php" line="52" assertions="6" time="0.080109"/>
      <testcase name="testEditorAccessAdd" class="ContentControllerTest" file="/home/gareth/Desktop/Zend-CMS/project/cms/tests/application/controllers/ContentControllerTest.php" line="65" assertions="6" time="0.161386"/>
      <testcase name="testAdminAccessAddAction" class="ContentControllerTest" file="/home/gareth/Desktop/Zend-CMS/project/cms/tests/application/controllers/ContentControllerTest.php" line="79" assertions="5" time="0.161093"/>
      <testcase name="testAddContentCorrect" class="ContentControllerTest" file="/home/gareth/Desktop/Zend-CMS/project/cms/tests/application/controllers/ContentControllerTest.php" line="90" assertions="5" time="0.200025"/>
      <testcase name="testAddContentCorrectSecond" class="ContentControllerTest" file="/home/gareth/Desktop/Zend-CMS/project/cms/tests/application/controllers/ContentControllerTest.php" line="130" assertions="5" time="0.202144"/>
      <testcase name="testRefTakenAdd" class="ContentControllerTest" file="/home/gareth/Desktop/Zend-CMS/project/cms/tests/application/controllers/ContentControllerTest.php" line="171" assertions="4" time="0.224284"/>
      <testcase name="testAddActionIncorrectArgsText" class="ContentControllerTest" file="/home/gareth/Desktop/Zend-CMS/project/cms/tests/application/controllers/ContentControllerTest.php" line="204" assertions="2" time="0.016404"/>
      <testcase name="testAddActionNotFoundArg" class="ContentControllerTest" file="/home/gareth/Desktop/Zend-CMS/project/cms/tests/application/controllers/ContentControllerTest.php" line="212" assertions="2" time="0.077432"/>
      <testcase name="testEditContentCorrect" class="ContentControllerTest" file="/home/gareth/Desktop/Zend-CMS/project/cms/tests/application/controllers/ContentControllerTest.php" line="218" assertions="5" time="0.200827"/>
      <testcase name="testEditRefTheSameShouldWork" class="ContentControllerTest" file="/home/gareth/Desktop/Zend-CMS/project/cms/tests/application/controllers/ContentControllerTest.php" line="260" assertions="4" time="0.201208"/>
      <testcase name="testEditContentRefTaken" class="ContentControllerTest" file="/home/gareth/Desktop/Zend-CMS/project/cms/tests/application/controllers/ContentControllerTest.php" line="295" assertions="4" time="0.225328"/>
      <testcase name="testEditContentIcorrectArgs" class="ContentControllerTest" file="/home/gareth/Desktop/Zend-CMS/project/cms/tests/application/controllers/ContentControllerTest.php" line="328" assertions="2" time="0.016808"/>
      <testcase name="testEditContentNotFoundArgs" class="ContentControllerTest" file="/home/gareth/Desktop/Zend-CMS/project/cms/tests/application/controllers/ContentControllerTest.php" line="334" assertions="2" time="0.077364"/>
      <testcase name="testRemoveContentIncorrectId" class="ContentControllerTest" file="/home/gareth/Desktop/Zend-CMS/project/cms/tests/application/controllers/ContentControllerTest.php" line="341" assertions="2" time="0.076724"/>
      <testcase name="testRemoveContentInocrrectFormatArgs" class="ContentControllerTest" file="/home/gareth/Desktop/Zend-CMS/project/cms/tests/application/controllers/ContentControllerTest.php" line="348" assertions="2" time="0.017085"/>
      <testcase name="testRemoveConfirmNoIdFound" class="ContentControllerTest" file="/home/gareth/Desktop/Zend-CMS/project/cms/tests/application/controllers/ContentControllerTest.php" line="355" assertions="2" time="0.073779"/>
      <testcase name="testRemoveConfirmIncorrectFormatId" class="ContentControllerTest" file="/home/gareth/Desktop/Zend-CMS/project/cms/tests/application/controllers/ContentControllerTest.php" line="362" assertions="2" time="0.017251"/>
      <testcase name="testRemoveConfirmContentCorrect" class="ContentControllerTest" file="/home/gareth/Desktop/Zend-CMS/project/cms/tests/application/controllers/ContentControllerTest.php" line="369" assertions="6" time="0.084884"/>
      <testcase name="testRemoveContentForReal" class="ContentControllerTest" file="/home/gareth/Desktop/Zend-CMS/project/cms/tests/application/controllers/ContentControllerTest.php" line="389" assertions="4" time="0.133750"/>
      <testcase name="testRemoveDuplicateContentCorrect" class="ContentControllerTest" file="/home/gareth/Desktop/Zend-CMS/project/cms/tests/application/controllers/ContentControllerTest.php" line="408" assertions="4" time="0.137653"/>
    </testsuite>
    <testsuite name="TemplatesControllerTest" file="/home/gareth/Desktop/Zend-CMS/project/cms/tests/application/controllers/TemplatesControllerTest.php" tests="21" assertions="86" failures="0" errors="0" time="2.187076">
      <testcase name="testIndexPage" class="TemplatesControllerTest" file="/home/gareth/Desktop/Zend-CMS/project/cms/tests/application/controllers/TemplatesControllerTest.php" line="47" assertions="6" time="0.079166"/>
      <testcase name="testEditorHasNoAccessIndex" class="TemplatesControllerTest" file="/home/gareth/Desktop/Zend-CMS/project/cms/tests/application/controllers/TemplatesControllerTest.php" line="57" assertions="4" time="0.017777"/>
      <testcase name="testEditorHasNoAccessAdd" class="TemplatesControllerTest" file="/home/gareth/Desktop/Zend-CMS/project/cms/tests/application/controllers/TemplatesControllerTest.php" line="64" assertions="4" time="0.021143"/>
      <testcase name="testAdminNoAccessIndex" class="TemplatesControllerTest" file="/home/gareth/Desktop/Zend-CMS/project/cms/tests/application/controllers/TemplatesControllerTest.php" line="71" assertions="4" time="0.017417"/>
      <testcase name="testAdminNoAccessAdd" class="TemplatesControllerTest" file="/home/gareth/Desktop/Zend-CMS/project/cms/tests/application/controllers/TemplatesControllerTest.php" line="78" assertions="4" time="0.018457"/>
      <testcase name="testSuperAdminAccessAdd" class="TemplatesControllerTest" file="/home/gareth/Desktop/Zend-CMS/project/cms/tests/application/controllers/TemplatesControllerTest.php" line="85" assertions="6" time="0.130489"/>
      <testcase name="testAddTemplateCorrect" class="TemplatesControllerTest" file="/home/gareth/Desktop/Zend-CMS/project/cms/tests/application/controllers/TemplatesControllerTest.php" line="97" assertions="5" time="0.232167"/>
      <testcase name="testAddSecondTemplateCorrect" class="TemplatesControllerTest" file="/home/gareth/Desktop/Zend-CMS/project/cms/tests/application/controllers/TemplatesControllerTest.php" line="124" assertions="5" time="0.216699"/>
      <testcase name="testNameTakenAdd" class="TemplatesControllerTest" file="/home/gareth/Desktop/Zend-CMS/project/cms/tests/application/controllers/TemplatesControllerTest.php" line="150" assertions="4" time="0.186779"/>
      <testcase name="testRequiredInputsAdd" class="TemplatesControllerTest" file="/home/gareth/Desktop/Zend-CMS/project/cms/tests/application/controllers/TemplatesControllerTest.php" line="170" assertions="4" time="0.129959"/>
      <testcase name="testEditFirstTemplateCorrect" class="TemplatesControllerTest" file="/home/gareth/Desktop/Zend-CMS/project/cms/tests/application/controllers/TemplatesControllerTest.php" line="189" assertions="4" time="0.259332"/>
      <testcase name="testNameTakenEdit" class="TemplatesControllerTest" file="/home/gareth/Desktop/Zend-CMS/project/cms/tests/application/controllers/TemplatesControllerTest.php" line="224" assertions="4" time="0.249730"/>
      <testcase name="testIdPassedToEdit" class="TemplatesControllerTest" file="/home/gareth/Desktop/Zend-CMS/project/cms/tests/application/controllers/TemplatesControllerTest.php" line="253" assertions="3" time="0.019275"/>
      <testcase name="testIdPassedButNotFoundEdit" class="TemplatesControllerTest" file="/home/gareth/Desktop/Zend-CMS/project/cms/tests/application/controllers/TemplatesControllerTest.php" line="259" assertions="3" time="0.078108"/>
      <testcase name="testRemoveConfirmCorrect" class="TemplatesControllerTest" file="/home/gareth/Desktop/Zend-CMS/project/cms/tests/application/controllers/TemplatesControllerTest.php" line="265" assertions="6" time="0.084476"/>
      <testcase name="testIncorrectFormatArgumentRemoveConfirm" class="TemplatesControllerTest" file="/home/gareth/Desktop/Zend-CMS/project/cms/tests/application/controllers/TemplatesControllerTest.php" line="278" assertions="3" time="0.018730"/>
      <testcase name="testTemplateNotFoundRemoveConfirm" class="TemplatesControllerTest" file="/home/gareth/Desktop/Zend-CMS/project/cms/tests/application/controllers/TemplatesControllerTest.php" line="284" assertions="3" time="0.075233"/>
      <testcase name="testRemoveTemplateCorrect" class="TemplatesControllerTest" file="/home/gareth/Desktop/Zend-CMS/project/cms/tests/application/controllers/TemplatesControllerTest.php" line="290" assertions="4" time="0.135806"/>
      <testcase name="testIncorrectArgsRemove" class="TemplatesControllerTest" file="/home/gareth/Desktop/Zend-CMS/project/cms/tests/application/controllers/TemplatesControllerTest.php" line="304" assertions="3" time="0.018650"/>
      <testcase name="testIdButNotFoundRemove" class="TemplatesControllerTest" file="/home/gareth/Desktop/Zend-CMS/project/cms/tests/application/controllers/TemplatesControllerTest.php" line="310" assertions="3" time="0.078824"/>
      <testcase name="testRemoveSecondTemplate" class="TemplatesControllerTest" file="/home/gareth/Desktop/Zend-CMS/project/cms/tests/application/controllers/TemplatesControllerTest.php" line="316" assertions="4" time="0.118859"/>
    </testsuite>
  </testsuite>
</testsuites>
