<?xml version="1.0" encoding="UTF-8"?>
<testsuites>
  <testsuite name="Application Test Suite" tests="132" assertions="456" failures="0" errors="0" time="11.512085">
    <testsuite name="ContentTypeFieldsControllerTest" file="/home/gareth/Desktop/Zend-CMS/project/cms/tests/application/controllers/ContentTypeFieldsControllerTest.php" tests="23" assertions="84" failures="0" errors="0" time="2.128891">
      <testcase name="testNoParamsIndexPage" class="ContentTypeFieldsControllerTest" file="/home/gareth/Desktop/Zend-CMS/project/cms/tests/application/controllers/ContentTypeFieldsControllerTest.php" line="33" assertions="3" time="0.063593"/>
      <testcase name="testIndexPage" class="ContentTypeFieldsControllerTest" file="/home/gareth/Desktop/Zend-CMS/project/cms/tests/application/controllers/ContentTypeFieldsControllerTest.php" line="40" assertions="6" time="0.187272"/>
      <testcase name="testEditorNoAccess" class="ContentTypeFieldsControllerTest" file="/home/gareth/Desktop/Zend-CMS/project/cms/tests/application/controllers/ContentTypeFieldsControllerTest.php" line="51" assertions="4" time="0.010349"/>
      <testcase name="testAdminNoAccess" class="ContentTypeFieldsControllerTest" file="/home/gareth/Desktop/Zend-CMS/project/cms/tests/application/controllers/ContentTypeFieldsControllerTest.php" line="61" assertions="4" time="0.008935"/>
      <testcase name="testAddCorrect" class="ContentTypeFieldsControllerTest" file="/home/gareth/Desktop/Zend-CMS/project/cms/tests/application/controllers/ContentTypeFieldsControllerTest.php" line="71" assertions="4" time="0.157297"/>
      <testcase name="testRequiredInputs" class="ContentTypeFieldsControllerTest" file="/home/gareth/Desktop/Zend-CMS/project/cms/tests/application/controllers/ContentTypeFieldsControllerTest.php" line="94" assertions="4" time="0.098964"/>
      <testcase name="testNameTakenAdd" class="ContentTypeFieldsControllerTest" file="/home/gareth/Desktop/Zend-CMS/project/cms/tests/application/controllers/ContentTypeFieldsControllerTest.php" line="113" assertions="5" time="0.142103"/>
      <testcase name="testAddSecondCorrect" class="ContentTypeFieldsControllerTest" file="/home/gareth/Desktop/Zend-CMS/project/cms/tests/application/controllers/ContentTypeFieldsControllerTest.php" line="137" assertions="4" time="0.126490"/>
      <testcase name="testEditFirstContentTypeField" class="ContentTypeFieldsControllerTest" file="/home/gareth/Desktop/Zend-CMS/project/cms/tests/application/controllers/ContentTypeFieldsControllerTest.php" line="157" assertions="4" time="0.208265"/>
      <testcase name="testCanNameFieldSameAsFieldInOtherType" class="ContentTypeFieldsControllerTest" file="/home/gareth/Desktop/Zend-CMS/project/cms/tests/application/controllers/ContentTypeFieldsControllerTest.php" line="182" assertions="4" time="0.184292"/>
      <testcase name="testNameTakenOnFieldInContentType" class="ContentTypeFieldsControllerTest" file="/home/gareth/Desktop/Zend-CMS/project/cms/tests/application/controllers/ContentTypeFieldsControllerTest.php" line="206" assertions="5" time="0.129309"/>
      <testcase name="testIncorrectArgsEdit" class="ContentTypeFieldsControllerTest" file="/home/gareth/Desktop/Zend-CMS/project/cms/tests/application/controllers/ContentTypeFieldsControllerTest.php" line="240" assertions="3" time="0.065125"/>
      <testcase name="testContentFieldNotFound" class="ContentTypeFieldsControllerTest" file="/home/gareth/Desktop/Zend-CMS/project/cms/tests/application/controllers/ContentTypeFieldsControllerTest.php" line="246" assertions="3" time="0.123402"/>
      <testcase name="testEditCorrectParamButNoContentType" class="ContentTypeFieldsControllerTest" file="/home/gareth/Desktop/Zend-CMS/project/cms/tests/application/controllers/ContentTypeFieldsControllerTest.php" line="255" assertions="3" time="0.010827"/>
      <testcase name="testAddCorrectButNoContentType" class="ContentTypeFieldsControllerTest" file="/home/gareth/Desktop/Zend-CMS/project/cms/tests/application/controllers/ContentTypeFieldsControllerTest.php" line="267" assertions="3" time="0.009118"/>
      <testcase name="testCantLocateRemoveUserId" class="ContentTypeFieldsControllerTest" file="/home/gareth/Desktop/Zend-CMS/project/cms/tests/application/controllers/ContentTypeFieldsControllerTest.php" line="274" assertions="3" time="0.125755"/>
      <testcase name="testCorrectRemoveidNoContentType" class="ContentTypeFieldsControllerTest" file="/home/gareth/Desktop/Zend-CMS/project/cms/tests/application/controllers/ContentTypeFieldsControllerTest.php" line="281" assertions="3" time="0.011306"/>
      <testcase name="testRemoveConfirmActionNoContentType" class="ContentTypeFieldsControllerTest" file="/home/gareth/Desktop/Zend-CMS/project/cms/tests/application/controllers/ContentTypeFieldsControllerTest.php" line="289" assertions="3" time="0.010146"/>
      <testcase name="testRemoveConfirmActionNoId" class="ContentTypeFieldsControllerTest" file="/home/gareth/Desktop/Zend-CMS/project/cms/tests/application/controllers/ContentTypeFieldsControllerTest.php" line="295" assertions="3" time="0.065344"/>
      <testcase name="testRemoveConfirmInccorectId" class="ContentTypeFieldsControllerTest" file="/home/gareth/Desktop/Zend-CMS/project/cms/tests/application/controllers/ContentTypeFieldsControllerTest.php" line="301" assertions="3" time="0.122444"/>
      <testcase name="testRemoveConfirmWithId" class="ContentTypeFieldsControllerTest" file="/home/gareth/Desktop/Zend-CMS/project/cms/tests/application/controllers/ContentTypeFieldsControllerTest.php" line="307" assertions="4" time="0.125014"/>
      <testcase name="testRemoveContentTypeFieldOne" class="ContentTypeFieldsControllerTest" file="/home/gareth/Desktop/Zend-CMS/project/cms/tests/application/controllers/ContentTypeFieldsControllerTest.php" line="318" assertions="4" time="0.133052"/>
      <testcase name="testCleanup" class="ContentTypeFieldsControllerTest" file="/home/gareth/Desktop/Zend-CMS/project/cms/tests/application/controllers/ContentTypeFieldsControllerTest.php" line="334" assertions="2" time="0.010488"/>
    </testsuite>
    <testsuite name="IndexControllerTest" file="/home/gareth/Desktop/Zend-CMS/project/cms/tests/application/controllers/IndexControllerTest.php" tests="1" assertions="5" failures="0" errors="0" time="0.125698">
      <testcase name="testLandOnIndexPage" class="IndexControllerTest" file="/home/gareth/Desktop/Zend-CMS/project/cms/tests/application/controllers/IndexControllerTest.php" line="24" assertions="5" time="0.125698"/>
    </testsuite>
    <testsuite name="UserControllerTest" file="/home/gareth/Desktop/Zend-CMS/project/cms/tests/application/controllers/UserControllerTest.php" tests="32" assertions="90" failures="0" errors="0" time="2.575917">
      <testcase name="testLandOnIndexPage" class="UserControllerTest" file="/home/gareth/Desktop/Zend-CMS/project/cms/tests/application/controllers/UserControllerTest.php" line="33" assertions="3" time="0.012109"/>
      <testcase name="testLoginPage" class="UserControllerTest" file="/home/gareth/Desktop/Zend-CMS/project/cms/tests/application/controllers/UserControllerTest.php" line="42" assertions="4" time="0.027109"/>
      <testcase name="testLoginCorrect" class="UserControllerTest" file="/home/gareth/Desktop/Zend-CMS/project/cms/tests/application/controllers/UserControllerTest.php" line="53" assertions="2" time="0.014314"/>
      <testcase name="testInCorrectLogin" class="UserControllerTest" file="/home/gareth/Desktop/Zend-CMS/project/cms/tests/application/controllers/UserControllerTest.php" line="72" assertions="2" time="0.026712"/>
      <testcase name="testEditorNoAccessAdmin" class="UserControllerTest" file="/home/gareth/Desktop/Zend-CMS/project/cms/tests/application/controllers/UserControllerTest.php" line="88" assertions="3" time="0.010282"/>
      <testcase name="testAdminHasAccessAdmin" class="UserControllerTest" file="/home/gareth/Desktop/Zend-CMS/project/cms/tests/application/controllers/UserControllerTest.php" line="98" assertions="5" time="0.069740"/>
      <testcase name="testAddUserCorrect" class="UserControllerTest" file="/home/gareth/Desktop/Zend-CMS/project/cms/tests/application/controllers/UserControllerTest.php" line="108" assertions="3" time="0.219811"/>
      <testcase name="testRequiredInputsUserForm" class="UserControllerTest" file="/home/gareth/Desktop/Zend-CMS/project/cms/tests/application/controllers/UserControllerTest.php" line="132" assertions="8" time="0.049664"/>
      <testcase name="testPasswordsDontMatch" class="UserControllerTest" file="/home/gareth/Desktop/Zend-CMS/project/cms/tests/application/controllers/UserControllerTest.php" line="159" assertions="3" time="0.041858"/>
      <testcase name="testUserNameTakenAdd" class="UserControllerTest" file="/home/gareth/Desktop/Zend-CMS/project/cms/tests/application/controllers/UserControllerTest.php" line="176" assertions="3" time="0.099387"/>
      <testcase name="testUserEmailAddressTakenAdd" class="UserControllerTest" file="/home/gareth/Desktop/Zend-CMS/project/cms/tests/application/controllers/UserControllerTest.php" line="194" assertions="3" time="0.102085"/>
      <testcase name="testEditUser" class="UserControllerTest" file="/home/gareth/Desktop/Zend-CMS/project/cms/tests/application/controllers/UserControllerTest.php" line="214" assertions="3" time="0.171745"/>
      <testcase name="testAddSecondUser" class="UserControllerTest" file="/home/gareth/Desktop/Zend-CMS/project/cms/tests/application/controllers/UserControllerTest.php" line="241" assertions="3" time="0.119354"/>
      <testcase name="testUserNameTakenEdit" class="UserControllerTest" file="/home/gareth/Desktop/Zend-CMS/project/cms/tests/application/controllers/UserControllerTest.php" line="259" assertions="3" time="0.186192"/>
      <testcase name="testUserEmailAddressTakenEdit" class="UserControllerTest" file="/home/gareth/Desktop/Zend-CMS/project/cms/tests/application/controllers/UserControllerTest.php" line="283" assertions="3" time="0.168930"/>
      <testcase name="testIncorrectArgsEdit" class="UserControllerTest" file="/home/gareth/Desktop/Zend-CMS/project/cms/tests/application/controllers/UserControllerTest.php" line="304" assertions="2" time="0.010884"/>
      <testcase name="testUserNotFoundEdit" class="UserControllerTest" file="/home/gareth/Desktop/Zend-CMS/project/cms/tests/application/controllers/UserControllerTest.php" line="310" assertions="2" time="0.069061"/>
      <testcase name="testLogout" class="UserControllerTest" file="/home/gareth/Desktop/Zend-CMS/project/cms/tests/application/controllers/UserControllerTest.php" line="316" assertions="2" time="0.025386"/>
      <testcase name="testCantLocateRemoveUserId" class="UserControllerTest" file="/home/gareth/Desktop/Zend-CMS/project/cms/tests/application/controllers/UserControllerTest.php" line="322" assertions="3" time="0.068521"/>
      <testcase name="testCantRemoveUserIdIncorrect" class="UserControllerTest" file="/home/gareth/Desktop/Zend-CMS/project/cms/tests/application/controllers/UserControllerTest.php" line="332" assertions="3" time="0.013028"/>
      <testcase name="testRemoveUser" class="UserControllerTest" file="/home/gareth/Desktop/Zend-CMS/project/cms/tests/application/controllers/UserControllerTest.php" line="343" assertions="3" time="0.120839"/>
      <testcase name="testRemoveUserConfirmAction" class="UserControllerTest" file="/home/gareth/Desktop/Zend-CMS/project/cms/tests/application/controllers/UserControllerTest.php" line="357" assertions="2" time="0.011608"/>
      <testcase name="testRemoveUserConfirmWithId" class="UserControllerTest" file="/home/gareth/Desktop/Zend-CMS/project/cms/tests/application/controllers/UserControllerTest.php" line="363" assertions="2" time="0.073269"/>
      <testcase name="testRemoveUserConfirmInccorectId" class="UserControllerTest" file="/home/gareth/Desktop/Zend-CMS/project/cms/tests/application/controllers/UserControllerTest.php" line="370" assertions="2" time="0.069234"/>
      <testcase name="testShownForgotPasswordLink" class="UserControllerTest" file="/home/gareth/Desktop/Zend-CMS/project/cms/tests/application/controllers/UserControllerTest.php" line="376" assertions="2" time="0.088208"/>
      <testcase name="testForgotPasswordActionAndContent" class="UserControllerTest" file="/home/gareth/Desktop/Zend-CMS/project/cms/tests/application/controllers/UserControllerTest.php" line="407" assertions="3" time="0.024003"/>
      <testcase name="testForgotPasswordSubmitNoAccountFound" class="UserControllerTest" file="/home/gareth/Desktop/Zend-CMS/project/cms/tests/application/controllers/UserControllerTest.php" line="417" assertions="2" time="0.082450"/>
      <testcase name="testForgotPasswordAccountFound" class="UserControllerTest" file="/home/gareth/Desktop/Zend-CMS/project/cms/tests/application/controllers/UserControllerTest.php" line="434" assertions="2" time="0.157207"/>
      <testcase name="testActivatePasswordAction" class="UserControllerTest" file="/home/gareth/Desktop/Zend-CMS/project/cms/tests/application/controllers/UserControllerTest.php" line="452" assertions="2" time="0.013480"/>
      <testcase name="testActivatePasswordIncorrectHash" class="UserControllerTest" file="/home/gareth/Desktop/Zend-CMS/project/cms/tests/application/controllers/UserControllerTest.php" line="462" assertions="2" time="0.015351"/>
      <testcase name="testActivatePasswordCorrectHash" class="UserControllerTest" file="/home/gareth/Desktop/Zend-CMS/project/cms/tests/application/controllers/UserControllerTest.php" line="473" assertions="2" time="0.089938"/>
      <testcase name="testActivatePasswordComplete" class="UserControllerTest" file="/home/gareth/Desktop/Zend-CMS/project/cms/tests/application/controllers/UserControllerTest.php" line="485" assertions="3" time="0.324159"/>
    </testsuite>
    <testsuite name="ApiControllerTest" file="/home/gareth/Desktop/Zend-CMS/project/cms/tests/application/controllers/ApiControllerTest.php" tests="20" assertions="57" failures="0" errors="0" time="1.439509">
      <testcase name="testLandOnIndexPage" class="ApiControllerTest" file="/home/gareth/Desktop/Zend-CMS/project/cms/tests/application/controllers/ApiControllerTest.php" line="32" assertions="3" time="0.013168"/>
      <testcase name="testEditorNoAccessAdmin" class="ApiControllerTest" file="/home/gareth/Desktop/Zend-CMS/project/cms/tests/application/controllers/ApiControllerTest.php" line="40" assertions="3" time="0.012512"/>
      <testcase name="testAdminHasAccessAdmin" class="ApiControllerTest" file="/home/gareth/Desktop/Zend-CMS/project/cms/tests/application/controllers/ApiControllerTest.php" line="50" assertions="5" time="0.071186"/>
      <testcase name="testAddUserCorrect" class="ApiControllerTest" file="/home/gareth/Desktop/Zend-CMS/project/cms/tests/application/controllers/ApiControllerTest.php" line="60" assertions="3" time="0.074869"/>
      <testcase name="testAddSecondUser" class="ApiControllerTest" file="/home/gareth/Desktop/Zend-CMS/project/cms/tests/application/controllers/ApiControllerTest.php" line="80" assertions="3" time="0.076981"/>
      <testcase name="testRequiredInputsApiForm" class="ApiControllerTest" file="/home/gareth/Desktop/Zend-CMS/project/cms/tests/application/controllers/ApiControllerTest.php" line="95" assertions="4" time="0.037655"/>
      <testcase name="testRefTakenAdd" class="ApiControllerTest" file="/home/gareth/Desktop/Zend-CMS/project/cms/tests/application/controllers/ApiControllerTest.php" line="117" assertions="3" time="0.092322"/>
      <testcase name="testKeyTakenAdd" class="ApiControllerTest" file="/home/gareth/Desktop/Zend-CMS/project/cms/tests/application/controllers/ApiControllerTest.php" line="136" assertions="3" time="0.094454"/>
      <testcase name="testEditUser" class="ApiControllerTest" file="/home/gareth/Desktop/Zend-CMS/project/cms/tests/application/controllers/ApiControllerTest.php" line="158" assertions="3" time="0.131960"/>
      <testcase name="testResetUserOne" class="ApiControllerTest" file="/home/gareth/Desktop/Zend-CMS/project/cms/tests/application/controllers/ApiControllerTest.php" line="182" assertions="3" time="0.131587"/>
      <testcase name="testRefTakenEdit" class="ApiControllerTest" file="/home/gareth/Desktop/Zend-CMS/project/cms/tests/application/controllers/ApiControllerTest.php" line="207" assertions="3" time="0.152862"/>
      <testcase name="testKeyTakenEdit" class="ApiControllerTest" file="/home/gareth/Desktop/Zend-CMS/project/cms/tests/application/controllers/ApiControllerTest.php" line="230" assertions="3" time="0.152755"/>
      <testcase name="testIncorrectArgsEdit" class="ApiControllerTest" file="/home/gareth/Desktop/Zend-CMS/project/cms/tests/application/controllers/ApiControllerTest.php" line="251" assertions="2" time="0.013133"/>
      <testcase name="testApiUserNotFoundEdit" class="ApiControllerTest" file="/home/gareth/Desktop/Zend-CMS/project/cms/tests/application/controllers/ApiControllerTest.php" line="257" assertions="2" time="0.071414"/>
      <testcase name="testCantLocateRemoveUserId" class="ApiControllerTest" file="/home/gareth/Desktop/Zend-CMS/project/cms/tests/application/controllers/ApiControllerTest.php" line="263" assertions="3" time="0.068698"/>
      <testcase name="testCantRemoveUserIdIncorrect" class="ApiControllerTest" file="/home/gareth/Desktop/Zend-CMS/project/cms/tests/application/controllers/ApiControllerTest.php" line="273" assertions="3" time="0.016329"/>
      <testcase name="testRemoveUser" class="ApiControllerTest" file="/home/gareth/Desktop/Zend-CMS/project/cms/tests/application/controllers/ApiControllerTest.php" line="284" assertions="2" time="0.069803"/>
      <testcase name="testRemoveUserConfirmAction" class="ApiControllerTest" file="/home/gareth/Desktop/Zend-CMS/project/cms/tests/application/controllers/ApiControllerTest.php" line="298" assertions="2" time="0.013227"/>
      <testcase name="testRemoveUserConfirmWithId" class="ApiControllerTest" file="/home/gareth/Desktop/Zend-CMS/project/cms/tests/application/controllers/ApiControllerTest.php" line="304" assertions="2" time="0.074083"/>
      <testcase name="testRemoveUserConfirmIncorrectId" class="ApiControllerTest" file="/home/gareth/Desktop/Zend-CMS/project/cms/tests/application/controllers/ApiControllerTest.php" line="314" assertions="2" time="0.070511"/>
    </testsuite>
    <testsuite name="ContentTypesControllerTest" file="/home/gareth/Desktop/Zend-CMS/project/cms/tests/application/controllers/ContentTypesControllerTest.php" tests="14" assertions="55" failures="0" errors="0" time="0.810396">
      <testcase name="testLandOnIndexPage" class="ContentTypesControllerTest" file="/home/gareth/Desktop/Zend-CMS/project/cms/tests/application/controllers/ContentTypesControllerTest.php" line="34" assertions="6" time="0.073260"/>
      <testcase name="testEditorNoAccess" class="ContentTypesControllerTest" file="/home/gareth/Desktop/Zend-CMS/project/cms/tests/application/controllers/ContentTypesControllerTest.php" line="45" assertions="4" time="0.013269"/>
      <testcase name="testAdminNoAccess" class="ContentTypesControllerTest" file="/home/gareth/Desktop/Zend-CMS/project/cms/tests/application/controllers/ContentTypesControllerTest.php" line="55" assertions="4" time="0.013422"/>
      <testcase name="testAddCorrect" class="ContentTypesControllerTest" file="/home/gareth/Desktop/Zend-CMS/project/cms/tests/application/controllers/ContentTypesControllerTest.php" line="66" assertions="5" time="0.075781"/>
      <testcase name="testRequiredInputs" class="ContentTypesControllerTest" file="/home/gareth/Desktop/Zend-CMS/project/cms/tests/application/controllers/ContentTypesControllerTest.php" line="84" assertions="4" time="0.030457"/>
      <testcase name="testNameTakenAdd" class="ContentTypesControllerTest" file="/home/gareth/Desktop/Zend-CMS/project/cms/tests/application/controllers/ContentTypesControllerTest.php" line="103" assertions="5" time="0.074566"/>
      <testcase name="testEditUser" class="ContentTypesControllerTest" file="/home/gareth/Desktop/Zend-CMS/project/cms/tests/application/controllers/ContentTypesControllerTest.php" line="124" assertions="4" time="0.131128"/>
      <testcase name="testIncorrectArgsEdit" class="ContentTypesControllerTest" file="/home/gareth/Desktop/Zend-CMS/project/cms/tests/application/controllers/ContentTypesControllerTest.php" line="142" assertions="3" time="0.013661"/>
      <testcase name="testContentTypeNotFoundEdit" class="ContentTypesControllerTest" file="/home/gareth/Desktop/Zend-CMS/project/cms/tests/application/controllers/ContentTypesControllerTest.php" line="148" assertions="3" time="0.071208"/>
      <testcase name="testCantLocateRemoveUserId" class="ContentTypesControllerTest" file="/home/gareth/Desktop/Zend-CMS/project/cms/tests/application/controllers/ContentTypesControllerTest.php" line="155" assertions="4" time="0.074326"/>
      <testcase name="testRemoveConfirmAction" class="ContentTypesControllerTest" file="/home/gareth/Desktop/Zend-CMS/project/cms/tests/application/controllers/ContentTypesControllerTest.php" line="165" assertions="3" time="0.014719"/>
      <testcase name="testRemoveConfirmWithId" class="ContentTypesControllerTest" file="/home/gareth/Desktop/Zend-CMS/project/cms/tests/application/controllers/ContentTypesControllerTest.php" line="171" assertions="3" time="0.074436"/>
      <testcase name="testRemoveConfirmInccorectId" class="ContentTypesControllerTest" file="/home/gareth/Desktop/Zend-CMS/project/cms/tests/application/controllers/ContentTypesControllerTest.php" line="178" assertions="3" time="0.070387"/>
      <testcase name="testRemoveContentType" class="ContentTypesControllerTest" file="/home/gareth/Desktop/Zend-CMS/project/cms/tests/application/controllers/ContentTypesControllerTest.php" line="185" assertions="4" time="0.079776"/>
    </testsuite>
    <testsuite name="ContentControllerTest" file="/home/gareth/Desktop/Zend-CMS/project/cms/tests/application/controllers/ContentControllerTest.php" tests="21" assertions="79" failures="0" errors="0" time="2.393152">
      <testcase name="testIndexPage" class="ContentControllerTest" file="/home/gareth/Desktop/Zend-CMS/project/cms/tests/application/controllers/ContentControllerTest.php" line="42" assertions="5" time="0.074219"/>
      <testcase name="testEditorHasAccessIndex" class="ContentControllerTest" file="/home/gareth/Desktop/Zend-CMS/project/cms/tests/application/controllers/ContentControllerTest.php" line="52" assertions="6" time="0.074872"/>
      <testcase name="testEditorAccessAdd" class="ContentControllerTest" file="/home/gareth/Desktop/Zend-CMS/project/cms/tests/application/controllers/ContentControllerTest.php" line="65" assertions="6" time="0.152642"/>
      <testcase name="testAdminAccessAddAction" class="ContentControllerTest" file="/home/gareth/Desktop/Zend-CMS/project/cms/tests/application/controllers/ContentControllerTest.php" line="79" assertions="5" time="0.179775"/>
      <testcase name="testAddContentCorrect" class="ContentControllerTest" file="/home/gareth/Desktop/Zend-CMS/project/cms/tests/application/controllers/ContentControllerTest.php" line="90" assertions="5" time="0.196572"/>
      <testcase name="testAddContentCorrectSecond" class="ContentControllerTest" file="/home/gareth/Desktop/Zend-CMS/project/cms/tests/application/controllers/ContentControllerTest.php" line="130" assertions="5" time="0.194266"/>
      <testcase name="testRefTakenAdd" class="ContentControllerTest" file="/home/gareth/Desktop/Zend-CMS/project/cms/tests/application/controllers/ContentControllerTest.php" line="171" assertions="4" time="0.215073"/>
      <testcase name="testAddActionIncorrectArgsText" class="ContentControllerTest" file="/home/gareth/Desktop/Zend-CMS/project/cms/tests/application/controllers/ContentControllerTest.php" line="204" assertions="2" time="0.014992"/>
      <testcase name="testAddActionNotFoundArg" class="ContentControllerTest" file="/home/gareth/Desktop/Zend-CMS/project/cms/tests/application/controllers/ContentControllerTest.php" line="212" assertions="2" time="0.074819"/>
      <testcase name="testEditContentCorrect" class="ContentControllerTest" file="/home/gareth/Desktop/Zend-CMS/project/cms/tests/application/controllers/ContentControllerTest.php" line="218" assertions="5" time="0.197294"/>
      <testcase name="testEditRefTheSameShouldWork" class="ContentControllerTest" file="/home/gareth/Desktop/Zend-CMS/project/cms/tests/application/controllers/ContentControllerTest.php" line="260" assertions="4" time="0.195320"/>
      <testcase name="testEditContentRefTaken" class="ContentControllerTest" file="/home/gareth/Desktop/Zend-CMS/project/cms/tests/application/controllers/ContentControllerTest.php" line="295" assertions="4" time="0.217753"/>
      <testcase name="testEditContentIcorrectArgs" class="ContentControllerTest" file="/home/gareth/Desktop/Zend-CMS/project/cms/tests/application/controllers/ContentControllerTest.php" line="328" assertions="2" time="0.015388"/>
      <testcase name="testEditContentNotFoundArgs" class="ContentControllerTest" file="/home/gareth/Desktop/Zend-CMS/project/cms/tests/application/controllers/ContentControllerTest.php" line="334" assertions="2" time="0.071719"/>
      <testcase name="testRemoveContentIncorrectId" class="ContentControllerTest" file="/home/gareth/Desktop/Zend-CMS/project/cms/tests/application/controllers/ContentControllerTest.php" line="341" assertions="2" time="0.073582"/>
      <testcase name="testRemoveContentInocrrectFormatArgs" class="ContentControllerTest" file="/home/gareth/Desktop/Zend-CMS/project/cms/tests/application/controllers/ContentControllerTest.php" line="348" assertions="2" time="0.017443"/>
      <testcase name="testRemoveConfirmNoIdFound" class="ContentControllerTest" file="/home/gareth/Desktop/Zend-CMS/project/cms/tests/application/controllers/ContentControllerTest.php" line="355" assertions="2" time="0.071738"/>
      <testcase name="testRemoveConfirmIncorrectFormatId" class="ContentControllerTest" file="/home/gareth/Desktop/Zend-CMS/project/cms/tests/application/controllers/ContentControllerTest.php" line="362" assertions="2" time="0.015388"/>
      <testcase name="testRemoveConfirmContentCorrect" class="ContentControllerTest" file="/home/gareth/Desktop/Zend-CMS/project/cms/tests/application/controllers/ContentControllerTest.php" line="369" assertions="6" time="0.076905"/>
      <testcase name="testRemoveContentForReal" class="ContentControllerTest" file="/home/gareth/Desktop/Zend-CMS/project/cms/tests/application/controllers/ContentControllerTest.php" line="389" assertions="4" time="0.131417"/>
      <testcase name="testRemoveDuplicateContentCorrect" class="ContentControllerTest" file="/home/gareth/Desktop/Zend-CMS/project/cms/tests/application/controllers/ContentControllerTest.php" line="408" assertions="4" time="0.131974"/>
    </testsuite>
    <testsuite name="TemplatesControllerTest" file="/home/gareth/Desktop/Zend-CMS/project/cms/tests/application/controllers/TemplatesControllerTest.php" tests="21" assertions="86" failures="0" errors="0" time="2.038522">
      <testcase name="testIndexPage" class="TemplatesControllerTest" file="/home/gareth/Desktop/Zend-CMS/project/cms/tests/application/controllers/TemplatesControllerTest.php" line="47" assertions="6" time="0.075988"/>
      <testcase name="testEditorHasNoAccessIndex" class="TemplatesControllerTest" file="/home/gareth/Desktop/Zend-CMS/project/cms/tests/application/controllers/TemplatesControllerTest.php" line="57" assertions="4" time="0.015343"/>
      <testcase name="testEditorHasNoAccessAdd" class="TemplatesControllerTest" file="/home/gareth/Desktop/Zend-CMS/project/cms/tests/application/controllers/TemplatesControllerTest.php" line="64" assertions="4" time="0.015746"/>
      <testcase name="testAdminNoAccessIndex" class="TemplatesControllerTest" file="/home/gareth/Desktop/Zend-CMS/project/cms/tests/application/controllers/TemplatesControllerTest.php" line="71" assertions="4" time="0.015495"/>
      <testcase name="testAdminNoAccessAdd" class="TemplatesControllerTest" file="/home/gareth/Desktop/Zend-CMS/project/cms/tests/application/controllers/TemplatesControllerTest.php" line="78" assertions="4" time="0.016057"/>
      <testcase name="testSuperAdminAccessAdd" class="TemplatesControllerTest" file="/home/gareth/Desktop/Zend-CMS/project/cms/tests/application/controllers/TemplatesControllerTest.php" line="85" assertions="6" time="0.122165"/>
      <testcase name="testAddTemplateCorrect" class="TemplatesControllerTest" file="/home/gareth/Desktop/Zend-CMS/project/cms/tests/application/controllers/TemplatesControllerTest.php" line="97" assertions="5" time="0.198501"/>
      <testcase name="testAddSecondTemplateCorrect" class="TemplatesControllerTest" file="/home/gareth/Desktop/Zend-CMS/project/cms/tests/application/controllers/TemplatesControllerTest.php" line="124" assertions="5" time="0.183477"/>
      <testcase name="testNameTakenAdd" class="TemplatesControllerTest" file="/home/gareth/Desktop/Zend-CMS/project/cms/tests/application/controllers/TemplatesControllerTest.php" line="150" assertions="4" time="0.175213"/>
      <testcase name="testRequiredInputsAdd" class="TemplatesControllerTest" file="/home/gareth/Desktop/Zend-CMS/project/cms/tests/application/controllers/TemplatesControllerTest.php" line="170" assertions="4" time="0.116943"/>
      <testcase name="testEditFirstTemplateCorrect" class="TemplatesControllerTest" file="/home/gareth/Desktop/Zend-CMS/project/cms/tests/application/controllers/TemplatesControllerTest.php" line="189" assertions="4" time="0.241814"/>
      <testcase name="testNameTakenEdit" class="TemplatesControllerTest" file="/home/gareth/Desktop/Zend-CMS/project/cms/tests/application/controllers/TemplatesControllerTest.php" line="224" assertions="4" time="0.234619"/>
      <testcase name="testIdPassedToEdit" class="TemplatesControllerTest" file="/home/gareth/Desktop/Zend-CMS/project/cms/tests/application/controllers/TemplatesControllerTest.php" line="253" assertions="3" time="0.016144"/>
      <testcase name="testIdPassedButNotFoundEdit" class="TemplatesControllerTest" file="/home/gareth/Desktop/Zend-CMS/project/cms/tests/application/controllers/TemplatesControllerTest.php" line="259" assertions="3" time="0.074546"/>
      <testcase name="testRemoveConfirmCorrect" class="TemplatesControllerTest" file="/home/gareth/Desktop/Zend-CMS/project/cms/tests/application/controllers/TemplatesControllerTest.php" line="265" assertions="6" time="0.080270"/>
      <testcase name="testIncorrectFormatArgumentRemoveConfirm" class="TemplatesControllerTest" file="/home/gareth/Desktop/Zend-CMS/project/cms/tests/application/controllers/TemplatesControllerTest.php" line="278" assertions="3" time="0.016802"/>
      <testcase name="testTemplateNotFoundRemoveConfirm" class="TemplatesControllerTest" file="/home/gareth/Desktop/Zend-CMS/project/cms/tests/application/controllers/TemplatesControllerTest.php" line="284" assertions="3" time="0.072782"/>
      <testcase name="testRemoveTemplateCorrect" class="TemplatesControllerTest" file="/home/gareth/Desktop/Zend-CMS/project/cms/tests/application/controllers/TemplatesControllerTest.php" line="290" assertions="4" time="0.158812"/>
      <testcase name="testIncorrectArgsRemove" class="TemplatesControllerTest" file="/home/gareth/Desktop/Zend-CMS/project/cms/tests/application/controllers/TemplatesControllerTest.php" line="304" assertions="3" time="0.016560"/>
      <testcase name="testIdButNotFoundRemove" class="TemplatesControllerTest" file="/home/gareth/Desktop/Zend-CMS/project/cms/tests/application/controllers/TemplatesControllerTest.php" line="310" assertions="3" time="0.072089"/>
      <testcase name="testRemoveSecondTemplate" class="TemplatesControllerTest" file="/home/gareth/Desktop/Zend-CMS/project/cms/tests/application/controllers/TemplatesControllerTest.php" line="316" assertions="4" time="0.119155"/>
    </testsuite>
  </testsuite>
</testsuites>
