<?xml version="1.0" encoding="UTF-8"?>
<testsuites>
  <testsuite name="Application Test Suite" tests="110" assertions="366" failures="0" errors="0" time="9.069271">
    <testsuite name="IndexControllerTest" file="/home/gareth/Dropbox/Zend-CMS/project/cms/tests/application/controllers/IndexControllerTest.php" tests="1" assertions="5" failures="0" errors="0" time="0.125912">
      <testcase name="testLandOnIndexPage" class="IndexControllerTest" file="/home/gareth/Dropbox/Zend-CMS/project/cms/tests/application/controllers/IndexControllerTest.php" line="24" assertions="5" time="0.125912"/>
    </testsuite>
    <testsuite name="UserControllerTest" file="/home/gareth/Dropbox/Zend-CMS/project/cms/tests/application/controllers/UserControllerTest.php" tests="32" assertions="90" failures="0" errors="0" time="2.323668">
      <testcase name="testLandOnIndexPage" class="UserControllerTest" file="/home/gareth/Dropbox/Zend-CMS/project/cms/tests/application/controllers/UserControllerTest.php" line="33" assertions="3" time="0.010132"/>
      <testcase name="testLoginPage" class="UserControllerTest" file="/home/gareth/Dropbox/Zend-CMS/project/cms/tests/application/controllers/UserControllerTest.php" line="42" assertions="4" time="0.041251"/>
      <testcase name="testLoginCorrect" class="UserControllerTest" file="/home/gareth/Dropbox/Zend-CMS/project/cms/tests/application/controllers/UserControllerTest.php" line="53" assertions="2" time="0.012958"/>
      <testcase name="testInCorrectLogin" class="UserControllerTest" file="/home/gareth/Dropbox/Zend-CMS/project/cms/tests/application/controllers/UserControllerTest.php" line="72" assertions="2" time="0.021079"/>
      <testcase name="testEditorNoAccessAdmin" class="UserControllerTest" file="/home/gareth/Dropbox/Zend-CMS/project/cms/tests/application/controllers/UserControllerTest.php" line="88" assertions="3" time="0.008598"/>
      <testcase name="testAdminHasAccessAdmin" class="UserControllerTest" file="/home/gareth/Dropbox/Zend-CMS/project/cms/tests/application/controllers/UserControllerTest.php" line="98" assertions="5" time="0.069732"/>
      <testcase name="testAddUserCorrect" class="UserControllerTest" file="/home/gareth/Dropbox/Zend-CMS/project/cms/tests/application/controllers/UserControllerTest.php" line="108" assertions="3" time="0.201090"/>
      <testcase name="testRequiredInputsUserForm" class="UserControllerTest" file="/home/gareth/Dropbox/Zend-CMS/project/cms/tests/application/controllers/UserControllerTest.php" line="132" assertions="8" time="0.039859"/>
      <testcase name="testPasswordsDontMatch" class="UserControllerTest" file="/home/gareth/Dropbox/Zend-CMS/project/cms/tests/application/controllers/UserControllerTest.php" line="159" assertions="3" time="0.036376"/>
      <testcase name="testUserNameTakenAdd" class="UserControllerTest" file="/home/gareth/Dropbox/Zend-CMS/project/cms/tests/application/controllers/UserControllerTest.php" line="176" assertions="3" time="0.091985"/>
      <testcase name="testUserEmailAddressTakenAdd" class="UserControllerTest" file="/home/gareth/Dropbox/Zend-CMS/project/cms/tests/application/controllers/UserControllerTest.php" line="194" assertions="3" time="0.091714"/>
      <testcase name="testEditUser" class="UserControllerTest" file="/home/gareth/Dropbox/Zend-CMS/project/cms/tests/application/controllers/UserControllerTest.php" line="214" assertions="3" time="0.179784"/>
      <testcase name="testAddSecondUser" class="UserControllerTest" file="/home/gareth/Dropbox/Zend-CMS/project/cms/tests/application/controllers/UserControllerTest.php" line="241" assertions="3" time="0.117755"/>
      <testcase name="testUserNameTakenEdit" class="UserControllerTest" file="/home/gareth/Dropbox/Zend-CMS/project/cms/tests/application/controllers/UserControllerTest.php" line="259" assertions="3" time="0.154781"/>
      <testcase name="testUserEmailAddressTakenEdit" class="UserControllerTest" file="/home/gareth/Dropbox/Zend-CMS/project/cms/tests/application/controllers/UserControllerTest.php" line="283" assertions="3" time="0.156929"/>
      <testcase name="testIncorrectArgsEdit" class="UserControllerTest" file="/home/gareth/Dropbox/Zend-CMS/project/cms/tests/application/controllers/UserControllerTest.php" line="304" assertions="2" time="0.009411"/>
      <testcase name="testUserNotFoundEdit" class="UserControllerTest" file="/home/gareth/Dropbox/Zend-CMS/project/cms/tests/application/controllers/UserControllerTest.php" line="310" assertions="2" time="0.068515"/>
      <testcase name="testLogout" class="UserControllerTest" file="/home/gareth/Dropbox/Zend-CMS/project/cms/tests/application/controllers/UserControllerTest.php" line="316" assertions="2" time="0.009505"/>
      <testcase name="testCantLocateRemoveUserId" class="UserControllerTest" file="/home/gareth/Dropbox/Zend-CMS/project/cms/tests/application/controllers/UserControllerTest.php" line="322" assertions="3" time="0.071411"/>
      <testcase name="testCantRemoveUserIdIncorrect" class="UserControllerTest" file="/home/gareth/Dropbox/Zend-CMS/project/cms/tests/application/controllers/UserControllerTest.php" line="332" assertions="3" time="0.011397"/>
      <testcase name="testRemoveUser" class="UserControllerTest" file="/home/gareth/Dropbox/Zend-CMS/project/cms/tests/application/controllers/UserControllerTest.php" line="343" assertions="3" time="0.134195"/>
      <testcase name="testRemoveUserConfirmAction" class="UserControllerTest" file="/home/gareth/Dropbox/Zend-CMS/project/cms/tests/application/controllers/UserControllerTest.php" line="357" assertions="2" time="0.010587"/>
      <testcase name="testRemoveUserConfirmWithId" class="UserControllerTest" file="/home/gareth/Dropbox/Zend-CMS/project/cms/tests/application/controllers/UserControllerTest.php" line="363" assertions="2" time="0.074103"/>
      <testcase name="testRemoveUserConfirmInccorectId" class="UserControllerTest" file="/home/gareth/Dropbox/Zend-CMS/project/cms/tests/application/controllers/UserControllerTest.php" line="370" assertions="2" time="0.068381"/>
      <testcase name="testShownForgotPasswordLink" class="UserControllerTest" file="/home/gareth/Dropbox/Zend-CMS/project/cms/tests/application/controllers/UserControllerTest.php" line="376" assertions="2" time="0.072109"/>
      <testcase name="testForgotPasswordActionAndContent" class="UserControllerTest" file="/home/gareth/Dropbox/Zend-CMS/project/cms/tests/application/controllers/UserControllerTest.php" line="407" assertions="3" time="0.021968"/>
      <testcase name="testForgotPasswordSubmitNoAccountFound" class="UserControllerTest" file="/home/gareth/Dropbox/Zend-CMS/project/cms/tests/application/controllers/UserControllerTest.php" line="417" assertions="2" time="0.081949"/>
      <testcase name="testForgotPasswordAccountFound" class="UserControllerTest" file="/home/gareth/Dropbox/Zend-CMS/project/cms/tests/application/controllers/UserControllerTest.php" line="434" assertions="2" time="0.172338"/>
      <testcase name="testActivatePasswordAction" class="UserControllerTest" file="/home/gareth/Dropbox/Zend-CMS/project/cms/tests/application/controllers/UserControllerTest.php" line="452" assertions="2" time="0.011869"/>
      <testcase name="testActivatePasswordIncorrectHash" class="UserControllerTest" file="/home/gareth/Dropbox/Zend-CMS/project/cms/tests/application/controllers/UserControllerTest.php" line="462" assertions="2" time="0.014254"/>
      <testcase name="testActivatePasswordCorrectHash" class="UserControllerTest" file="/home/gareth/Dropbox/Zend-CMS/project/cms/tests/application/controllers/UserControllerTest.php" line="473" assertions="2" time="0.085123"/>
      <testcase name="testActivatePasswordComplete" class="UserControllerTest" file="/home/gareth/Dropbox/Zend-CMS/project/cms/tests/application/controllers/UserControllerTest.php" line="485" assertions="3" time="0.172529"/>
    </testsuite>
    <testsuite name="DataTypeFieldsControllerTest" file="/home/gareth/Dropbox/Zend-CMS/project/cms/tests/application/controllers/DataTypeFieldsControllerTest.php" tests="23" assertions="84" failures="0" errors="0" time="2.076907">
      <testcase name="testNoParamsIndexPage" class="DataTypeFieldsControllerTest" file="/home/gareth/Dropbox/Zend-CMS/project/cms/tests/application/controllers/DataTypeFieldsControllerTest.php" line="33" assertions="3" time="0.011455"/>
      <testcase name="testIndexPage" class="DataTypeFieldsControllerTest" file="/home/gareth/Dropbox/Zend-CMS/project/cms/tests/application/controllers/DataTypeFieldsControllerTest.php" line="40" assertions="6" time="0.155150"/>
      <testcase name="testEditorNoAccess" class="DataTypeFieldsControllerTest" file="/home/gareth/Dropbox/Zend-CMS/project/cms/tests/application/controllers/DataTypeFieldsControllerTest.php" line="51" assertions="4" time="0.015378"/>
      <testcase name="testAdminNoAccess" class="DataTypeFieldsControllerTest" file="/home/gareth/Dropbox/Zend-CMS/project/cms/tests/application/controllers/DataTypeFieldsControllerTest.php" line="61" assertions="4" time="0.013219"/>
      <testcase name="testAddCorrect" class="DataTypeFieldsControllerTest" file="/home/gareth/Dropbox/Zend-CMS/project/cms/tests/application/controllers/DataTypeFieldsControllerTest.php" line="71" assertions="4" time="0.135490"/>
      <testcase name="testRequiredInputs" class="DataTypeFieldsControllerTest" file="/home/gareth/Dropbox/Zend-CMS/project/cms/tests/application/controllers/DataTypeFieldsControllerTest.php" line="94" assertions="4" time="0.099851"/>
      <testcase name="testNameTakenAdd" class="DataTypeFieldsControllerTest" file="/home/gareth/Dropbox/Zend-CMS/project/cms/tests/application/controllers/DataTypeFieldsControllerTest.php" line="113" assertions="5" time="0.130939"/>
      <testcase name="testAddSecondCorrect" class="DataTypeFieldsControllerTest" file="/home/gareth/Dropbox/Zend-CMS/project/cms/tests/application/controllers/DataTypeFieldsControllerTest.php" line="137" assertions="4" time="0.134412"/>
      <testcase name="testEditFirstContentTypeField" class="DataTypeFieldsControllerTest" file="/home/gareth/Dropbox/Zend-CMS/project/cms/tests/application/controllers/DataTypeFieldsControllerTest.php" line="157" assertions="4" time="0.194317"/>
      <testcase name="testCanNameFieldSameAsFieldInOtherType" class="DataTypeFieldsControllerTest" file="/home/gareth/Dropbox/Zend-CMS/project/cms/tests/application/controllers/DataTypeFieldsControllerTest.php" line="182" assertions="4" time="0.193607"/>
      <testcase name="testNameTakenOnFieldInContentType" class="DataTypeFieldsControllerTest" file="/home/gareth/Dropbox/Zend-CMS/project/cms/tests/application/controllers/DataTypeFieldsControllerTest.php" line="206" assertions="5" time="0.132248"/>
      <testcase name="testIncorrectArgsEdit" class="DataTypeFieldsControllerTest" file="/home/gareth/Dropbox/Zend-CMS/project/cms/tests/application/controllers/DataTypeFieldsControllerTest.php" line="240" assertions="3" time="0.069350"/>
      <testcase name="testContentFieldNotFound" class="DataTypeFieldsControllerTest" file="/home/gareth/Dropbox/Zend-CMS/project/cms/tests/application/controllers/DataTypeFieldsControllerTest.php" line="246" assertions="3" time="0.130227"/>
      <testcase name="testEditCorrectParamButNoContentType" class="DataTypeFieldsControllerTest" file="/home/gareth/Dropbox/Zend-CMS/project/cms/tests/application/controllers/DataTypeFieldsControllerTest.php" line="255" assertions="3" time="0.013233"/>
      <testcase name="testAddCorrectButNoContentType" class="DataTypeFieldsControllerTest" file="/home/gareth/Dropbox/Zend-CMS/project/cms/tests/application/controllers/DataTypeFieldsControllerTest.php" line="267" assertions="3" time="0.012956"/>
      <testcase name="testCantLocateRemoveUserId" class="DataTypeFieldsControllerTest" file="/home/gareth/Dropbox/Zend-CMS/project/cms/tests/application/controllers/DataTypeFieldsControllerTest.php" line="274" assertions="3" time="0.131755"/>
      <testcase name="testCorrectRemoveidNoContentType" class="DataTypeFieldsControllerTest" file="/home/gareth/Dropbox/Zend-CMS/project/cms/tests/application/controllers/DataTypeFieldsControllerTest.php" line="281" assertions="3" time="0.013488"/>
      <testcase name="testRemoveConfirmActionNoContentType" class="DataTypeFieldsControllerTest" file="/home/gareth/Dropbox/Zend-CMS/project/cms/tests/application/controllers/DataTypeFieldsControllerTest.php" line="289" assertions="3" time="0.011596"/>
      <testcase name="testRemoveConfirmActionNoId" class="DataTypeFieldsControllerTest" file="/home/gareth/Dropbox/Zend-CMS/project/cms/tests/application/controllers/DataTypeFieldsControllerTest.php" line="295" assertions="3" time="0.070171"/>
      <testcase name="testRemoveConfirmInccorectId" class="DataTypeFieldsControllerTest" file="/home/gareth/Dropbox/Zend-CMS/project/cms/tests/application/controllers/DataTypeFieldsControllerTest.php" line="301" assertions="3" time="0.128532"/>
      <testcase name="testRemoveConfirmWithId" class="DataTypeFieldsControllerTest" file="/home/gareth/Dropbox/Zend-CMS/project/cms/tests/application/controllers/DataTypeFieldsControllerTest.php" line="307" assertions="4" time="0.132318"/>
      <testcase name="testRemoveContentTypeFieldOne" class="DataTypeFieldsControllerTest" file="/home/gareth/Dropbox/Zend-CMS/project/cms/tests/application/controllers/DataTypeFieldsControllerTest.php" line="318" assertions="4" time="0.134837"/>
      <testcase name="testCleanup" class="DataTypeFieldsControllerTest" file="/home/gareth/Dropbox/Zend-CMS/project/cms/tests/application/controllers/DataTypeFieldsControllerTest.php" line="334" assertions="2" time="0.012379"/>
    </testsuite>
    <testsuite name="DataTypesControllerTest" file="/home/gareth/Dropbox/Zend-CMS/project/cms/tests/application/controllers/DataTypesControllerTest.php" tests="14" assertions="55" failures="0" errors="0" time="0.798336">
      <testcase name="testLandOnIndexPage" class="DataTypesControllerTest" file="/home/gareth/Dropbox/Zend-CMS/project/cms/tests/application/controllers/DataTypesControllerTest.php" line="34" assertions="6" time="0.074510"/>
      <testcase name="testEditorNoAccess" class="DataTypesControllerTest" file="/home/gareth/Dropbox/Zend-CMS/project/cms/tests/application/controllers/DataTypesControllerTest.php" line="45" assertions="4" time="0.012067"/>
      <testcase name="testAdminNoAccess" class="DataTypesControllerTest" file="/home/gareth/Dropbox/Zend-CMS/project/cms/tests/application/controllers/DataTypesControllerTest.php" line="55" assertions="4" time="0.011967"/>
      <testcase name="testAddCorrect" class="DataTypesControllerTest" file="/home/gareth/Dropbox/Zend-CMS/project/cms/tests/application/controllers/DataTypesControllerTest.php" line="66" assertions="5" time="0.075238"/>
      <testcase name="testRequiredInputs" class="DataTypesControllerTest" file="/home/gareth/Dropbox/Zend-CMS/project/cms/tests/application/controllers/DataTypesControllerTest.php" line="84" assertions="4" time="0.027165"/>
      <testcase name="testNameTakenAdd" class="DataTypesControllerTest" file="/home/gareth/Dropbox/Zend-CMS/project/cms/tests/application/controllers/DataTypesControllerTest.php" line="103" assertions="5" time="0.074263"/>
      <testcase name="testEditUser" class="DataTypesControllerTest" file="/home/gareth/Dropbox/Zend-CMS/project/cms/tests/application/controllers/DataTypesControllerTest.php" line="124" assertions="4" time="0.133644"/>
      <testcase name="testIncorrectArgsEdit" class="DataTypesControllerTest" file="/home/gareth/Dropbox/Zend-CMS/project/cms/tests/application/controllers/DataTypesControllerTest.php" line="142" assertions="3" time="0.012672"/>
      <testcase name="testContentTypeNotFoundEdit" class="DataTypesControllerTest" file="/home/gareth/Dropbox/Zend-CMS/project/cms/tests/application/controllers/DataTypesControllerTest.php" line="148" assertions="3" time="0.073604"/>
      <testcase name="testCantLocateRemoveUserId" class="DataTypesControllerTest" file="/home/gareth/Dropbox/Zend-CMS/project/cms/tests/application/controllers/DataTypesControllerTest.php" line="155" assertions="4" time="0.070466"/>
      <testcase name="testRemoveConfirmAction" class="DataTypesControllerTest" file="/home/gareth/Dropbox/Zend-CMS/project/cms/tests/application/controllers/DataTypesControllerTest.php" line="165" assertions="3" time="0.012733"/>
      <testcase name="testRemoveConfirmWithId" class="DataTypesControllerTest" file="/home/gareth/Dropbox/Zend-CMS/project/cms/tests/application/controllers/DataTypesControllerTest.php" line="171" assertions="3" time="0.074502"/>
      <testcase name="testRemoveConfirmInccorectId" class="DataTypesControllerTest" file="/home/gareth/Dropbox/Zend-CMS/project/cms/tests/application/controllers/DataTypesControllerTest.php" line="178" assertions="3" time="0.070499"/>
      <testcase name="testRemoveContentType" class="DataTypesControllerTest" file="/home/gareth/Dropbox/Zend-CMS/project/cms/tests/application/controllers/DataTypesControllerTest.php" line="185" assertions="4" time="0.075005"/>
    </testsuite>
    <testsuite name="ApiControllerTest" file="/home/gareth/Dropbox/Zend-CMS/project/cms/tests/application/controllers/ApiControllerTest.php" tests="20" assertions="57" failures="0" errors="0" time="1.502184">
      <testcase name="testLandOnIndexPage" class="ApiControllerTest" file="/home/gareth/Dropbox/Zend-CMS/project/cms/tests/application/controllers/ApiControllerTest.php" line="32" assertions="3" time="0.013549"/>
      <testcase name="testEditorNoAccessAdmin" class="ApiControllerTest" file="/home/gareth/Dropbox/Zend-CMS/project/cms/tests/application/controllers/ApiControllerTest.php" line="40" assertions="3" time="0.013250"/>
      <testcase name="testAdminHasAccessAdmin" class="ApiControllerTest" file="/home/gareth/Dropbox/Zend-CMS/project/cms/tests/application/controllers/ApiControllerTest.php" line="50" assertions="5" time="0.074309"/>
      <testcase name="testAddUserCorrect" class="ApiControllerTest" file="/home/gareth/Dropbox/Zend-CMS/project/cms/tests/application/controllers/ApiControllerTest.php" line="60" assertions="3" time="0.078872"/>
      <testcase name="testAddSecondUser" class="ApiControllerTest" file="/home/gareth/Dropbox/Zend-CMS/project/cms/tests/application/controllers/ApiControllerTest.php" line="80" assertions="3" time="0.078608"/>
      <testcase name="testRequiredInputsApiForm" class="ApiControllerTest" file="/home/gareth/Dropbox/Zend-CMS/project/cms/tests/application/controllers/ApiControllerTest.php" line="95" assertions="4" time="0.042364"/>
      <testcase name="testRefTakenAdd" class="ApiControllerTest" file="/home/gareth/Dropbox/Zend-CMS/project/cms/tests/application/controllers/ApiControllerTest.php" line="117" assertions="3" time="0.099522"/>
      <testcase name="testKeyTakenAdd" class="ApiControllerTest" file="/home/gareth/Dropbox/Zend-CMS/project/cms/tests/application/controllers/ApiControllerTest.php" line="136" assertions="3" time="0.098666"/>
      <testcase name="testEditUser" class="ApiControllerTest" file="/home/gareth/Dropbox/Zend-CMS/project/cms/tests/application/controllers/ApiControllerTest.php" line="158" assertions="3" time="0.135430"/>
      <testcase name="testResetUserOne" class="ApiControllerTest" file="/home/gareth/Dropbox/Zend-CMS/project/cms/tests/application/controllers/ApiControllerTest.php" line="182" assertions="3" time="0.136446"/>
      <testcase name="testRefTakenEdit" class="ApiControllerTest" file="/home/gareth/Dropbox/Zend-CMS/project/cms/tests/application/controllers/ApiControllerTest.php" line="207" assertions="3" time="0.163098"/>
      <testcase name="testKeyTakenEdit" class="ApiControllerTest" file="/home/gareth/Dropbox/Zend-CMS/project/cms/tests/application/controllers/ApiControllerTest.php" line="230" assertions="3" time="0.159765"/>
      <testcase name="testIncorrectArgsEdit" class="ApiControllerTest" file="/home/gareth/Dropbox/Zend-CMS/project/cms/tests/application/controllers/ApiControllerTest.php" line="251" assertions="2" time="0.014091"/>
      <testcase name="testApiUserNotFoundEdit" class="ApiControllerTest" file="/home/gareth/Dropbox/Zend-CMS/project/cms/tests/application/controllers/ApiControllerTest.php" line="257" assertions="2" time="0.074075"/>
      <testcase name="testCantLocateRemoveUserId" class="ApiControllerTest" file="/home/gareth/Dropbox/Zend-CMS/project/cms/tests/application/controllers/ApiControllerTest.php" line="263" assertions="3" time="0.072584"/>
      <testcase name="testCantRemoveUserIdIncorrect" class="ApiControllerTest" file="/home/gareth/Dropbox/Zend-CMS/project/cms/tests/application/controllers/ApiControllerTest.php" line="273" assertions="3" time="0.015127"/>
      <testcase name="testRemoveUser" class="ApiControllerTest" file="/home/gareth/Dropbox/Zend-CMS/project/cms/tests/application/controllers/ApiControllerTest.php" line="284" assertions="2" time="0.071515"/>
      <testcase name="testRemoveUserConfirmAction" class="ApiControllerTest" file="/home/gareth/Dropbox/Zend-CMS/project/cms/tests/application/controllers/ApiControllerTest.php" line="298" assertions="2" time="0.014213"/>
      <testcase name="testRemoveUserConfirmWithId" class="ApiControllerTest" file="/home/gareth/Dropbox/Zend-CMS/project/cms/tests/application/controllers/ApiControllerTest.php" line="304" assertions="2" time="0.074919"/>
      <testcase name="testRemoveUserConfirmIncorrectId" class="ApiControllerTest" file="/home/gareth/Dropbox/Zend-CMS/project/cms/tests/application/controllers/ApiControllerTest.php" line="314" assertions="2" time="0.071781"/>
    </testsuite>
    <testsuite name="ContentControllerTest" file="/home/gareth/Dropbox/Zend-CMS/project/cms/tests/application/controllers/ContentControllerTest.php" tests="20" assertions="75" failures="0" errors="0" time="2.242265">
      <testcase name="testIndexPage" class="ContentControllerTest" file="/home/gareth/Dropbox/Zend-CMS/project/cms/tests/application/controllers/ContentControllerTest.php" line="42" assertions="5" time="0.076508"/>
      <testcase name="testEditorHasAccessIndex" class="ContentControllerTest" file="/home/gareth/Dropbox/Zend-CMS/project/cms/tests/application/controllers/ContentControllerTest.php" line="52" assertions="6" time="0.076795"/>
      <testcase name="testEditorAccessAdd" class="ContentControllerTest" file="/home/gareth/Dropbox/Zend-CMS/project/cms/tests/application/controllers/ContentControllerTest.php" line="65" assertions="6" time="0.158172"/>
      <testcase name="testAdminAccessAddAction" class="ContentControllerTest" file="/home/gareth/Dropbox/Zend-CMS/project/cms/tests/application/controllers/ContentControllerTest.php" line="79" assertions="5" time="0.156294"/>
      <testcase name="testAddContentCorrect" class="ContentControllerTest" file="/home/gareth/Dropbox/Zend-CMS/project/cms/tests/application/controllers/ContentControllerTest.php" line="90" assertions="5" time="0.216784"/>
      <testcase name="testAddContentCorrectSecond" class="ContentControllerTest" file="/home/gareth/Dropbox/Zend-CMS/project/cms/tests/application/controllers/ContentControllerTest.php" line="130" assertions="5" time="0.199510"/>
      <testcase name="testRefTakenAdd" class="ContentControllerTest" file="/home/gareth/Dropbox/Zend-CMS/project/cms/tests/application/controllers/ContentControllerTest.php" line="171" assertions="4" time="0.222150"/>
      <testcase name="testAddActionIncorrectArgsText" class="ContentControllerTest" file="/home/gareth/Dropbox/Zend-CMS/project/cms/tests/application/controllers/ContentControllerTest.php" line="204" assertions="2" time="0.015273"/>
      <testcase name="testAddActionNotFoundArg" class="ContentControllerTest" file="/home/gareth/Dropbox/Zend-CMS/project/cms/tests/application/controllers/ContentControllerTest.php" line="212" assertions="2" time="0.073868"/>
      <testcase name="testEditContentCorrect" class="ContentControllerTest" file="/home/gareth/Dropbox/Zend-CMS/project/cms/tests/application/controllers/ContentControllerTest.php" line="218" assertions="5" time="0.199797"/>
      <testcase name="testEditRefTheSameShouldWork" class="ContentControllerTest" file="/home/gareth/Dropbox/Zend-CMS/project/cms/tests/application/controllers/ContentControllerTest.php" line="260" assertions="4" time="0.199268"/>
      <testcase name="testEditContentRefTaken" class="ContentControllerTest" file="/home/gareth/Dropbox/Zend-CMS/project/cms/tests/application/controllers/ContentControllerTest.php" line="295" assertions="4" time="0.225672"/>
      <testcase name="testEditContentIcorrectArgs" class="ContentControllerTest" file="/home/gareth/Dropbox/Zend-CMS/project/cms/tests/application/controllers/ContentControllerTest.php" line="328" assertions="2" time="0.015726"/>
      <testcase name="testEditContentNotFoundArgs" class="ContentControllerTest" file="/home/gareth/Dropbox/Zend-CMS/project/cms/tests/application/controllers/ContentControllerTest.php" line="334" assertions="2" time="0.076746"/>
      <testcase name="testRemoveContentIncorrectId" class="ContentControllerTest" file="/home/gareth/Dropbox/Zend-CMS/project/cms/tests/application/controllers/ContentControllerTest.php" line="341" assertions="2" time="0.072246"/>
      <testcase name="testRemoveContentInocrrectFormatArgs" class="ContentControllerTest" file="/home/gareth/Dropbox/Zend-CMS/project/cms/tests/application/controllers/ContentControllerTest.php" line="348" assertions="2" time="0.015718"/>
      <testcase name="testRemoveConfirmNoIdFound" class="ContentControllerTest" file="/home/gareth/Dropbox/Zend-CMS/project/cms/tests/application/controllers/ContentControllerTest.php" line="355" assertions="2" time="0.073838"/>
      <testcase name="testRemoveConfirmIncorrectFormatId" class="ContentControllerTest" file="/home/gareth/Dropbox/Zend-CMS/project/cms/tests/application/controllers/ContentControllerTest.php" line="362" assertions="2" time="0.015881"/>
      <testcase name="testRemoveConfirmContentCorrect" class="ContentControllerTest" file="/home/gareth/Dropbox/Zend-CMS/project/cms/tests/application/controllers/ContentControllerTest.php" line="369" assertions="6" time="0.076899"/>
      <testcase name="testRemoveContentFoReal" class="ContentControllerTest" file="/home/gareth/Dropbox/Zend-CMS/project/cms/tests/application/controllers/ContentControllerTest.php" line="389" assertions="4" time="0.075119"/>
    </testsuite>
  </testsuite>
</testsuites>
