<?xml version="1.0" encoding="UTF-8"?>
<testsuites>
  <testsuite name="Application Test Suite" tests="155" assertions="554" failures="0" errors="0" time="14.752102">
    <testsuite name="ContentTypeFieldsControllerTest" file="/home/gareth/Desktop/Zend-CMS/project/cms/tests/application/controllers/ContentTypeFieldsControllerTest.php" tests="23" assertions="84" failures="0" errors="0" time="2.056808">
      <testcase name="testNoParamsIndexPage" class="ContentTypeFieldsControllerTest" file="/home/gareth/Desktop/Zend-CMS/project/cms/tests/application/controllers/ContentTypeFieldsControllerTest.php" line="33" assertions="3" time="0.056879"/>
      <testcase name="testIndexPage" class="ContentTypeFieldsControllerTest" file="/home/gareth/Desktop/Zend-CMS/project/cms/tests/application/controllers/ContentTypeFieldsControllerTest.php" line="40" assertions="6" time="0.136133"/>
      <testcase name="testEditorNoAccess" class="ContentTypeFieldsControllerTest" file="/home/gareth/Desktop/Zend-CMS/project/cms/tests/application/controllers/ContentTypeFieldsControllerTest.php" line="51" assertions="4" time="0.008443"/>
      <testcase name="testAdminNoAccess" class="ContentTypeFieldsControllerTest" file="/home/gareth/Desktop/Zend-CMS/project/cms/tests/application/controllers/ContentTypeFieldsControllerTest.php" line="61" assertions="4" time="0.008345"/>
      <testcase name="testAddCorrect" class="ContentTypeFieldsControllerTest" file="/home/gareth/Desktop/Zend-CMS/project/cms/tests/application/controllers/ContentTypeFieldsControllerTest.php" line="71" assertions="4" time="0.142095"/>
      <testcase name="testRequiredInputs" class="ContentTypeFieldsControllerTest" file="/home/gareth/Desktop/Zend-CMS/project/cms/tests/application/controllers/ContentTypeFieldsControllerTest.php" line="94" assertions="4" time="0.091378"/>
      <testcase name="testNameTakenAdd" class="ContentTypeFieldsControllerTest" file="/home/gareth/Desktop/Zend-CMS/project/cms/tests/application/controllers/ContentTypeFieldsControllerTest.php" line="113" assertions="5" time="0.131962"/>
      <testcase name="testAddSecondCorrect" class="ContentTypeFieldsControllerTest" file="/home/gareth/Desktop/Zend-CMS/project/cms/tests/application/controllers/ContentTypeFieldsControllerTest.php" line="137" assertions="4" time="0.130852"/>
      <testcase name="testEditFirstContentTypeField" class="ContentTypeFieldsControllerTest" file="/home/gareth/Desktop/Zend-CMS/project/cms/tests/application/controllers/ContentTypeFieldsControllerTest.php" line="157" assertions="4" time="0.189373"/>
      <testcase name="testCanNameFieldSameAsFieldInOtherType" class="ContentTypeFieldsControllerTest" file="/home/gareth/Desktop/Zend-CMS/project/cms/tests/application/controllers/ContentTypeFieldsControllerTest.php" line="182" assertions="4" time="0.191994"/>
      <testcase name="testNameTakenOnFieldInContentType" class="ContentTypeFieldsControllerTest" file="/home/gareth/Desktop/Zend-CMS/project/cms/tests/application/controllers/ContentTypeFieldsControllerTest.php" line="206" assertions="5" time="0.131515"/>
      <testcase name="testIncorrectArgsEdit" class="ContentTypeFieldsControllerTest" file="/home/gareth/Desktop/Zend-CMS/project/cms/tests/application/controllers/ContentTypeFieldsControllerTest.php" line="240" assertions="3" time="0.067705"/>
      <testcase name="testContentFieldNotFound" class="ContentTypeFieldsControllerTest" file="/home/gareth/Desktop/Zend-CMS/project/cms/tests/application/controllers/ContentTypeFieldsControllerTest.php" line="246" assertions="3" time="0.127457"/>
      <testcase name="testEditCorrectParamButNoContentType" class="ContentTypeFieldsControllerTest" file="/home/gareth/Desktop/Zend-CMS/project/cms/tests/application/controllers/ContentTypeFieldsControllerTest.php" line="255" assertions="3" time="0.010854"/>
      <testcase name="testAddCorrectButNoContentType" class="ContentTypeFieldsControllerTest" file="/home/gareth/Desktop/Zend-CMS/project/cms/tests/application/controllers/ContentTypeFieldsControllerTest.php" line="267" assertions="3" time="0.009182"/>
      <testcase name="testCantLocateRemoveUserId" class="ContentTypeFieldsControllerTest" file="/home/gareth/Desktop/Zend-CMS/project/cms/tests/application/controllers/ContentTypeFieldsControllerTest.php" line="274" assertions="3" time="0.130485"/>
      <testcase name="testCorrectRemoveidNoContentType" class="ContentTypeFieldsControllerTest" file="/home/gareth/Desktop/Zend-CMS/project/cms/tests/application/controllers/ContentTypeFieldsControllerTest.php" line="281" assertions="3" time="0.010919"/>
      <testcase name="testRemoveConfirmActionNoContentType" class="ContentTypeFieldsControllerTest" file="/home/gareth/Desktop/Zend-CMS/project/cms/tests/application/controllers/ContentTypeFieldsControllerTest.php" line="289" assertions="3" time="0.009476"/>
      <testcase name="testRemoveConfirmActionNoId" class="ContentTypeFieldsControllerTest" file="/home/gareth/Desktop/Zend-CMS/project/cms/tests/application/controllers/ContentTypeFieldsControllerTest.php" line="295" assertions="3" time="0.068044"/>
      <testcase name="testRemoveConfirmInccorectId" class="ContentTypeFieldsControllerTest" file="/home/gareth/Desktop/Zend-CMS/project/cms/tests/application/controllers/ContentTypeFieldsControllerTest.php" line="301" assertions="3" time="0.128083"/>
      <testcase name="testRemoveConfirmWithId" class="ContentTypeFieldsControllerTest" file="/home/gareth/Desktop/Zend-CMS/project/cms/tests/application/controllers/ContentTypeFieldsControllerTest.php" line="307" assertions="4" time="0.131226"/>
      <testcase name="testRemoveContentTypeFieldOne" class="ContentTypeFieldsControllerTest" file="/home/gareth/Desktop/Zend-CMS/project/cms/tests/application/controllers/ContentTypeFieldsControllerTest.php" line="318" assertions="4" time="0.133923"/>
      <testcase name="testCleanup" class="ContentTypeFieldsControllerTest" file="/home/gareth/Desktop/Zend-CMS/project/cms/tests/application/controllers/ContentTypeFieldsControllerTest.php" line="334" assertions="2" time="0.010485"/>
    </testsuite>
    <testsuite name="IndexControllerTest" file="/home/gareth/Desktop/Zend-CMS/project/cms/tests/application/controllers/IndexControllerTest.php" tests="24" assertions="103" failures="0" errors="0" time="2.982041">
      <testcase name="testEditorAccessIndex" class="IndexControllerTest" file="/home/gareth/Desktop/Zend-CMS/project/cms/tests/application/controllers/IndexControllerTest.php" line="45" assertions="5" time="0.188759"/>
      <testcase name="testSuperadminAccessIndex" class="IndexControllerTest" file="/home/gareth/Desktop/Zend-CMS/project/cms/tests/application/controllers/IndexControllerTest.php" line="54" assertions="5" time="0.189142"/>
      <testcase name="testEditorCanAddPage" class="IndexControllerTest" file="/home/gareth/Desktop/Zend-CMS/project/cms/tests/application/controllers/IndexControllerTest.php" line="68" assertions="5" time="0.082074"/>
      <testcase name="testSuperAdminCanAddPage" class="IndexControllerTest" file="/home/gareth/Desktop/Zend-CMS/project/cms/tests/application/controllers/IndexControllerTest.php" line="77" assertions="5" time="0.080968"/>
      <testcase name="testAddPageCorrect" class="IndexControllerTest" file="/home/gareth/Desktop/Zend-CMS/project/cms/tests/application/controllers/IndexControllerTest.php" line="86" assertions="4" time="0.250449"/>
      <testcase name="testAddSecondPageCorrect" class="IndexControllerTest" file="/home/gareth/Desktop/Zend-CMS/project/cms/tests/application/controllers/IndexControllerTest.php" line="114" assertions="4" time="0.300721"/>
      <testcase name="testNameTakenAddPage" class="IndexControllerTest" file="/home/gareth/Desktop/Zend-CMS/project/cms/tests/application/controllers/IndexControllerTest.php" line="143" assertions="4" time="0.145028"/>
      <testcase name="testRequiredInputsAdd" class="IndexControllerTest" file="/home/gareth/Desktop/Zend-CMS/project/cms/tests/application/controllers/IndexControllerTest.php" line="167" assertions="4" time="0.084467"/>
      <testcase name="testSuperAdminCanEditPage" class="IndexControllerTest" file="/home/gareth/Desktop/Zend-CMS/project/cms/tests/application/controllers/IndexControllerTest.php" line="188" assertions="6" time="0.141048"/>
      <testcase name="testEditorCanEditPage" class="IndexControllerTest" file="/home/gareth/Desktop/Zend-CMS/project/cms/tests/application/controllers/IndexControllerTest.php" line="203" assertions="6" time="0.138409"/>
      <testcase name="testEditPageOneCorrect" class="IndexControllerTest" file="/home/gareth/Desktop/Zend-CMS/project/cms/tests/application/controllers/IndexControllerTest.php" line="218" assertions="5" time="0.231652"/>
      <testcase name="testNameTakenEditPageOne" class="IndexControllerTest" file="/home/gareth/Desktop/Zend-CMS/project/cms/tests/application/controllers/IndexControllerTest.php" line="247" assertions="4" time="0.195595"/>
      <testcase name="testRequiredInputsEditPage" class="IndexControllerTest" file="/home/gareth/Desktop/Zend-CMS/project/cms/tests/application/controllers/IndexControllerTest.php" line="274" assertions="5" time="0.143118"/>
      <testcase name="testIdPassedToEdit" class="IndexControllerTest" file="/home/gareth/Desktop/Zend-CMS/project/cms/tests/application/controllers/IndexControllerTest.php" line="300" assertions="2" time="0.010791"/>
      <testcase name="testIdPassedButNotFoundEdit" class="IndexControllerTest" file="/home/gareth/Desktop/Zend-CMS/project/cms/tests/application/controllers/IndexControllerTest.php" line="306" assertions="2" time="0.069664"/>
      <testcase name="testEditorCanRemoveConfirm" class="IndexControllerTest" file="/home/gareth/Desktop/Zend-CMS/project/cms/tests/application/controllers/IndexControllerTest.php" line="312" assertions="6" time="0.073645"/>
      <testcase name="testSuperadminCanRemoveConfirm" class="IndexControllerTest" file="/home/gareth/Desktop/Zend-CMS/project/cms/tests/application/controllers/IndexControllerTest.php" line="326" assertions="6" time="0.074305"/>
      <testcase name="testAdminRemoveConfirm" class="IndexControllerTest" file="/home/gareth/Desktop/Zend-CMS/project/cms/tests/application/controllers/IndexControllerTest.php" line="340" assertions="5" time="0.074229"/>
      <testcase name="testIncorrectFormatArgumentRemoveConfirm" class="IndexControllerTest" file="/home/gareth/Desktop/Zend-CMS/project/cms/tests/application/controllers/IndexControllerTest.php" line="353" assertions="2" time="0.011090"/>
      <testcase name="testTemplateNotFoundRemoveConfirm" class="IndexControllerTest" file="/home/gareth/Desktop/Zend-CMS/project/cms/tests/application/controllers/IndexControllerTest.php" line="359" assertions="2" time="0.069999"/>
      <testcase name="testRemoveFirstPageCorrect" class="IndexControllerTest" file="/home/gareth/Desktop/Zend-CMS/project/cms/tests/application/controllers/IndexControllerTest.php" line="365" assertions="6" time="0.151653"/>
      <testcase name="testIncorrectArgsRemove" class="IndexControllerTest" file="/home/gareth/Desktop/Zend-CMS/project/cms/tests/application/controllers/IndexControllerTest.php" line="385" assertions="2" time="0.011311"/>
      <testcase name="testIdButNotFoundRemove" class="IndexControllerTest" file="/home/gareth/Desktop/Zend-CMS/project/cms/tests/application/controllers/IndexControllerTest.php" line="391" assertions="2" time="0.112440"/>
      <testcase name="testRemoveSecondPageCorrect" class="IndexControllerTest" file="/home/gareth/Desktop/Zend-CMS/project/cms/tests/application/controllers/IndexControllerTest.php" line="397" assertions="6" time="0.151485"/>
    </testsuite>
    <testsuite name="UserControllerTest" file="/home/gareth/Desktop/Zend-CMS/project/cms/tests/application/controllers/UserControllerTest.php" tests="32" assertions="90" failures="0" errors="0" time="2.571776">
      <testcase name="testLandOnIndexPage" class="UserControllerTest" file="/home/gareth/Desktop/Zend-CMS/project/cms/tests/application/controllers/UserControllerTest.php" line="33" assertions="3" time="0.012785"/>
      <testcase name="testLoginPage" class="UserControllerTest" file="/home/gareth/Desktop/Zend-CMS/project/cms/tests/application/controllers/UserControllerTest.php" line="42" assertions="4" time="0.034179"/>
      <testcase name="testLoginCorrect" class="UserControllerTest" file="/home/gareth/Desktop/Zend-CMS/project/cms/tests/application/controllers/UserControllerTest.php" line="53" assertions="2" time="0.017432"/>
      <testcase name="testInCorrectLogin" class="UserControllerTest" file="/home/gareth/Desktop/Zend-CMS/project/cms/tests/application/controllers/UserControllerTest.php" line="72" assertions="2" time="0.033036"/>
      <testcase name="testEditorNoAccessAdmin" class="UserControllerTest" file="/home/gareth/Desktop/Zend-CMS/project/cms/tests/application/controllers/UserControllerTest.php" line="88" assertions="3" time="0.011742"/>
      <testcase name="testAdminHasAccessAdmin" class="UserControllerTest" file="/home/gareth/Desktop/Zend-CMS/project/cms/tests/application/controllers/UserControllerTest.php" line="98" assertions="5" time="0.074990"/>
      <testcase name="testAddUserCorrect" class="UserControllerTest" file="/home/gareth/Desktop/Zend-CMS/project/cms/tests/application/controllers/UserControllerTest.php" line="108" assertions="3" time="0.198862"/>
      <testcase name="testRequiredInputsUserForm" class="UserControllerTest" file="/home/gareth/Desktop/Zend-CMS/project/cms/tests/application/controllers/UserControllerTest.php" line="132" assertions="8" time="0.060476"/>
      <testcase name="testPasswordsDontMatch" class="UserControllerTest" file="/home/gareth/Desktop/Zend-CMS/project/cms/tests/application/controllers/UserControllerTest.php" line="159" assertions="3" time="0.054815"/>
      <testcase name="testUserNameTakenAdd" class="UserControllerTest" file="/home/gareth/Desktop/Zend-CMS/project/cms/tests/application/controllers/UserControllerTest.php" line="176" assertions="3" time="0.115121"/>
      <testcase name="testUserEmailAddressTakenAdd" class="UserControllerTest" file="/home/gareth/Desktop/Zend-CMS/project/cms/tests/application/controllers/UserControllerTest.php" line="194" assertions="3" time="0.113376"/>
      <testcase name="testEditUser" class="UserControllerTest" file="/home/gareth/Desktop/Zend-CMS/project/cms/tests/application/controllers/UserControllerTest.php" line="214" assertions="3" time="0.181252"/>
      <testcase name="testAddSecondUser" class="UserControllerTest" file="/home/gareth/Desktop/Zend-CMS/project/cms/tests/application/controllers/UserControllerTest.php" line="241" assertions="3" time="0.117836"/>
      <testcase name="testUserNameTakenEdit" class="UserControllerTest" file="/home/gareth/Desktop/Zend-CMS/project/cms/tests/application/controllers/UserControllerTest.php" line="259" assertions="3" time="0.180383"/>
      <testcase name="testUserEmailAddressTakenEdit" class="UserControllerTest" file="/home/gareth/Desktop/Zend-CMS/project/cms/tests/application/controllers/UserControllerTest.php" line="283" assertions="3" time="0.183087"/>
      <testcase name="testIncorrectArgsEdit" class="UserControllerTest" file="/home/gareth/Desktop/Zend-CMS/project/cms/tests/application/controllers/UserControllerTest.php" line="304" assertions="2" time="0.012626"/>
      <testcase name="testUserNotFoundEdit" class="UserControllerTest" file="/home/gareth/Desktop/Zend-CMS/project/cms/tests/application/controllers/UserControllerTest.php" line="310" assertions="2" time="0.072362"/>
      <testcase name="testLogout" class="UserControllerTest" file="/home/gareth/Desktop/Zend-CMS/project/cms/tests/application/controllers/UserControllerTest.php" line="316" assertions="2" time="0.012893"/>
      <testcase name="testCantLocateRemoveUserId" class="UserControllerTest" file="/home/gareth/Desktop/Zend-CMS/project/cms/tests/application/controllers/UserControllerTest.php" line="322" assertions="3" time="0.072743"/>
      <testcase name="testCantRemoveUserIdIncorrect" class="UserControllerTest" file="/home/gareth/Desktop/Zend-CMS/project/cms/tests/application/controllers/UserControllerTest.php" line="332" assertions="3" time="0.014433"/>
      <testcase name="testRemoveUser" class="UserControllerTest" file="/home/gareth/Desktop/Zend-CMS/project/cms/tests/application/controllers/UserControllerTest.php" line="343" assertions="3" time="0.124094"/>
      <testcase name="testRemoveUserConfirmAction" class="UserControllerTest" file="/home/gareth/Desktop/Zend-CMS/project/cms/tests/application/controllers/UserControllerTest.php" line="357" assertions="2" time="0.012839"/>
      <testcase name="testRemoveUserConfirmWithId" class="UserControllerTest" file="/home/gareth/Desktop/Zend-CMS/project/cms/tests/application/controllers/UserControllerTest.php" line="363" assertions="2" time="0.076883"/>
      <testcase name="testRemoveUserConfirmInccorectId" class="UserControllerTest" file="/home/gareth/Desktop/Zend-CMS/project/cms/tests/application/controllers/UserControllerTest.php" line="370" assertions="2" time="0.072138"/>
      <testcase name="testShownForgotPasswordLink" class="UserControllerTest" file="/home/gareth/Desktop/Zend-CMS/project/cms/tests/application/controllers/UserControllerTest.php" line="376" assertions="2" time="0.101428"/>
      <testcase name="testForgotPasswordActionAndContent" class="UserControllerTest" file="/home/gareth/Desktop/Zend-CMS/project/cms/tests/application/controllers/UserControllerTest.php" line="407" assertions="3" time="0.027386"/>
      <testcase name="testForgotPasswordSubmitNoAccountFound" class="UserControllerTest" file="/home/gareth/Desktop/Zend-CMS/project/cms/tests/application/controllers/UserControllerTest.php" line="417" assertions="2" time="0.089440"/>
      <testcase name="testForgotPasswordAccountFound" class="UserControllerTest" file="/home/gareth/Desktop/Zend-CMS/project/cms/tests/application/controllers/UserControllerTest.php" line="434" assertions="2" time="0.184350"/>
      <testcase name="testActivatePasswordAction" class="UserControllerTest" file="/home/gareth/Desktop/Zend-CMS/project/cms/tests/application/controllers/UserControllerTest.php" line="452" assertions="2" time="0.015391"/>
      <testcase name="testActivatePasswordIncorrectHash" class="UserControllerTest" file="/home/gareth/Desktop/Zend-CMS/project/cms/tests/application/controllers/UserControllerTest.php" line="462" assertions="2" time="0.017580"/>
      <testcase name="testActivatePasswordCorrectHash" class="UserControllerTest" file="/home/gareth/Desktop/Zend-CMS/project/cms/tests/application/controllers/UserControllerTest.php" line="473" assertions="2" time="0.096540"/>
      <testcase name="testActivatePasswordComplete" class="UserControllerTest" file="/home/gareth/Desktop/Zend-CMS/project/cms/tests/application/controllers/UserControllerTest.php" line="485" assertions="3" time="0.179277"/>
    </testsuite>
    <testsuite name="ApiControllerTest" file="/home/gareth/Desktop/Zend-CMS/project/cms/tests/application/controllers/ApiControllerTest.php" tests="20" assertions="57" failures="0" errors="0" time="1.560634">
      <testcase name="testLandOnIndexPage" class="ApiControllerTest" file="/home/gareth/Desktop/Zend-CMS/project/cms/tests/application/controllers/ApiControllerTest.php" line="32" assertions="3" time="0.014077"/>
      <testcase name="testEditorNoAccessAdmin" class="ApiControllerTest" file="/home/gareth/Desktop/Zend-CMS/project/cms/tests/application/controllers/ApiControllerTest.php" line="40" assertions="3" time="0.014531"/>
      <testcase name="testAdminHasAccessAdmin" class="ApiControllerTest" file="/home/gareth/Desktop/Zend-CMS/project/cms/tests/application/controllers/ApiControllerTest.php" line="50" assertions="5" time="0.075108"/>
      <testcase name="testAddUserCorrect" class="ApiControllerTest" file="/home/gareth/Desktop/Zend-CMS/project/cms/tests/application/controllers/ApiControllerTest.php" line="60" assertions="3" time="0.080139"/>
      <testcase name="testAddSecondUser" class="ApiControllerTest" file="/home/gareth/Desktop/Zend-CMS/project/cms/tests/application/controllers/ApiControllerTest.php" line="80" assertions="3" time="0.080645"/>
      <testcase name="testRequiredInputsApiForm" class="ApiControllerTest" file="/home/gareth/Desktop/Zend-CMS/project/cms/tests/application/controllers/ApiControllerTest.php" line="95" assertions="4" time="0.044261"/>
      <testcase name="testRefTakenAdd" class="ApiControllerTest" file="/home/gareth/Desktop/Zend-CMS/project/cms/tests/application/controllers/ApiControllerTest.php" line="117" assertions="3" time="0.100979"/>
      <testcase name="testKeyTakenAdd" class="ApiControllerTest" file="/home/gareth/Desktop/Zend-CMS/project/cms/tests/application/controllers/ApiControllerTest.php" line="136" assertions="3" time="0.101462"/>
      <testcase name="testEditUser" class="ApiControllerTest" file="/home/gareth/Desktop/Zend-CMS/project/cms/tests/application/controllers/ApiControllerTest.php" line="158" assertions="3" time="0.138955"/>
      <testcase name="testResetUserOne" class="ApiControllerTest" file="/home/gareth/Desktop/Zend-CMS/project/cms/tests/application/controllers/ApiControllerTest.php" line="182" assertions="3" time="0.139933"/>
      <testcase name="testRefTakenEdit" class="ApiControllerTest" file="/home/gareth/Desktop/Zend-CMS/project/cms/tests/application/controllers/ApiControllerTest.php" line="207" assertions="3" time="0.162533"/>
      <testcase name="testKeyTakenEdit" class="ApiControllerTest" file="/home/gareth/Desktop/Zend-CMS/project/cms/tests/application/controllers/ApiControllerTest.php" line="230" assertions="3" time="0.182991"/>
      <testcase name="testIncorrectArgsEdit" class="ApiControllerTest" file="/home/gareth/Desktop/Zend-CMS/project/cms/tests/application/controllers/ApiControllerTest.php" line="251" assertions="2" time="0.014542"/>
      <testcase name="testApiUserNotFoundEdit" class="ApiControllerTest" file="/home/gareth/Desktop/Zend-CMS/project/cms/tests/application/controllers/ApiControllerTest.php" line="257" assertions="2" time="0.076235"/>
      <testcase name="testCantLocateRemoveUserId" class="ApiControllerTest" file="/home/gareth/Desktop/Zend-CMS/project/cms/tests/application/controllers/ApiControllerTest.php" line="263" assertions="3" time="0.074222"/>
      <testcase name="testCantRemoveUserIdIncorrect" class="ApiControllerTest" file="/home/gareth/Desktop/Zend-CMS/project/cms/tests/application/controllers/ApiControllerTest.php" line="273" assertions="3" time="0.017330"/>
      <testcase name="testRemoveUser" class="ApiControllerTest" file="/home/gareth/Desktop/Zend-CMS/project/cms/tests/application/controllers/ApiControllerTest.php" line="284" assertions="2" time="0.074092"/>
      <testcase name="testRemoveUserConfirmAction" class="ApiControllerTest" file="/home/gareth/Desktop/Zend-CMS/project/cms/tests/application/controllers/ApiControllerTest.php" line="298" assertions="2" time="0.015331"/>
      <testcase name="testRemoveUserConfirmWithId" class="ApiControllerTest" file="/home/gareth/Desktop/Zend-CMS/project/cms/tests/application/controllers/ApiControllerTest.php" line="304" assertions="2" time="0.079546"/>
      <testcase name="testRemoveUserConfirmIncorrectId" class="ApiControllerTest" file="/home/gareth/Desktop/Zend-CMS/project/cms/tests/application/controllers/ApiControllerTest.php" line="314" assertions="2" time="0.073722"/>
    </testsuite>
    <testsuite name="ContentTypesControllerTest" file="/home/gareth/Desktop/Zend-CMS/project/cms/tests/application/controllers/ContentTypesControllerTest.php" tests="14" assertions="55" failures="0" errors="0" time="0.854423">
      <testcase name="testLandOnIndexPage" class="ContentTypesControllerTest" file="/home/gareth/Desktop/Zend-CMS/project/cms/tests/application/controllers/ContentTypesControllerTest.php" line="34" assertions="6" time="0.078013"/>
      <testcase name="testEditorNoAccess" class="ContentTypesControllerTest" file="/home/gareth/Desktop/Zend-CMS/project/cms/tests/application/controllers/ContentTypesControllerTest.php" line="45" assertions="4" time="0.014958"/>
      <testcase name="testAdminNoAccess" class="ContentTypesControllerTest" file="/home/gareth/Desktop/Zend-CMS/project/cms/tests/application/controllers/ContentTypesControllerTest.php" line="55" assertions="4" time="0.015404"/>
      <testcase name="testAddCorrect" class="ContentTypesControllerTest" file="/home/gareth/Desktop/Zend-CMS/project/cms/tests/application/controllers/ContentTypesControllerTest.php" line="66" assertions="5" time="0.079042"/>
      <testcase name="testRequiredInputs" class="ContentTypesControllerTest" file="/home/gareth/Desktop/Zend-CMS/project/cms/tests/application/controllers/ContentTypesControllerTest.php" line="84" assertions="4" time="0.034255"/>
      <testcase name="testNameTakenAdd" class="ContentTypesControllerTest" file="/home/gareth/Desktop/Zend-CMS/project/cms/tests/application/controllers/ContentTypesControllerTest.php" line="103" assertions="5" time="0.080394"/>
      <testcase name="testEditUser" class="ContentTypesControllerTest" file="/home/gareth/Desktop/Zend-CMS/project/cms/tests/application/controllers/ContentTypesControllerTest.php" line="124" assertions="4" time="0.137367"/>
      <testcase name="testIncorrectArgsEdit" class="ContentTypesControllerTest" file="/home/gareth/Desktop/Zend-CMS/project/cms/tests/application/controllers/ContentTypesControllerTest.php" line="142" assertions="3" time="0.015290"/>
      <testcase name="testContentTypeNotFoundEdit" class="ContentTypesControllerTest" file="/home/gareth/Desktop/Zend-CMS/project/cms/tests/application/controllers/ContentTypesControllerTest.php" line="148" assertions="3" time="0.075576"/>
      <testcase name="testCantLocateRemoveUserId" class="ContentTypesControllerTest" file="/home/gareth/Desktop/Zend-CMS/project/cms/tests/application/controllers/ContentTypesControllerTest.php" line="155" assertions="4" time="0.077299"/>
      <testcase name="testRemoveConfirmAction" class="ContentTypesControllerTest" file="/home/gareth/Desktop/Zend-CMS/project/cms/tests/application/controllers/ContentTypesControllerTest.php" line="165" assertions="3" time="0.015447"/>
      <testcase name="testRemoveConfirmWithId" class="ContentTypesControllerTest" file="/home/gareth/Desktop/Zend-CMS/project/cms/tests/application/controllers/ContentTypesControllerTest.php" line="171" assertions="3" time="0.079375"/>
      <testcase name="testRemoveConfirmInccorectId" class="ContentTypesControllerTest" file="/home/gareth/Desktop/Zend-CMS/project/cms/tests/application/controllers/ContentTypesControllerTest.php" line="178" assertions="3" time="0.074184"/>
      <testcase name="testRemoveContentType" class="ContentTypesControllerTest" file="/home/gareth/Desktop/Zend-CMS/project/cms/tests/application/controllers/ContentTypesControllerTest.php" line="185" assertions="4" time="0.077819"/>
    </testsuite>
    <testsuite name="ContentControllerTest" file="/home/gareth/Desktop/Zend-CMS/project/cms/tests/application/controllers/ContentControllerTest.php" tests="21" assertions="79" failures="0" errors="0" time="2.475740">
      <testcase name="testIndexPage" class="ContentControllerTest" file="/home/gareth/Desktop/Zend-CMS/project/cms/tests/application/controllers/ContentControllerTest.php" line="42" assertions="5" time="0.079555"/>
      <testcase name="testEditorHasAccessIndex" class="ContentControllerTest" file="/home/gareth/Desktop/Zend-CMS/project/cms/tests/application/controllers/ContentControllerTest.php" line="52" assertions="6" time="0.078130"/>
      <testcase name="testEditorAccessAdd" class="ContentControllerTest" file="/home/gareth/Desktop/Zend-CMS/project/cms/tests/application/controllers/ContentControllerTest.php" line="65" assertions="6" time="0.162630"/>
      <testcase name="testAdminAccessAddAction" class="ContentControllerTest" file="/home/gareth/Desktop/Zend-CMS/project/cms/tests/application/controllers/ContentControllerTest.php" line="79" assertions="5" time="0.162141"/>
      <testcase name="testAddContentCorrect" class="ContentControllerTest" file="/home/gareth/Desktop/Zend-CMS/project/cms/tests/application/controllers/ContentControllerTest.php" line="90" assertions="5" time="0.203708"/>
      <testcase name="testAddContentCorrectSecond" class="ContentControllerTest" file="/home/gareth/Desktop/Zend-CMS/project/cms/tests/application/controllers/ContentControllerTest.php" line="130" assertions="5" time="0.203267"/>
      <testcase name="testRefTakenAdd" class="ContentControllerTest" file="/home/gareth/Desktop/Zend-CMS/project/cms/tests/application/controllers/ContentControllerTest.php" line="171" assertions="4" time="0.226545"/>
      <testcase name="testAddActionIncorrectArgsText" class="ContentControllerTest" file="/home/gareth/Desktop/Zend-CMS/project/cms/tests/application/controllers/ContentControllerTest.php" line="204" assertions="2" time="0.016073"/>
      <testcase name="testAddActionNotFoundArg" class="ContentControllerTest" file="/home/gareth/Desktop/Zend-CMS/project/cms/tests/application/controllers/ContentControllerTest.php" line="212" assertions="2" time="0.074972"/>
      <testcase name="testEditContentCorrect" class="ContentControllerTest" file="/home/gareth/Desktop/Zend-CMS/project/cms/tests/application/controllers/ContentControllerTest.php" line="218" assertions="5" time="0.203950"/>
      <testcase name="testEditRefTheSameShouldWork" class="ContentControllerTest" file="/home/gareth/Desktop/Zend-CMS/project/cms/tests/application/controllers/ContentControllerTest.php" line="260" assertions="4" time="0.202539"/>
      <testcase name="testEditContentRefTaken" class="ContentControllerTest" file="/home/gareth/Desktop/Zend-CMS/project/cms/tests/application/controllers/ContentControllerTest.php" line="295" assertions="4" time="0.229626"/>
      <testcase name="testEditContentIcorrectArgs" class="ContentControllerTest" file="/home/gareth/Desktop/Zend-CMS/project/cms/tests/application/controllers/ContentControllerTest.php" line="328" assertions="2" time="0.016404"/>
      <testcase name="testEditContentNotFoundArgs" class="ContentControllerTest" file="/home/gareth/Desktop/Zend-CMS/project/cms/tests/application/controllers/ContentControllerTest.php" line="334" assertions="2" time="0.075885"/>
      <testcase name="testRemoveContentIncorrectId" class="ContentControllerTest" file="/home/gareth/Desktop/Zend-CMS/project/cms/tests/application/controllers/ContentControllerTest.php" line="341" assertions="2" time="0.076062"/>
      <testcase name="testRemoveContentInocrrectFormatArgs" class="ContentControllerTest" file="/home/gareth/Desktop/Zend-CMS/project/cms/tests/application/controllers/ContentControllerTest.php" line="348" assertions="2" time="0.016704"/>
      <testcase name="testRemoveConfirmNoIdFound" class="ContentControllerTest" file="/home/gareth/Desktop/Zend-CMS/project/cms/tests/application/controllers/ContentControllerTest.php" line="355" assertions="2" time="0.076141"/>
      <testcase name="testRemoveConfirmIncorrectFormatId" class="ContentControllerTest" file="/home/gareth/Desktop/Zend-CMS/project/cms/tests/application/controllers/ContentControllerTest.php" line="362" assertions="2" time="0.016847"/>
      <testcase name="testRemoveConfirmContentCorrect" class="ContentControllerTest" file="/home/gareth/Desktop/Zend-CMS/project/cms/tests/application/controllers/ContentControllerTest.php" line="369" assertions="6" time="0.081773"/>
      <testcase name="testRemoveContentForReal" class="ContentControllerTest" file="/home/gareth/Desktop/Zend-CMS/project/cms/tests/application/controllers/ContentControllerTest.php" line="389" assertions="4" time="0.136564"/>
      <testcase name="testRemoveDuplicateContentCorrect" class="ContentControllerTest" file="/home/gareth/Desktop/Zend-CMS/project/cms/tests/application/controllers/ContentControllerTest.php" line="408" assertions="4" time="0.136224"/>
    </testsuite>
    <testsuite name="TemplatesControllerTest" file="/home/gareth/Desktop/Zend-CMS/project/cms/tests/application/controllers/TemplatesControllerTest.php" tests="21" assertions="86" failures="0" errors="0" time="2.250680">
      <testcase name="testIndexPage" class="TemplatesControllerTest" file="/home/gareth/Desktop/Zend-CMS/project/cms/tests/application/controllers/TemplatesControllerTest.php" line="47" assertions="6" time="0.080388"/>
      <testcase name="testEditorHasNoAccessIndex" class="TemplatesControllerTest" file="/home/gareth/Desktop/Zend-CMS/project/cms/tests/application/controllers/TemplatesControllerTest.php" line="57" assertions="4" time="0.017009"/>
      <testcase name="testEditorHasNoAccessAdd" class="TemplatesControllerTest" file="/home/gareth/Desktop/Zend-CMS/project/cms/tests/application/controllers/TemplatesControllerTest.php" line="64" assertions="4" time="0.017369"/>
      <testcase name="testAdminNoAccessIndex" class="TemplatesControllerTest" file="/home/gareth/Desktop/Zend-CMS/project/cms/tests/application/controllers/TemplatesControllerTest.php" line="71" assertions="4" time="0.017248"/>
      <testcase name="testAdminNoAccessAdd" class="TemplatesControllerTest" file="/home/gareth/Desktop/Zend-CMS/project/cms/tests/application/controllers/TemplatesControllerTest.php" line="78" assertions="4" time="0.017679"/>
      <testcase name="testSuperAdminAccessAdd" class="TemplatesControllerTest" file="/home/gareth/Desktop/Zend-CMS/project/cms/tests/application/controllers/TemplatesControllerTest.php" line="85" assertions="6" time="0.130354"/>
      <testcase name="testAddTemplateCorrect" class="TemplatesControllerTest" file="/home/gareth/Desktop/Zend-CMS/project/cms/tests/application/controllers/TemplatesControllerTest.php" line="97" assertions="5" time="0.291788"/>
      <testcase name="testAddSecondTemplateCorrect" class="TemplatesControllerTest" file="/home/gareth/Desktop/Zend-CMS/project/cms/tests/application/controllers/TemplatesControllerTest.php" line="124" assertions="5" time="0.191625"/>
      <testcase name="testNameTakenAdd" class="TemplatesControllerTest" file="/home/gareth/Desktop/Zend-CMS/project/cms/tests/application/controllers/TemplatesControllerTest.php" line="150" assertions="4" time="0.186044"/>
      <testcase name="testRequiredInputsAdd" class="TemplatesControllerTest" file="/home/gareth/Desktop/Zend-CMS/project/cms/tests/application/controllers/TemplatesControllerTest.php" line="170" assertions="4" time="0.127650"/>
      <testcase name="testEditFirstTemplateCorrect" class="TemplatesControllerTest" file="/home/gareth/Desktop/Zend-CMS/project/cms/tests/application/controllers/TemplatesControllerTest.php" line="189" assertions="4" time="0.295690"/>
      <testcase name="testNameTakenEdit" class="TemplatesControllerTest" file="/home/gareth/Desktop/Zend-CMS/project/cms/tests/application/controllers/TemplatesControllerTest.php" line="224" assertions="4" time="0.250875"/>
      <testcase name="testIdPassedToEdit" class="TemplatesControllerTest" file="/home/gareth/Desktop/Zend-CMS/project/cms/tests/application/controllers/TemplatesControllerTest.php" line="253" assertions="3" time="0.018421"/>
      <testcase name="testIdPassedButNotFoundEdit" class="TemplatesControllerTest" file="/home/gareth/Desktop/Zend-CMS/project/cms/tests/application/controllers/TemplatesControllerTest.php" line="259" assertions="3" time="0.077766"/>
      <testcase name="testRemoveConfirmCorrect" class="TemplatesControllerTest" file="/home/gareth/Desktop/Zend-CMS/project/cms/tests/application/controllers/TemplatesControllerTest.php" line="265" assertions="6" time="0.083566"/>
      <testcase name="testIncorrectFormatArgumentRemoveConfirm" class="TemplatesControllerTest" file="/home/gareth/Desktop/Zend-CMS/project/cms/tests/application/controllers/TemplatesControllerTest.php" line="278" assertions="3" time="0.018853"/>
      <testcase name="testTemplateNotFoundRemoveConfirm" class="TemplatesControllerTest" file="/home/gareth/Desktop/Zend-CMS/project/cms/tests/application/controllers/TemplatesControllerTest.php" line="284" assertions="3" time="0.078187"/>
      <testcase name="testRemoveTemplateCorrect" class="TemplatesControllerTest" file="/home/gareth/Desktop/Zend-CMS/project/cms/tests/application/controllers/TemplatesControllerTest.php" line="290" assertions="4" time="0.134009"/>
      <testcase name="testIncorrectArgsRemove" class="TemplatesControllerTest" file="/home/gareth/Desktop/Zend-CMS/project/cms/tests/application/controllers/TemplatesControllerTest.php" line="304" assertions="3" time="0.018757"/>
      <testcase name="testIdButNotFoundRemove" class="TemplatesControllerTest" file="/home/gareth/Desktop/Zend-CMS/project/cms/tests/application/controllers/TemplatesControllerTest.php" line="310" assertions="3" time="0.076798"/>
      <testcase name="testRemoveSecondTemplate" class="TemplatesControllerTest" file="/home/gareth/Desktop/Zend-CMS/project/cms/tests/application/controllers/TemplatesControllerTest.php" line="316" assertions="4" time="0.120604"/>
    </testsuite>
  </testsuite>
</testsuites>
