<?xml version="1.0" encoding="UTF-8"?>
<testsuites>
  <testsuite name="Application Test Suite" tests="110" assertions="366" failures="0" errors="0" time="9.300857">
    <testsuite name="IndexControllerTest" file="/home/gareth/Dropbox/Zend-CMS/project/cms/tests/application/controllers/IndexControllerTest.php" tests="1" assertions="5" failures="0" errors="0" time="0.303317">
      <testcase name="testLandOnIndexPage" class="IndexControllerTest" file="/home/gareth/Dropbox/Zend-CMS/project/cms/tests/application/controllers/IndexControllerTest.php" line="24" assertions="5" time="0.303317"/>
    </testsuite>
    <testsuite name="UserControllerTest" file="/home/gareth/Dropbox/Zend-CMS/project/cms/tests/application/controllers/UserControllerTest.php" tests="32" assertions="90" failures="0" errors="0" time="2.406182">
      <testcase name="testLandOnIndexPage" class="UserControllerTest" file="/home/gareth/Dropbox/Zend-CMS/project/cms/tests/application/controllers/UserControllerTest.php" line="33" assertions="3" time="0.010075"/>
      <testcase name="testLoginPage" class="UserControllerTest" file="/home/gareth/Dropbox/Zend-CMS/project/cms/tests/application/controllers/UserControllerTest.php" line="42" assertions="4" time="0.041063"/>
      <testcase name="testLoginCorrect" class="UserControllerTest" file="/home/gareth/Dropbox/Zend-CMS/project/cms/tests/application/controllers/UserControllerTest.php" line="53" assertions="2" time="0.012897"/>
      <testcase name="testInCorrectLogin" class="UserControllerTest" file="/home/gareth/Dropbox/Zend-CMS/project/cms/tests/application/controllers/UserControllerTest.php" line="72" assertions="2" time="0.021050"/>
      <testcase name="testEditorNoAccessAdmin" class="UserControllerTest" file="/home/gareth/Dropbox/Zend-CMS/project/cms/tests/application/controllers/UserControllerTest.php" line="88" assertions="3" time="0.008555"/>
      <testcase name="testAdminHasAccessAdmin" class="UserControllerTest" file="/home/gareth/Dropbox/Zend-CMS/project/cms/tests/application/controllers/UserControllerTest.php" line="98" assertions="5" time="0.069864"/>
      <testcase name="testAddUserCorrect" class="UserControllerTest" file="/home/gareth/Dropbox/Zend-CMS/project/cms/tests/application/controllers/UserControllerTest.php" line="108" assertions="3" time="0.209104"/>
      <testcase name="testRequiredInputsUserForm" class="UserControllerTest" file="/home/gareth/Dropbox/Zend-CMS/project/cms/tests/application/controllers/UserControllerTest.php" line="132" assertions="8" time="0.040657"/>
      <testcase name="testPasswordsDontMatch" class="UserControllerTest" file="/home/gareth/Dropbox/Zend-CMS/project/cms/tests/application/controllers/UserControllerTest.php" line="159" assertions="3" time="0.032223"/>
      <testcase name="testUserNameTakenAdd" class="UserControllerTest" file="/home/gareth/Dropbox/Zend-CMS/project/cms/tests/application/controllers/UserControllerTest.php" line="176" assertions="3" time="0.089595"/>
      <testcase name="testUserEmailAddressTakenAdd" class="UserControllerTest" file="/home/gareth/Dropbox/Zend-CMS/project/cms/tests/application/controllers/UserControllerTest.php" line="194" assertions="3" time="0.093799"/>
      <testcase name="testEditUser" class="UserControllerTest" file="/home/gareth/Dropbox/Zend-CMS/project/cms/tests/application/controllers/UserControllerTest.php" line="214" assertions="3" time="0.192467"/>
      <testcase name="testAddSecondUser" class="UserControllerTest" file="/home/gareth/Dropbox/Zend-CMS/project/cms/tests/application/controllers/UserControllerTest.php" line="241" assertions="3" time="0.134615"/>
      <testcase name="testUserNameTakenEdit" class="UserControllerTest" file="/home/gareth/Dropbox/Zend-CMS/project/cms/tests/application/controllers/UserControllerTest.php" line="259" assertions="3" time="0.160622"/>
      <testcase name="testUserEmailAddressTakenEdit" class="UserControllerTest" file="/home/gareth/Dropbox/Zend-CMS/project/cms/tests/application/controllers/UserControllerTest.php" line="283" assertions="3" time="0.156978"/>
      <testcase name="testIncorrectArgsEdit" class="UserControllerTest" file="/home/gareth/Dropbox/Zend-CMS/project/cms/tests/application/controllers/UserControllerTest.php" line="304" assertions="2" time="0.009396"/>
      <testcase name="testUserNotFoundEdit" class="UserControllerTest" file="/home/gareth/Dropbox/Zend-CMS/project/cms/tests/application/controllers/UserControllerTest.php" line="310" assertions="2" time="0.065887"/>
      <testcase name="testLogout" class="UserControllerTest" file="/home/gareth/Dropbox/Zend-CMS/project/cms/tests/application/controllers/UserControllerTest.php" line="316" assertions="2" time="0.009473"/>
      <testcase name="testCantLocateRemoveUserId" class="UserControllerTest" file="/home/gareth/Dropbox/Zend-CMS/project/cms/tests/application/controllers/UserControllerTest.php" line="322" assertions="3" time="0.070446"/>
      <testcase name="testCantRemoveUserIdIncorrect" class="UserControllerTest" file="/home/gareth/Dropbox/Zend-CMS/project/cms/tests/application/controllers/UserControllerTest.php" line="332" assertions="3" time="0.011552"/>
      <testcase name="testRemoveUser" class="UserControllerTest" file="/home/gareth/Dropbox/Zend-CMS/project/cms/tests/application/controllers/UserControllerTest.php" line="343" assertions="3" time="0.124003"/>
      <testcase name="testRemoveUserConfirmAction" class="UserControllerTest" file="/home/gareth/Dropbox/Zend-CMS/project/cms/tests/application/controllers/UserControllerTest.php" line="357" assertions="2" time="0.009871"/>
      <testcase name="testRemoveUserConfirmWithId" class="UserControllerTest" file="/home/gareth/Dropbox/Zend-CMS/project/cms/tests/application/controllers/UserControllerTest.php" line="363" assertions="2" time="0.075282"/>
      <testcase name="testRemoveUserConfirmInccorectId" class="UserControllerTest" file="/home/gareth/Dropbox/Zend-CMS/project/cms/tests/application/controllers/UserControllerTest.php" line="370" assertions="2" time="0.072758"/>
      <testcase name="testShownForgotPasswordLink" class="UserControllerTest" file="/home/gareth/Dropbox/Zend-CMS/project/cms/tests/application/controllers/UserControllerTest.php" line="376" assertions="2" time="0.072343"/>
      <testcase name="testForgotPasswordActionAndContent" class="UserControllerTest" file="/home/gareth/Dropbox/Zend-CMS/project/cms/tests/application/controllers/UserControllerTest.php" line="407" assertions="3" time="0.020940"/>
      <testcase name="testForgotPasswordSubmitNoAccountFound" class="UserControllerTest" file="/home/gareth/Dropbox/Zend-CMS/project/cms/tests/application/controllers/UserControllerTest.php" line="417" assertions="2" time="0.080215"/>
      <testcase name="testForgotPasswordAccountFound" class="UserControllerTest" file="/home/gareth/Dropbox/Zend-CMS/project/cms/tests/application/controllers/UserControllerTest.php" line="434" assertions="2" time="0.176512"/>
      <testcase name="testActivatePasswordAction" class="UserControllerTest" file="/home/gareth/Dropbox/Zend-CMS/project/cms/tests/application/controllers/UserControllerTest.php" line="452" assertions="2" time="0.012212"/>
      <testcase name="testActivatePasswordIncorrectHash" class="UserControllerTest" file="/home/gareth/Dropbox/Zend-CMS/project/cms/tests/application/controllers/UserControllerTest.php" line="462" assertions="2" time="0.013059"/>
      <testcase name="testActivatePasswordCorrectHash" class="UserControllerTest" file="/home/gareth/Dropbox/Zend-CMS/project/cms/tests/application/controllers/UserControllerTest.php" line="473" assertions="2" time="0.082471"/>
      <testcase name="testActivatePasswordComplete" class="UserControllerTest" file="/home/gareth/Dropbox/Zend-CMS/project/cms/tests/application/controllers/UserControllerTest.php" line="485" assertions="3" time="0.226197"/>
    </testsuite>
    <testsuite name="DataTypeFieldsControllerTest" file="/home/gareth/Dropbox/Zend-CMS/project/cms/tests/application/controllers/DataTypeFieldsControllerTest.php" tests="23" assertions="84" failures="0" errors="0" time="2.034090">
      <testcase name="testNoParamsIndexPage" class="DataTypeFieldsControllerTest" file="/home/gareth/Dropbox/Zend-CMS/project/cms/tests/application/controllers/DataTypeFieldsControllerTest.php" line="33" assertions="3" time="0.011384"/>
      <testcase name="testIndexPage" class="DataTypeFieldsControllerTest" file="/home/gareth/Dropbox/Zend-CMS/project/cms/tests/application/controllers/DataTypeFieldsControllerTest.php" line="40" assertions="6" time="0.129724"/>
      <testcase name="testEditorNoAccess" class="DataTypeFieldsControllerTest" file="/home/gareth/Dropbox/Zend-CMS/project/cms/tests/application/controllers/DataTypeFieldsControllerTest.php" line="51" assertions="4" time="0.010533"/>
      <testcase name="testAdminNoAccess" class="DataTypeFieldsControllerTest" file="/home/gareth/Dropbox/Zend-CMS/project/cms/tests/application/controllers/DataTypeFieldsControllerTest.php" line="61" assertions="4" time="0.010414"/>
      <testcase name="testAddCorrect" class="DataTypeFieldsControllerTest" file="/home/gareth/Dropbox/Zend-CMS/project/cms/tests/application/controllers/DataTypeFieldsControllerTest.php" line="71" assertions="4" time="0.135113"/>
      <testcase name="testRequiredInputs" class="DataTypeFieldsControllerTest" file="/home/gareth/Dropbox/Zend-CMS/project/cms/tests/application/controllers/DataTypeFieldsControllerTest.php" line="94" assertions="4" time="0.103426"/>
      <testcase name="testNameTakenAdd" class="DataTypeFieldsControllerTest" file="/home/gareth/Dropbox/Zend-CMS/project/cms/tests/application/controllers/DataTypeFieldsControllerTest.php" line="113" assertions="5" time="0.131781"/>
      <testcase name="testAddSecondCorrect" class="DataTypeFieldsControllerTest" file="/home/gareth/Dropbox/Zend-CMS/project/cms/tests/application/controllers/DataTypeFieldsControllerTest.php" line="137" assertions="4" time="0.130830"/>
      <testcase name="testEditFirstContentTypeField" class="DataTypeFieldsControllerTest" file="/home/gareth/Dropbox/Zend-CMS/project/cms/tests/application/controllers/DataTypeFieldsControllerTest.php" line="157" assertions="4" time="0.194532"/>
      <testcase name="testCanNameFieldSameAsFieldInOtherType" class="DataTypeFieldsControllerTest" file="/home/gareth/Dropbox/Zend-CMS/project/cms/tests/application/controllers/DataTypeFieldsControllerTest.php" line="182" assertions="4" time="0.196058"/>
      <testcase name="testNameTakenOnFieldInContentType" class="DataTypeFieldsControllerTest" file="/home/gareth/Dropbox/Zend-CMS/project/cms/tests/application/controllers/DataTypeFieldsControllerTest.php" line="206" assertions="5" time="0.132816"/>
      <testcase name="testIncorrectArgsEdit" class="DataTypeFieldsControllerTest" file="/home/gareth/Dropbox/Zend-CMS/project/cms/tests/application/controllers/DataTypeFieldsControllerTest.php" line="240" assertions="3" time="0.066705"/>
      <testcase name="testContentFieldNotFound" class="DataTypeFieldsControllerTest" file="/home/gareth/Dropbox/Zend-CMS/project/cms/tests/application/controllers/DataTypeFieldsControllerTest.php" line="246" assertions="3" time="0.131543"/>
      <testcase name="testEditCorrectParamButNoContentType" class="DataTypeFieldsControllerTest" file="/home/gareth/Dropbox/Zend-CMS/project/cms/tests/application/controllers/DataTypeFieldsControllerTest.php" line="255" assertions="3" time="0.014063"/>
      <testcase name="testAddCorrectButNoContentType" class="DataTypeFieldsControllerTest" file="/home/gareth/Dropbox/Zend-CMS/project/cms/tests/application/controllers/DataTypeFieldsControllerTest.php" line="267" assertions="3" time="0.011815"/>
      <testcase name="testCantLocateRemoveUserId" class="DataTypeFieldsControllerTest" file="/home/gareth/Dropbox/Zend-CMS/project/cms/tests/application/controllers/DataTypeFieldsControllerTest.php" line="274" assertions="3" time="0.128602"/>
      <testcase name="testCorrectRemoveidNoContentType" class="DataTypeFieldsControllerTest" file="/home/gareth/Dropbox/Zend-CMS/project/cms/tests/application/controllers/DataTypeFieldsControllerTest.php" line="281" assertions="3" time="0.012976"/>
      <testcase name="testRemoveConfirmActionNoContentType" class="DataTypeFieldsControllerTest" file="/home/gareth/Dropbox/Zend-CMS/project/cms/tests/application/controllers/DataTypeFieldsControllerTest.php" line="289" assertions="3" time="0.011574"/>
      <testcase name="testRemoveConfirmActionNoId" class="DataTypeFieldsControllerTest" file="/home/gareth/Dropbox/Zend-CMS/project/cms/tests/application/controllers/DataTypeFieldsControllerTest.php" line="295" assertions="3" time="0.071441"/>
      <testcase name="testRemoveConfirmInccorectId" class="DataTypeFieldsControllerTest" file="/home/gareth/Dropbox/Zend-CMS/project/cms/tests/application/controllers/DataTypeFieldsControllerTest.php" line="301" assertions="3" time="0.128782"/>
      <testcase name="testRemoveConfirmWithId" class="DataTypeFieldsControllerTest" file="/home/gareth/Dropbox/Zend-CMS/project/cms/tests/application/controllers/DataTypeFieldsControllerTest.php" line="307" assertions="4" time="0.130171"/>
      <testcase name="testRemoveContentTypeFieldOne" class="DataTypeFieldsControllerTest" file="/home/gareth/Dropbox/Zend-CMS/project/cms/tests/application/controllers/DataTypeFieldsControllerTest.php" line="318" assertions="4" time="0.131527"/>
      <testcase name="testCleanup" class="DataTypeFieldsControllerTest" file="/home/gareth/Dropbox/Zend-CMS/project/cms/tests/application/controllers/DataTypeFieldsControllerTest.php" line="334" assertions="2" time="0.008280"/>
    </testsuite>
    <testsuite name="DataTypesControllerTest" file="/home/gareth/Dropbox/Zend-CMS/project/cms/tests/application/controllers/DataTypesControllerTest.php" tests="14" assertions="55" failures="0" errors="0" time="0.794304">
      <testcase name="testLandOnIndexPage" class="DataTypesControllerTest" file="/home/gareth/Dropbox/Zend-CMS/project/cms/tests/application/controllers/DataTypesControllerTest.php" line="34" assertions="6" time="0.073719"/>
      <testcase name="testEditorNoAccess" class="DataTypesControllerTest" file="/home/gareth/Dropbox/Zend-CMS/project/cms/tests/application/controllers/DataTypesControllerTest.php" line="45" assertions="4" time="0.011943"/>
      <testcase name="testAdminNoAccess" class="DataTypesControllerTest" file="/home/gareth/Dropbox/Zend-CMS/project/cms/tests/application/controllers/DataTypesControllerTest.php" line="55" assertions="4" time="0.011818"/>
      <testcase name="testAddCorrect" class="DataTypesControllerTest" file="/home/gareth/Dropbox/Zend-CMS/project/cms/tests/application/controllers/DataTypesControllerTest.php" line="66" assertions="5" time="0.074594"/>
      <testcase name="testRequiredInputs" class="DataTypesControllerTest" file="/home/gareth/Dropbox/Zend-CMS/project/cms/tests/application/controllers/DataTypesControllerTest.php" line="84" assertions="4" time="0.026668"/>
      <testcase name="testNameTakenAdd" class="DataTypesControllerTest" file="/home/gareth/Dropbox/Zend-CMS/project/cms/tests/application/controllers/DataTypesControllerTest.php" line="103" assertions="5" time="0.076003"/>
      <testcase name="testEditUser" class="DataTypesControllerTest" file="/home/gareth/Dropbox/Zend-CMS/project/cms/tests/application/controllers/DataTypesControllerTest.php" line="124" assertions="4" time="0.135007"/>
      <testcase name="testIncorrectArgsEdit" class="DataTypesControllerTest" file="/home/gareth/Dropbox/Zend-CMS/project/cms/tests/application/controllers/DataTypesControllerTest.php" line="142" assertions="3" time="0.012445"/>
      <testcase name="testContentTypeNotFoundEdit" class="DataTypesControllerTest" file="/home/gareth/Dropbox/Zend-CMS/project/cms/tests/application/controllers/DataTypesControllerTest.php" line="148" assertions="3" time="0.075036"/>
      <testcase name="testCantLocateRemoveUserId" class="DataTypesControllerTest" file="/home/gareth/Dropbox/Zend-CMS/project/cms/tests/application/controllers/DataTypesControllerTest.php" line="155" assertions="4" time="0.071558"/>
      <testcase name="testRemoveConfirmAction" class="DataTypesControllerTest" file="/home/gareth/Dropbox/Zend-CMS/project/cms/tests/application/controllers/DataTypesControllerTest.php" line="165" assertions="3" time="0.012586"/>
      <testcase name="testRemoveConfirmWithId" class="DataTypesControllerTest" file="/home/gareth/Dropbox/Zend-CMS/project/cms/tests/application/controllers/DataTypesControllerTest.php" line="171" assertions="3" time="0.072004"/>
      <testcase name="testRemoveConfirmInccorectId" class="DataTypesControllerTest" file="/home/gareth/Dropbox/Zend-CMS/project/cms/tests/application/controllers/DataTypesControllerTest.php" line="178" assertions="3" time="0.068835"/>
      <testcase name="testRemoveContentType" class="DataTypesControllerTest" file="/home/gareth/Dropbox/Zend-CMS/project/cms/tests/application/controllers/DataTypesControllerTest.php" line="185" assertions="4" time="0.072088"/>
    </testsuite>
    <testsuite name="ApiControllerTest" file="/home/gareth/Dropbox/Zend-CMS/project/cms/tests/application/controllers/ApiControllerTest.php" tests="20" assertions="57" failures="0" errors="0" time="1.513558">
      <testcase name="testLandOnIndexPage" class="ApiControllerTest" file="/home/gareth/Dropbox/Zend-CMS/project/cms/tests/application/controllers/ApiControllerTest.php" line="32" assertions="3" time="0.013414"/>
      <testcase name="testEditorNoAccessAdmin" class="ApiControllerTest" file="/home/gareth/Dropbox/Zend-CMS/project/cms/tests/application/controllers/ApiControllerTest.php" line="40" assertions="3" time="0.013183"/>
      <testcase name="testAdminHasAccessAdmin" class="ApiControllerTest" file="/home/gareth/Dropbox/Zend-CMS/project/cms/tests/application/controllers/ApiControllerTest.php" line="50" assertions="5" time="0.073877"/>
      <testcase name="testAddUserCorrect" class="ApiControllerTest" file="/home/gareth/Dropbox/Zend-CMS/project/cms/tests/application/controllers/ApiControllerTest.php" line="60" assertions="3" time="0.081225"/>
      <testcase name="testAddSecondUser" class="ApiControllerTest" file="/home/gareth/Dropbox/Zend-CMS/project/cms/tests/application/controllers/ApiControllerTest.php" line="80" assertions="3" time="0.080623"/>
      <testcase name="testRequiredInputsApiForm" class="ApiControllerTest" file="/home/gareth/Dropbox/Zend-CMS/project/cms/tests/application/controllers/ApiControllerTest.php" line="95" assertions="4" time="0.042175"/>
      <testcase name="testRefTakenAdd" class="ApiControllerTest" file="/home/gareth/Dropbox/Zend-CMS/project/cms/tests/application/controllers/ApiControllerTest.php" line="117" assertions="3" time="0.101387"/>
      <testcase name="testKeyTakenAdd" class="ApiControllerTest" file="/home/gareth/Dropbox/Zend-CMS/project/cms/tests/application/controllers/ApiControllerTest.php" line="136" assertions="3" time="0.098874"/>
      <testcase name="testEditUser" class="ApiControllerTest" file="/home/gareth/Dropbox/Zend-CMS/project/cms/tests/application/controllers/ApiControllerTest.php" line="158" assertions="3" time="0.138384"/>
      <testcase name="testResetUserOne" class="ApiControllerTest" file="/home/gareth/Dropbox/Zend-CMS/project/cms/tests/application/controllers/ApiControllerTest.php" line="182" assertions="3" time="0.133263"/>
      <testcase name="testRefTakenEdit" class="ApiControllerTest" file="/home/gareth/Dropbox/Zend-CMS/project/cms/tests/application/controllers/ApiControllerTest.php" line="207" assertions="3" time="0.159416"/>
      <testcase name="testKeyTakenEdit" class="ApiControllerTest" file="/home/gareth/Dropbox/Zend-CMS/project/cms/tests/application/controllers/ApiControllerTest.php" line="230" assertions="3" time="0.166610"/>
      <testcase name="testIncorrectArgsEdit" class="ApiControllerTest" file="/home/gareth/Dropbox/Zend-CMS/project/cms/tests/application/controllers/ApiControllerTest.php" line="251" assertions="2" time="0.013935"/>
      <testcase name="testApiUserNotFoundEdit" class="ApiControllerTest" file="/home/gareth/Dropbox/Zend-CMS/project/cms/tests/application/controllers/ApiControllerTest.php" line="257" assertions="2" time="0.074750"/>
      <testcase name="testCantLocateRemoveUserId" class="ApiControllerTest" file="/home/gareth/Dropbox/Zend-CMS/project/cms/tests/application/controllers/ApiControllerTest.php" line="263" assertions="3" time="0.071367"/>
      <testcase name="testCantRemoveUserIdIncorrect" class="ApiControllerTest" file="/home/gareth/Dropbox/Zend-CMS/project/cms/tests/application/controllers/ApiControllerTest.php" line="273" assertions="3" time="0.015447"/>
      <testcase name="testRemoveUser" class="ApiControllerTest" file="/home/gareth/Dropbox/Zend-CMS/project/cms/tests/application/controllers/ApiControllerTest.php" line="284" assertions="2" time="0.073071"/>
      <testcase name="testRemoveUserConfirmAction" class="ApiControllerTest" file="/home/gareth/Dropbox/Zend-CMS/project/cms/tests/application/controllers/ApiControllerTest.php" line="298" assertions="2" time="0.014691"/>
      <testcase name="testRemoveUserConfirmWithId" class="ApiControllerTest" file="/home/gareth/Dropbox/Zend-CMS/project/cms/tests/application/controllers/ApiControllerTest.php" line="304" assertions="2" time="0.078053"/>
      <testcase name="testRemoveUserConfirmIncorrectId" class="ApiControllerTest" file="/home/gareth/Dropbox/Zend-CMS/project/cms/tests/application/controllers/ApiControllerTest.php" line="314" assertions="2" time="0.069813"/>
    </testsuite>
    <testsuite name="ContentControllerTest" file="/home/gareth/Dropbox/Zend-CMS/project/cms/tests/application/controllers/ContentControllerTest.php" tests="20" assertions="75" failures="0" errors="0" time="2.249407">
      <testcase name="testIndexPage" class="ContentControllerTest" file="/home/gareth/Dropbox/Zend-CMS/project/cms/tests/application/controllers/ContentControllerTest.php" line="42" assertions="5" time="0.073533"/>
      <testcase name="testEditorHasAccessIndex" class="ContentControllerTest" file="/home/gareth/Dropbox/Zend-CMS/project/cms/tests/application/controllers/ContentControllerTest.php" line="52" assertions="6" time="0.075463"/>
      <testcase name="testEditorAccessAdd" class="ContentControllerTest" file="/home/gareth/Dropbox/Zend-CMS/project/cms/tests/application/controllers/ContentControllerTest.php" line="65" assertions="6" time="0.156652"/>
      <testcase name="testAdminAccessAddAction" class="ContentControllerTest" file="/home/gareth/Dropbox/Zend-CMS/project/cms/tests/application/controllers/ContentControllerTest.php" line="79" assertions="5" time="0.165396"/>
      <testcase name="testAddContentCorrect" class="ContentControllerTest" file="/home/gareth/Dropbox/Zend-CMS/project/cms/tests/application/controllers/ContentControllerTest.php" line="90" assertions="5" time="0.221893"/>
      <testcase name="testAddContentCorrectSecond" class="ContentControllerTest" file="/home/gareth/Dropbox/Zend-CMS/project/cms/tests/application/controllers/ContentControllerTest.php" line="130" assertions="5" time="0.194717"/>
      <testcase name="testRefTakenAdd" class="ContentControllerTest" file="/home/gareth/Dropbox/Zend-CMS/project/cms/tests/application/controllers/ContentControllerTest.php" line="170" assertions="4" time="0.225263"/>
      <testcase name="testAddActionIncorrectArgsText" class="ContentControllerTest" file="/home/gareth/Dropbox/Zend-CMS/project/cms/tests/application/controllers/ContentControllerTest.php" line="203" assertions="2" time="0.015138"/>
      <testcase name="testAddActionNotFoundArg" class="ContentControllerTest" file="/home/gareth/Dropbox/Zend-CMS/project/cms/tests/application/controllers/ContentControllerTest.php" line="211" assertions="2" time="0.074689"/>
      <testcase name="testEditContentCorrect" class="ContentControllerTest" file="/home/gareth/Dropbox/Zend-CMS/project/cms/tests/application/controllers/ContentControllerTest.php" line="217" assertions="5" time="0.201766"/>
      <testcase name="testEditRefTheSameShouldWork" class="ContentControllerTest" file="/home/gareth/Dropbox/Zend-CMS/project/cms/tests/application/controllers/ContentControllerTest.php" line="259" assertions="4" time="0.194536"/>
      <testcase name="testEditContentRefTaken" class="ContentControllerTest" file="/home/gareth/Dropbox/Zend-CMS/project/cms/tests/application/controllers/ContentControllerTest.php" line="294" assertions="4" time="0.228237"/>
      <testcase name="testEditContentIcorrectArgs" class="ContentControllerTest" file="/home/gareth/Dropbox/Zend-CMS/project/cms/tests/application/controllers/ContentControllerTest.php" line="327" assertions="2" time="0.015465"/>
      <testcase name="testEditContentNotFoundArgs" class="ContentControllerTest" file="/home/gareth/Dropbox/Zend-CMS/project/cms/tests/application/controllers/ContentControllerTest.php" line="333" assertions="2" time="0.075019"/>
      <testcase name="testRemoveContentIncorrectId" class="ContentControllerTest" file="/home/gareth/Dropbox/Zend-CMS/project/cms/tests/application/controllers/ContentControllerTest.php" line="340" assertions="2" time="0.072311"/>
      <testcase name="testRemoveContentInocrrectFormatArgs" class="ContentControllerTest" file="/home/gareth/Dropbox/Zend-CMS/project/cms/tests/application/controllers/ContentControllerTest.php" line="347" assertions="2" time="0.015954"/>
      <testcase name="testRemoveConfirmNoIdFound" class="ContentControllerTest" file="/home/gareth/Dropbox/Zend-CMS/project/cms/tests/application/controllers/ContentControllerTest.php" line="354" assertions="2" time="0.075324"/>
      <testcase name="testRemoveConfirmIncorrectFormatId" class="ContentControllerTest" file="/home/gareth/Dropbox/Zend-CMS/project/cms/tests/application/controllers/ContentControllerTest.php" line="361" assertions="2" time="0.015579"/>
      <testcase name="testRemoveConfirmContentCorrect" class="ContentControllerTest" file="/home/gareth/Dropbox/Zend-CMS/project/cms/tests/application/controllers/ContentControllerTest.php" line="368" assertions="6" time="0.078932"/>
      <testcase name="testRemoveContentFoReal" class="ContentControllerTest" file="/home/gareth/Dropbox/Zend-CMS/project/cms/tests/application/controllers/ContentControllerTest.php" line="388" assertions="4" time="0.073540"/>
    </testsuite>
  </testsuite>
</testsuites>
