<?xml version="1.0" encoding="UTF-8"?>
<testsuites>
  <testsuite name="Application Test Suite" tests="132" assertions="456" failures="0" errors="0" time="11.611748">
    <testsuite name="ContentTypeFieldsControllerTest" file="/home/gareth/Desktop/Zend-CMS/project/cms/tests/application/controllers/ContentTypeFieldsControllerTest.php" tests="23" assertions="84" failures="0" errors="0" time="2.061531">
      <testcase name="testNoParamsIndexPage" class="ContentTypeFieldsControllerTest" file="/home/gareth/Desktop/Zend-CMS/project/cms/tests/application/controllers/ContentTypeFieldsControllerTest.php" line="33" assertions="3" time="0.060283"/>
      <testcase name="testIndexPage" class="ContentTypeFieldsControllerTest" file="/home/gareth/Desktop/Zend-CMS/project/cms/tests/application/controllers/ContentTypeFieldsControllerTest.php" line="40" assertions="6" time="0.134337"/>
      <testcase name="testEditorNoAccess" class="ContentTypeFieldsControllerTest" file="/home/gareth/Desktop/Zend-CMS/project/cms/tests/application/controllers/ContentTypeFieldsControllerTest.php" line="51" assertions="4" time="0.008598"/>
      <testcase name="testAdminNoAccess" class="ContentTypeFieldsControllerTest" file="/home/gareth/Desktop/Zend-CMS/project/cms/tests/application/controllers/ContentTypeFieldsControllerTest.php" line="61" assertions="4" time="0.008454"/>
      <testcase name="testAddCorrect" class="ContentTypeFieldsControllerTest" file="/home/gareth/Desktop/Zend-CMS/project/cms/tests/application/controllers/ContentTypeFieldsControllerTest.php" line="71" assertions="4" time="0.141697"/>
      <testcase name="testRequiredInputs" class="ContentTypeFieldsControllerTest" file="/home/gareth/Desktop/Zend-CMS/project/cms/tests/application/controllers/ContentTypeFieldsControllerTest.php" line="94" assertions="4" time="0.092460"/>
      <testcase name="testNameTakenAdd" class="ContentTypeFieldsControllerTest" file="/home/gareth/Desktop/Zend-CMS/project/cms/tests/application/controllers/ContentTypeFieldsControllerTest.php" line="113" assertions="5" time="0.130777"/>
      <testcase name="testAddSecondCorrect" class="ContentTypeFieldsControllerTest" file="/home/gareth/Desktop/Zend-CMS/project/cms/tests/application/controllers/ContentTypeFieldsControllerTest.php" line="137" assertions="4" time="0.127597"/>
      <testcase name="testEditFirstContentTypeField" class="ContentTypeFieldsControllerTest" file="/home/gareth/Desktop/Zend-CMS/project/cms/tests/application/controllers/ContentTypeFieldsControllerTest.php" line="157" assertions="4" time="0.197409"/>
      <testcase name="testCanNameFieldSameAsFieldInOtherType" class="ContentTypeFieldsControllerTest" file="/home/gareth/Desktop/Zend-CMS/project/cms/tests/application/controllers/ContentTypeFieldsControllerTest.php" line="182" assertions="4" time="0.191849"/>
      <testcase name="testNameTakenOnFieldInContentType" class="ContentTypeFieldsControllerTest" file="/home/gareth/Desktop/Zend-CMS/project/cms/tests/application/controllers/ContentTypeFieldsControllerTest.php" line="206" assertions="5" time="0.127867"/>
      <testcase name="testIncorrectArgsEdit" class="ContentTypeFieldsControllerTest" file="/home/gareth/Desktop/Zend-CMS/project/cms/tests/application/controllers/ContentTypeFieldsControllerTest.php" line="240" assertions="3" time="0.068302"/>
      <testcase name="testContentFieldNotFound" class="ContentTypeFieldsControllerTest" file="/home/gareth/Desktop/Zend-CMS/project/cms/tests/application/controllers/ContentTypeFieldsControllerTest.php" line="246" assertions="3" time="0.128108"/>
      <testcase name="testEditCorrectParamButNoContentType" class="ContentTypeFieldsControllerTest" file="/home/gareth/Desktop/Zend-CMS/project/cms/tests/application/controllers/ContentTypeFieldsControllerTest.php" line="255" assertions="3" time="0.010854"/>
      <testcase name="testAddCorrectButNoContentType" class="ContentTypeFieldsControllerTest" file="/home/gareth/Desktop/Zend-CMS/project/cms/tests/application/controllers/ContentTypeFieldsControllerTest.php" line="267" assertions="3" time="0.009419"/>
      <testcase name="testCantLocateRemoveUserId" class="ContentTypeFieldsControllerTest" file="/home/gareth/Desktop/Zend-CMS/project/cms/tests/application/controllers/ContentTypeFieldsControllerTest.php" line="274" assertions="3" time="0.131388"/>
      <testcase name="testCorrectRemoveidNoContentType" class="ContentTypeFieldsControllerTest" file="/home/gareth/Desktop/Zend-CMS/project/cms/tests/application/controllers/ContentTypeFieldsControllerTest.php" line="281" assertions="3" time="0.010944"/>
      <testcase name="testRemoveConfirmActionNoContentType" class="ContentTypeFieldsControllerTest" file="/home/gareth/Desktop/Zend-CMS/project/cms/tests/application/controllers/ContentTypeFieldsControllerTest.php" line="289" assertions="3" time="0.014121"/>
      <testcase name="testRemoveConfirmActionNoId" class="ContentTypeFieldsControllerTest" file="/home/gareth/Desktop/Zend-CMS/project/cms/tests/application/controllers/ContentTypeFieldsControllerTest.php" line="295" assertions="3" time="0.067582"/>
      <testcase name="testRemoveConfirmInccorectId" class="ContentTypeFieldsControllerTest" file="/home/gareth/Desktop/Zend-CMS/project/cms/tests/application/controllers/ContentTypeFieldsControllerTest.php" line="301" assertions="3" time="0.123549"/>
      <testcase name="testRemoveConfirmWithId" class="ContentTypeFieldsControllerTest" file="/home/gareth/Desktop/Zend-CMS/project/cms/tests/application/controllers/ContentTypeFieldsControllerTest.php" line="307" assertions="4" time="0.131335"/>
      <testcase name="testRemoveContentTypeFieldOne" class="ContentTypeFieldsControllerTest" file="/home/gareth/Desktop/Zend-CMS/project/cms/tests/application/controllers/ContentTypeFieldsControllerTest.php" line="318" assertions="4" time="0.134100"/>
      <testcase name="testCleanup" class="ContentTypeFieldsControllerTest" file="/home/gareth/Desktop/Zend-CMS/project/cms/tests/application/controllers/ContentTypeFieldsControllerTest.php" line="334" assertions="2" time="0.010501"/>
    </testsuite>
    <testsuite name="IndexControllerTest" file="/home/gareth/Desktop/Zend-CMS/project/cms/tests/application/controllers/IndexControllerTest.php" tests="1" assertions="5" failures="0" errors="0" time="0.134033">
      <testcase name="testLandOnIndexPage" class="IndexControllerTest" file="/home/gareth/Desktop/Zend-CMS/project/cms/tests/application/controllers/IndexControllerTest.php" line="24" assertions="5" time="0.134033"/>
    </testsuite>
    <testsuite name="UserControllerTest" file="/home/gareth/Desktop/Zend-CMS/project/cms/tests/application/controllers/UserControllerTest.php" tests="32" assertions="90" failures="0" errors="0" time="2.521861">
      <testcase name="testLandOnIndexPage" class="UserControllerTest" file="/home/gareth/Desktop/Zend-CMS/project/cms/tests/application/controllers/UserControllerTest.php" line="33" assertions="3" time="0.011352"/>
      <testcase name="testLoginPage" class="UserControllerTest" file="/home/gareth/Desktop/Zend-CMS/project/cms/tests/application/controllers/UserControllerTest.php" line="42" assertions="4" time="0.027565"/>
      <testcase name="testLoginCorrect" class="UserControllerTest" file="/home/gareth/Desktop/Zend-CMS/project/cms/tests/application/controllers/UserControllerTest.php" line="53" assertions="2" time="0.014796"/>
      <testcase name="testInCorrectLogin" class="UserControllerTest" file="/home/gareth/Desktop/Zend-CMS/project/cms/tests/application/controllers/UserControllerTest.php" line="72" assertions="2" time="0.027126"/>
      <testcase name="testEditorNoAccessAdmin" class="UserControllerTest" file="/home/gareth/Desktop/Zend-CMS/project/cms/tests/application/controllers/UserControllerTest.php" line="88" assertions="3" time="0.011337"/>
      <testcase name="testAdminHasAccessAdmin" class="UserControllerTest" file="/home/gareth/Desktop/Zend-CMS/project/cms/tests/application/controllers/UserControllerTest.php" line="98" assertions="5" time="0.071922"/>
      <testcase name="testAddUserCorrect" class="UserControllerTest" file="/home/gareth/Desktop/Zend-CMS/project/cms/tests/application/controllers/UserControllerTest.php" line="108" assertions="3" time="0.197947"/>
      <testcase name="testRequiredInputsUserForm" class="UserControllerTest" file="/home/gareth/Desktop/Zend-CMS/project/cms/tests/application/controllers/UserControllerTest.php" line="132" assertions="8" time="0.048993"/>
      <testcase name="testPasswordsDontMatch" class="UserControllerTest" file="/home/gareth/Desktop/Zend-CMS/project/cms/tests/application/controllers/UserControllerTest.php" line="159" assertions="3" time="0.043336"/>
      <testcase name="testUserNameTakenAdd" class="UserControllerTest" file="/home/gareth/Desktop/Zend-CMS/project/cms/tests/application/controllers/UserControllerTest.php" line="176" assertions="3" time="0.104484"/>
      <testcase name="testUserEmailAddressTakenAdd" class="UserControllerTest" file="/home/gareth/Desktop/Zend-CMS/project/cms/tests/application/controllers/UserControllerTest.php" line="194" assertions="3" time="0.104438"/>
      <testcase name="testEditUser" class="UserControllerTest" file="/home/gareth/Desktop/Zend-CMS/project/cms/tests/application/controllers/UserControllerTest.php" line="214" assertions="3" time="0.196753"/>
      <testcase name="testAddSecondUser" class="UserControllerTest" file="/home/gareth/Desktop/Zend-CMS/project/cms/tests/application/controllers/UserControllerTest.php" line="241" assertions="3" time="0.127281"/>
      <testcase name="testUserNameTakenEdit" class="UserControllerTest" file="/home/gareth/Desktop/Zend-CMS/project/cms/tests/application/controllers/UserControllerTest.php" line="259" assertions="3" time="0.176021"/>
      <testcase name="testUserEmailAddressTakenEdit" class="UserControllerTest" file="/home/gareth/Desktop/Zend-CMS/project/cms/tests/application/controllers/UserControllerTest.php" line="283" assertions="3" time="0.168199"/>
      <testcase name="testIncorrectArgsEdit" class="UserControllerTest" file="/home/gareth/Desktop/Zend-CMS/project/cms/tests/application/controllers/UserControllerTest.php" line="304" assertions="2" time="0.011345"/>
      <testcase name="testUserNotFoundEdit" class="UserControllerTest" file="/home/gareth/Desktop/Zend-CMS/project/cms/tests/application/controllers/UserControllerTest.php" line="310" assertions="2" time="0.073508"/>
      <testcase name="testLogout" class="UserControllerTest" file="/home/gareth/Desktop/Zend-CMS/project/cms/tests/application/controllers/UserControllerTest.php" line="316" assertions="2" time="0.022502"/>
      <testcase name="testCantLocateRemoveUserId" class="UserControllerTest" file="/home/gareth/Desktop/Zend-CMS/project/cms/tests/application/controllers/UserControllerTest.php" line="322" assertions="3" time="0.070326"/>
      <testcase name="testCantRemoveUserIdIncorrect" class="UserControllerTest" file="/home/gareth/Desktop/Zend-CMS/project/cms/tests/application/controllers/UserControllerTest.php" line="332" assertions="3" time="0.013305"/>
      <testcase name="testRemoveUser" class="UserControllerTest" file="/home/gareth/Desktop/Zend-CMS/project/cms/tests/application/controllers/UserControllerTest.php" line="343" assertions="3" time="0.130144"/>
      <testcase name="testRemoveUserConfirmAction" class="UserControllerTest" file="/home/gareth/Desktop/Zend-CMS/project/cms/tests/application/controllers/UserControllerTest.php" line="357" assertions="2" time="0.011956"/>
      <testcase name="testRemoveUserConfirmWithId" class="UserControllerTest" file="/home/gareth/Desktop/Zend-CMS/project/cms/tests/application/controllers/UserControllerTest.php" line="363" assertions="2" time="0.076043"/>
      <testcase name="testRemoveUserConfirmInccorectId" class="UserControllerTest" file="/home/gareth/Desktop/Zend-CMS/project/cms/tests/application/controllers/UserControllerTest.php" line="370" assertions="2" time="0.071035"/>
      <testcase name="testShownForgotPasswordLink" class="UserControllerTest" file="/home/gareth/Desktop/Zend-CMS/project/cms/tests/application/controllers/UserControllerTest.php" line="376" assertions="2" time="0.089252"/>
      <testcase name="testForgotPasswordActionAndContent" class="UserControllerTest" file="/home/gareth/Desktop/Zend-CMS/project/cms/tests/application/controllers/UserControllerTest.php" line="407" assertions="3" time="0.026263"/>
      <testcase name="testForgotPasswordSubmitNoAccountFound" class="UserControllerTest" file="/home/gareth/Desktop/Zend-CMS/project/cms/tests/application/controllers/UserControllerTest.php" line="417" assertions="2" time="0.107083"/>
      <testcase name="testForgotPasswordAccountFound" class="UserControllerTest" file="/home/gareth/Desktop/Zend-CMS/project/cms/tests/application/controllers/UserControllerTest.php" line="434" assertions="2" time="0.186997"/>
      <testcase name="testActivatePasswordAction" class="UserControllerTest" file="/home/gareth/Desktop/Zend-CMS/project/cms/tests/application/controllers/UserControllerTest.php" line="452" assertions="2" time="0.013900"/>
      <testcase name="testActivatePasswordIncorrectHash" class="UserControllerTest" file="/home/gareth/Desktop/Zend-CMS/project/cms/tests/application/controllers/UserControllerTest.php" line="462" assertions="2" time="0.015404"/>
      <testcase name="testActivatePasswordCorrectHash" class="UserControllerTest" file="/home/gareth/Desktop/Zend-CMS/project/cms/tests/application/controllers/UserControllerTest.php" line="473" assertions="2" time="0.091868"/>
      <testcase name="testActivatePasswordComplete" class="UserControllerTest" file="/home/gareth/Desktop/Zend-CMS/project/cms/tests/application/controllers/UserControllerTest.php" line="485" assertions="3" time="0.179380"/>
    </testsuite>
    <testsuite name="ApiControllerTest" file="/home/gareth/Desktop/Zend-CMS/project/cms/tests/application/controllers/ApiControllerTest.php" tests="20" assertions="57" failures="0" errors="0" time="1.495969">
      <testcase name="testLandOnIndexPage" class="ApiControllerTest" file="/home/gareth/Desktop/Zend-CMS/project/cms/tests/application/controllers/ApiControllerTest.php" line="32" assertions="3" time="0.012962"/>
      <testcase name="testEditorNoAccessAdmin" class="ApiControllerTest" file="/home/gareth/Desktop/Zend-CMS/project/cms/tests/application/controllers/ApiControllerTest.php" line="40" assertions="3" time="0.012260"/>
      <testcase name="testAdminHasAccessAdmin" class="ApiControllerTest" file="/home/gareth/Desktop/Zend-CMS/project/cms/tests/application/controllers/ApiControllerTest.php" line="50" assertions="5" time="0.074848"/>
      <testcase name="testAddUserCorrect" class="ApiControllerTest" file="/home/gareth/Desktop/Zend-CMS/project/cms/tests/application/controllers/ApiControllerTest.php" line="60" assertions="3" time="0.078262"/>
      <testcase name="testAddSecondUser" class="ApiControllerTest" file="/home/gareth/Desktop/Zend-CMS/project/cms/tests/application/controllers/ApiControllerTest.php" line="80" assertions="3" time="0.077721"/>
      <testcase name="testRequiredInputsApiForm" class="ApiControllerTest" file="/home/gareth/Desktop/Zend-CMS/project/cms/tests/application/controllers/ApiControllerTest.php" line="95" assertions="4" time="0.039213"/>
      <testcase name="testRefTakenAdd" class="ApiControllerTest" file="/home/gareth/Desktop/Zend-CMS/project/cms/tests/application/controllers/ApiControllerTest.php" line="117" assertions="3" time="0.092674"/>
      <testcase name="testKeyTakenAdd" class="ApiControllerTest" file="/home/gareth/Desktop/Zend-CMS/project/cms/tests/application/controllers/ApiControllerTest.php" line="136" assertions="3" time="0.098812"/>
      <testcase name="testEditUser" class="ApiControllerTest" file="/home/gareth/Desktop/Zend-CMS/project/cms/tests/application/controllers/ApiControllerTest.php" line="158" assertions="3" time="0.144822"/>
      <testcase name="testResetUserOne" class="ApiControllerTest" file="/home/gareth/Desktop/Zend-CMS/project/cms/tests/application/controllers/ApiControllerTest.php" line="182" assertions="3" time="0.139787"/>
      <testcase name="testRefTakenEdit" class="ApiControllerTest" file="/home/gareth/Desktop/Zend-CMS/project/cms/tests/application/controllers/ApiControllerTest.php" line="207" assertions="3" time="0.157597"/>
      <testcase name="testKeyTakenEdit" class="ApiControllerTest" file="/home/gareth/Desktop/Zend-CMS/project/cms/tests/application/controllers/ApiControllerTest.php" line="230" assertions="3" time="0.154108"/>
      <testcase name="testIncorrectArgsEdit" class="ApiControllerTest" file="/home/gareth/Desktop/Zend-CMS/project/cms/tests/application/controllers/ApiControllerTest.php" line="251" assertions="2" time="0.013431"/>
      <testcase name="testApiUserNotFoundEdit" class="ApiControllerTest" file="/home/gareth/Desktop/Zend-CMS/project/cms/tests/application/controllers/ApiControllerTest.php" line="257" assertions="2" time="0.074560"/>
      <testcase name="testCantLocateRemoveUserId" class="ApiControllerTest" file="/home/gareth/Desktop/Zend-CMS/project/cms/tests/application/controllers/ApiControllerTest.php" line="263" assertions="3" time="0.072147"/>
      <testcase name="testCantRemoveUserIdIncorrect" class="ApiControllerTest" file="/home/gareth/Desktop/Zend-CMS/project/cms/tests/application/controllers/ApiControllerTest.php" line="273" assertions="3" time="0.014550"/>
      <testcase name="testRemoveUser" class="ApiControllerTest" file="/home/gareth/Desktop/Zend-CMS/project/cms/tests/application/controllers/ApiControllerTest.php" line="284" assertions="2" time="0.072503"/>
      <testcase name="testRemoveUserConfirmAction" class="ApiControllerTest" file="/home/gareth/Desktop/Zend-CMS/project/cms/tests/application/controllers/ApiControllerTest.php" line="298" assertions="2" time="0.015240"/>
      <testcase name="testRemoveUserConfirmWithId" class="ApiControllerTest" file="/home/gareth/Desktop/Zend-CMS/project/cms/tests/application/controllers/ApiControllerTest.php" line="304" assertions="2" time="0.076368"/>
      <testcase name="testRemoveUserConfirmIncorrectId" class="ApiControllerTest" file="/home/gareth/Desktop/Zend-CMS/project/cms/tests/application/controllers/ApiControllerTest.php" line="314" assertions="2" time="0.074104"/>
    </testsuite>
    <testsuite name="ContentTypesControllerTest" file="/home/gareth/Desktop/Zend-CMS/project/cms/tests/application/controllers/ContentTypesControllerTest.php" tests="14" assertions="55" failures="0" errors="0" time="0.841831">
      <testcase name="testLandOnIndexPage" class="ContentTypesControllerTest" file="/home/gareth/Desktop/Zend-CMS/project/cms/tests/application/controllers/ContentTypesControllerTest.php" line="34" assertions="6" time="0.077497"/>
      <testcase name="testEditorNoAccess" class="ContentTypesControllerTest" file="/home/gareth/Desktop/Zend-CMS/project/cms/tests/application/controllers/ContentTypesControllerTest.php" line="45" assertions="4" time="0.013610"/>
      <testcase name="testAdminNoAccess" class="ContentTypesControllerTest" file="/home/gareth/Desktop/Zend-CMS/project/cms/tests/application/controllers/ContentTypesControllerTest.php" line="55" assertions="4" time="0.013781"/>
      <testcase name="testAddCorrect" class="ContentTypesControllerTest" file="/home/gareth/Desktop/Zend-CMS/project/cms/tests/application/controllers/ContentTypesControllerTest.php" line="66" assertions="5" time="0.077632"/>
      <testcase name="testRequiredInputs" class="ContentTypesControllerTest" file="/home/gareth/Desktop/Zend-CMS/project/cms/tests/application/controllers/ContentTypesControllerTest.php" line="84" assertions="4" time="0.030923"/>
      <testcase name="testNameTakenAdd" class="ContentTypesControllerTest" file="/home/gareth/Desktop/Zend-CMS/project/cms/tests/application/controllers/ContentTypesControllerTest.php" line="103" assertions="5" time="0.079364"/>
      <testcase name="testEditUser" class="ContentTypesControllerTest" file="/home/gareth/Desktop/Zend-CMS/project/cms/tests/application/controllers/ContentTypesControllerTest.php" line="124" assertions="4" time="0.135337"/>
      <testcase name="testIncorrectArgsEdit" class="ContentTypesControllerTest" file="/home/gareth/Desktop/Zend-CMS/project/cms/tests/application/controllers/ContentTypesControllerTest.php" line="142" assertions="3" time="0.015447"/>
      <testcase name="testContentTypeNotFoundEdit" class="ContentTypesControllerTest" file="/home/gareth/Desktop/Zend-CMS/project/cms/tests/application/controllers/ContentTypesControllerTest.php" line="148" assertions="3" time="0.075735"/>
      <testcase name="testCantLocateRemoveUserId" class="ContentTypesControllerTest" file="/home/gareth/Desktop/Zend-CMS/project/cms/tests/application/controllers/ContentTypesControllerTest.php" line="155" assertions="4" time="0.081625"/>
      <testcase name="testRemoveConfirmAction" class="ContentTypesControllerTest" file="/home/gareth/Desktop/Zend-CMS/project/cms/tests/application/controllers/ContentTypesControllerTest.php" line="165" assertions="3" time="0.014427"/>
      <testcase name="testRemoveConfirmWithId" class="ContentTypesControllerTest" file="/home/gareth/Desktop/Zend-CMS/project/cms/tests/application/controllers/ContentTypesControllerTest.php" line="171" assertions="3" time="0.076679"/>
      <testcase name="testRemoveConfirmInccorectId" class="ContentTypesControllerTest" file="/home/gareth/Desktop/Zend-CMS/project/cms/tests/application/controllers/ContentTypesControllerTest.php" line="178" assertions="3" time="0.073142"/>
      <testcase name="testRemoveContentType" class="ContentTypesControllerTest" file="/home/gareth/Desktop/Zend-CMS/project/cms/tests/application/controllers/ContentTypesControllerTest.php" line="185" assertions="4" time="0.076632"/>
    </testsuite>
    <testsuite name="ContentControllerTest" file="/home/gareth/Desktop/Zend-CMS/project/cms/tests/application/controllers/ContentControllerTest.php" tests="21" assertions="79" failures="0" errors="0" time="2.442644">
      <testcase name="testIndexPage" class="ContentControllerTest" file="/home/gareth/Desktop/Zend-CMS/project/cms/tests/application/controllers/ContentControllerTest.php" line="42" assertions="5" time="0.076762"/>
      <testcase name="testEditorHasAccessIndex" class="ContentControllerTest" file="/home/gareth/Desktop/Zend-CMS/project/cms/tests/application/controllers/ContentControllerTest.php" line="52" assertions="6" time="0.075968"/>
      <testcase name="testEditorAccessAdd" class="ContentControllerTest" file="/home/gareth/Desktop/Zend-CMS/project/cms/tests/application/controllers/ContentControllerTest.php" line="65" assertions="6" time="0.155207"/>
      <testcase name="testAdminAccessAddAction" class="ContentControllerTest" file="/home/gareth/Desktop/Zend-CMS/project/cms/tests/application/controllers/ContentControllerTest.php" line="79" assertions="5" time="0.177044"/>
      <testcase name="testAddContentCorrect" class="ContentControllerTest" file="/home/gareth/Desktop/Zend-CMS/project/cms/tests/application/controllers/ContentControllerTest.php" line="90" assertions="5" time="0.204684"/>
      <testcase name="testAddContentCorrectSecond" class="ContentControllerTest" file="/home/gareth/Desktop/Zend-CMS/project/cms/tests/application/controllers/ContentControllerTest.php" line="130" assertions="5" time="0.197738"/>
      <testcase name="testRefTakenAdd" class="ContentControllerTest" file="/home/gareth/Desktop/Zend-CMS/project/cms/tests/application/controllers/ContentControllerTest.php" line="171" assertions="4" time="0.223296"/>
      <testcase name="testAddActionIncorrectArgsText" class="ContentControllerTest" file="/home/gareth/Desktop/Zend-CMS/project/cms/tests/application/controllers/ContentControllerTest.php" line="204" assertions="2" time="0.015537"/>
      <testcase name="testAddActionNotFoundArg" class="ContentControllerTest" file="/home/gareth/Desktop/Zend-CMS/project/cms/tests/application/controllers/ContentControllerTest.php" line="212" assertions="2" time="0.073825"/>
      <testcase name="testEditContentCorrect" class="ContentControllerTest" file="/home/gareth/Desktop/Zend-CMS/project/cms/tests/application/controllers/ContentControllerTest.php" line="218" assertions="5" time="0.201913"/>
      <testcase name="testEditRefTheSameShouldWork" class="ContentControllerTest" file="/home/gareth/Desktop/Zend-CMS/project/cms/tests/application/controllers/ContentControllerTest.php" line="260" assertions="4" time="0.197189"/>
      <testcase name="testEditContentRefTaken" class="ContentControllerTest" file="/home/gareth/Desktop/Zend-CMS/project/cms/tests/application/controllers/ContentControllerTest.php" line="295" assertions="4" time="0.224972"/>
      <testcase name="testEditContentIcorrectArgs" class="ContentControllerTest" file="/home/gareth/Desktop/Zend-CMS/project/cms/tests/application/controllers/ContentControllerTest.php" line="328" assertions="2" time="0.015821"/>
      <testcase name="testEditContentNotFoundArgs" class="ContentControllerTest" file="/home/gareth/Desktop/Zend-CMS/project/cms/tests/application/controllers/ContentControllerTest.php" line="334" assertions="2" time="0.074813"/>
      <testcase name="testRemoveContentIncorrectId" class="ContentControllerTest" file="/home/gareth/Desktop/Zend-CMS/project/cms/tests/application/controllers/ContentControllerTest.php" line="341" assertions="2" time="0.074891"/>
      <testcase name="testRemoveContentInocrrectFormatArgs" class="ContentControllerTest" file="/home/gareth/Desktop/Zend-CMS/project/cms/tests/application/controllers/ContentControllerTest.php" line="348" assertions="2" time="0.015869"/>
      <testcase name="testRemoveConfirmNoIdFound" class="ContentControllerTest" file="/home/gareth/Desktop/Zend-CMS/project/cms/tests/application/controllers/ContentControllerTest.php" line="355" assertions="2" time="0.074421"/>
      <testcase name="testRemoveConfirmIncorrectFormatId" class="ContentControllerTest" file="/home/gareth/Desktop/Zend-CMS/project/cms/tests/application/controllers/ContentControllerTest.php" line="362" assertions="2" time="0.016530"/>
      <testcase name="testRemoveConfirmContentCorrect" class="ContentControllerTest" file="/home/gareth/Desktop/Zend-CMS/project/cms/tests/application/controllers/ContentControllerTest.php" line="369" assertions="6" time="0.079882"/>
      <testcase name="testRemoveContentForReal" class="ContentControllerTest" file="/home/gareth/Desktop/Zend-CMS/project/cms/tests/application/controllers/ContentControllerTest.php" line="389" assertions="4" time="0.131872"/>
      <testcase name="testRemoveDuplicateContentCorrect" class="ContentControllerTest" file="/home/gareth/Desktop/Zend-CMS/project/cms/tests/application/controllers/ContentControllerTest.php" line="408" assertions="4" time="0.134409"/>
    </testsuite>
    <testsuite name="TemplatesControllerTest" file="/home/gareth/Desktop/Zend-CMS/project/cms/tests/application/controllers/TemplatesControllerTest.php" tests="21" assertions="86" failures="0" errors="0" time="2.113880">
      <testcase name="testIndexPage" class="TemplatesControllerTest" file="/home/gareth/Desktop/Zend-CMS/project/cms/tests/application/controllers/TemplatesControllerTest.php" line="47" assertions="6" time="0.078880"/>
      <testcase name="testEditorHasNoAccessIndex" class="TemplatesControllerTest" file="/home/gareth/Desktop/Zend-CMS/project/cms/tests/application/controllers/TemplatesControllerTest.php" line="57" assertions="4" time="0.016029"/>
      <testcase name="testEditorHasNoAccessAdd" class="TemplatesControllerTest" file="/home/gareth/Desktop/Zend-CMS/project/cms/tests/application/controllers/TemplatesControllerTest.php" line="64" assertions="4" time="0.016093"/>
      <testcase name="testAdminNoAccessIndex" class="TemplatesControllerTest" file="/home/gareth/Desktop/Zend-CMS/project/cms/tests/application/controllers/TemplatesControllerTest.php" line="71" assertions="4" time="0.016030"/>
      <testcase name="testAdminNoAccessAdd" class="TemplatesControllerTest" file="/home/gareth/Desktop/Zend-CMS/project/cms/tests/application/controllers/TemplatesControllerTest.php" line="78" assertions="4" time="0.016167"/>
      <testcase name="testSuperAdminAccessAdd" class="TemplatesControllerTest" file="/home/gareth/Desktop/Zend-CMS/project/cms/tests/application/controllers/TemplatesControllerTest.php" line="85" assertions="6" time="0.125332"/>
      <testcase name="testAddTemplateCorrect" class="TemplatesControllerTest" file="/home/gareth/Desktop/Zend-CMS/project/cms/tests/application/controllers/TemplatesControllerTest.php" line="97" assertions="5" time="0.197620"/>
      <testcase name="testAddSecondTemplateCorrect" class="TemplatesControllerTest" file="/home/gareth/Desktop/Zend-CMS/project/cms/tests/application/controllers/TemplatesControllerTest.php" line="124" assertions="5" time="0.183422"/>
      <testcase name="testNameTakenAdd" class="TemplatesControllerTest" file="/home/gareth/Desktop/Zend-CMS/project/cms/tests/application/controllers/TemplatesControllerTest.php" line="150" assertions="4" time="0.179698"/>
      <testcase name="testRequiredInputsAdd" class="TemplatesControllerTest" file="/home/gareth/Desktop/Zend-CMS/project/cms/tests/application/controllers/TemplatesControllerTest.php" line="170" assertions="4" time="0.121944"/>
      <testcase name="testEditFirstTemplateCorrect" class="TemplatesControllerTest" file="/home/gareth/Desktop/Zend-CMS/project/cms/tests/application/controllers/TemplatesControllerTest.php" line="189" assertions="4" time="0.273398"/>
      <testcase name="testNameTakenEdit" class="TemplatesControllerTest" file="/home/gareth/Desktop/Zend-CMS/project/cms/tests/application/controllers/TemplatesControllerTest.php" line="224" assertions="4" time="0.239145"/>
      <testcase name="testIdPassedToEdit" class="TemplatesControllerTest" file="/home/gareth/Desktop/Zend-CMS/project/cms/tests/application/controllers/TemplatesControllerTest.php" line="253" assertions="3" time="0.016834"/>
      <testcase name="testIdPassedButNotFoundEdit" class="TemplatesControllerTest" file="/home/gareth/Desktop/Zend-CMS/project/cms/tests/application/controllers/TemplatesControllerTest.php" line="259" assertions="3" time="0.075845"/>
      <testcase name="testRemoveConfirmCorrect" class="TemplatesControllerTest" file="/home/gareth/Desktop/Zend-CMS/project/cms/tests/application/controllers/TemplatesControllerTest.php" line="265" assertions="6" time="0.080573"/>
      <testcase name="testIncorrectFormatArgumentRemoveConfirm" class="TemplatesControllerTest" file="/home/gareth/Desktop/Zend-CMS/project/cms/tests/application/controllers/TemplatesControllerTest.php" line="278" assertions="3" time="0.017400"/>
      <testcase name="testTemplateNotFoundRemoveConfirm" class="TemplatesControllerTest" file="/home/gareth/Desktop/Zend-CMS/project/cms/tests/application/controllers/TemplatesControllerTest.php" line="284" assertions="3" time="0.079263"/>
      <testcase name="testRemoveTemplateCorrect" class="TemplatesControllerTest" file="/home/gareth/Desktop/Zend-CMS/project/cms/tests/application/controllers/TemplatesControllerTest.php" line="290" assertions="4" time="0.162077"/>
      <testcase name="testIncorrectArgsRemove" class="TemplatesControllerTest" file="/home/gareth/Desktop/Zend-CMS/project/cms/tests/application/controllers/TemplatesControllerTest.php" line="304" assertions="3" time="0.017340"/>
      <testcase name="testIdButNotFoundRemove" class="TemplatesControllerTest" file="/home/gareth/Desktop/Zend-CMS/project/cms/tests/application/controllers/TemplatesControllerTest.php" line="310" assertions="3" time="0.075033"/>
      <testcase name="testRemoveSecondTemplate" class="TemplatesControllerTest" file="/home/gareth/Desktop/Zend-CMS/project/cms/tests/application/controllers/TemplatesControllerTest.php" line="316" assertions="4" time="0.125756"/>
    </testsuite>
  </testsuite>
</testsuites>
