<?xml version="1.0" encoding="UTF-8"?>
<testsuites>
  <testsuite name="Application Test Suite" tests="35" assertions="103" failures="0" errors="0" time="1.710534">
    <testsuite name="IndexControllerTest" file="/home/gareth/Dropbox/Zend-CMS/project/cms/tests/application/controllers/IndexControllerTest.php" tests="1" assertions="5" failures="0" errors="0" time="0.050999">
      <testcase name="testLandOnIndexPage" class="IndexControllerTest" file="/home/gareth/Dropbox/Zend-CMS/project/cms/tests/application/controllers/IndexControllerTest.php" line="24" assertions="5" time="0.050999"/>
    </testsuite>
    <testsuite name="UserControllerTest" file="/home/gareth/Dropbox/Zend-CMS/project/cms/tests/application/controllers/UserControllerTest.php" tests="32" assertions="90" failures="0" errors="0" time="1.634696">
      <testcase name="testLandOnIndexPage" class="UserControllerTest" file="/home/gareth/Dropbox/Zend-CMS/project/cms/tests/application/controllers/UserControllerTest.php" line="33" assertions="3" time="0.021329"/>
      <testcase name="testLoginPage" class="UserControllerTest" file="/home/gareth/Dropbox/Zend-CMS/project/cms/tests/application/controllers/UserControllerTest.php" line="41" assertions="4" time="0.038919"/>
      <testcase name="testLoginCorrect" class="UserControllerTest" file="/home/gareth/Dropbox/Zend-CMS/project/cms/tests/application/controllers/UserControllerTest.php" line="52" assertions="2" time="0.011710"/>
      <testcase name="testInCorrectLogin" class="UserControllerTest" file="/home/gareth/Dropbox/Zend-CMS/project/cms/tests/application/controllers/UserControllerTest.php" line="71" assertions="2" time="0.019201"/>
      <testcase name="testEditorNoAccessAdmin" class="UserControllerTest" file="/home/gareth/Dropbox/Zend-CMS/project/cms/tests/application/controllers/UserControllerTest.php" line="87" assertions="3" time="0.007517"/>
      <testcase name="testAdminHasAccessAdmin" class="UserControllerTest" file="/home/gareth/Dropbox/Zend-CMS/project/cms/tests/application/controllers/UserControllerTest.php" line="97" assertions="5" time="0.062627"/>
      <testcase name="testAddUserCorrect" class="UserControllerTest" file="/home/gareth/Dropbox/Zend-CMS/project/cms/tests/application/controllers/UserControllerTest.php" line="107" assertions="3" time="0.159983"/>
      <testcase name="testRequiredInputsUserForm" class="UserControllerTest" file="/home/gareth/Dropbox/Zend-CMS/project/cms/tests/application/controllers/UserControllerTest.php" line="129" assertions="8" time="0.035955"/>
      <testcase name="testPasswordsDontMatch" class="UserControllerTest" file="/home/gareth/Dropbox/Zend-CMS/project/cms/tests/application/controllers/UserControllerTest.php" line="156" assertions="3" time="0.029285"/>
      <testcase name="testUserNameTakenAdd" class="UserControllerTest" file="/home/gareth/Dropbox/Zend-CMS/project/cms/tests/application/controllers/UserControllerTest.php" line="173" assertions="3" time="0.032418"/>
      <testcase name="testUserEmailAddressTakenAdd" class="UserControllerTest" file="/home/gareth/Dropbox/Zend-CMS/project/cms/tests/application/controllers/UserControllerTest.php" line="191" assertions="3" time="0.031912"/>
      <testcase name="testEditUser" class="UserControllerTest" file="/home/gareth/Dropbox/Zend-CMS/project/cms/tests/application/controllers/UserControllerTest.php" line="211" assertions="3" time="0.352088"/>
      <testcase name="testAddSecondUser" class="UserControllerTest" file="/home/gareth/Dropbox/Zend-CMS/project/cms/tests/application/controllers/UserControllerTest.php" line="238" assertions="3" time="0.067965"/>
      <testcase name="testUserNameTakenEdit" class="UserControllerTest" file="/home/gareth/Dropbox/Zend-CMS/project/cms/tests/application/controllers/UserControllerTest.php" line="256" assertions="3" time="0.141541"/>
      <testcase name="testUserEmailAddressTakenEdit" class="UserControllerTest" file="/home/gareth/Dropbox/Zend-CMS/project/cms/tests/application/controllers/UserControllerTest.php" line="280" assertions="3" time="0.142612"/>
      <testcase name="testIncorrectArgsEdit" class="UserControllerTest" file="/home/gareth/Dropbox/Zend-CMS/project/cms/tests/application/controllers/UserControllerTest.php" line="301" assertions="2" time="0.008433"/>
      <testcase name="testUserNotFoundEdit" class="UserControllerTest" file="/home/gareth/Dropbox/Zend-CMS/project/cms/tests/application/controllers/UserControllerTest.php" line="307" assertions="2" time="0.063756"/>
      <testcase name="testLogout" class="UserControllerTest" file="/home/gareth/Dropbox/Zend-CMS/project/cms/tests/application/controllers/UserControllerTest.php" line="313" assertions="2" time="0.008372"/>
      <testcase name="testCantLocateRemoveUserId" class="UserControllerTest" file="/home/gareth/Dropbox/Zend-CMS/project/cms/tests/application/controllers/UserControllerTest.php" line="319" assertions="3" time="0.010865"/>
      <testcase name="testCantRemoveUserIdIncorrect" class="UserControllerTest" file="/home/gareth/Dropbox/Zend-CMS/project/cms/tests/application/controllers/UserControllerTest.php" line="329" assertions="3" time="0.010231"/>
      <testcase name="testRemoveUser" class="UserControllerTest" file="/home/gareth/Dropbox/Zend-CMS/project/cms/tests/application/controllers/UserControllerTest.php" line="340" assertions="3" time="0.071180"/>
      <testcase name="testRemoveUserConfirmAction" class="UserControllerTest" file="/home/gareth/Dropbox/Zend-CMS/project/cms/tests/application/controllers/UserControllerTest.php" line="354" assertions="2" time="0.010892"/>
      <testcase name="testRemoveUserConfirmWithId" class="UserControllerTest" file="/home/gareth/Dropbox/Zend-CMS/project/cms/tests/application/controllers/UserControllerTest.php" line="360" assertions="2" time="0.014835"/>
      <testcase name="testRemoveUserConfirmInccorectId" class="UserControllerTest" file="/home/gareth/Dropbox/Zend-CMS/project/cms/tests/application/controllers/UserControllerTest.php" line="367" assertions="2" time="0.010518"/>
      <testcase name="testShownForgotPasswordLink" class="UserControllerTest" file="/home/gareth/Dropbox/Zend-CMS/project/cms/tests/application/controllers/UserControllerTest.php" line="373" assertions="2" time="0.061777"/>
      <testcase name="testForgotPasswordActionAndContent" class="UserControllerTest" file="/home/gareth/Dropbox/Zend-CMS/project/cms/tests/application/controllers/UserControllerTest.php" line="404" assertions="3" time="0.017928"/>
      <testcase name="testForgotPasswordSubmitNoAccountFound" class="UserControllerTest" file="/home/gareth/Dropbox/Zend-CMS/project/cms/tests/application/controllers/UserControllerTest.php" line="414" assertions="2" time="0.020124"/>
      <testcase name="testForgotPasswordAccountFound" class="UserControllerTest" file="/home/gareth/Dropbox/Zend-CMS/project/cms/tests/application/controllers/UserControllerTest.php" line="431" assertions="2" time="0.062117"/>
      <testcase name="testActivatePasswordAction" class="UserControllerTest" file="/home/gareth/Dropbox/Zend-CMS/project/cms/tests/application/controllers/UserControllerTest.php" line="449" assertions="2" time="0.010664"/>
      <testcase name="testActivatePasswordIncorrectHash" class="UserControllerTest" file="/home/gareth/Dropbox/Zend-CMS/project/cms/tests/application/controllers/UserControllerTest.php" line="459" assertions="2" time="0.011858"/>
      <testcase name="testActivatePasswordCorrectHash" class="UserControllerTest" file="/home/gareth/Dropbox/Zend-CMS/project/cms/tests/application/controllers/UserControllerTest.php" line="470" assertions="2" time="0.024828"/>
      <testcase name="testActivatePasswordComplete" class="UserControllerTest" file="/home/gareth/Dropbox/Zend-CMS/project/cms/tests/application/controllers/UserControllerTest.php" line="482" assertions="3" time="0.061256"/>
    </testsuite>
    <testsuite name="SettingsControllerTest" file="/home/gareth/Dropbox/Zend-CMS/project/cms/tests/application/controllers/SettingsControllerTest.php" tests="2" assertions="8" failures="0" errors="0" time="0.024839">
      <testcase name="testLandOnIndexPage" class="SettingsControllerTest" file="/home/gareth/Dropbox/Zend-CMS/project/cms/tests/application/controllers/SettingsControllerTest.php" line="32" assertions="5" time="0.017590"/>
      <testcase name="testEditorNoAccess" class="SettingsControllerTest" file="/home/gareth/Dropbox/Zend-CMS/project/cms/tests/application/controllers/SettingsControllerTest.php" line="43" assertions="3" time="0.007249"/>
    </testsuite>
  </testsuite>
</testsuites>
