<?xml version="1.0" encoding="UTF-8"?>
<testsuites>
  <testsuite name="Application Test Suite" tests="55" assertions="160" failures="0" errors="0" time="3.791152">
    <testsuite name="IndexControllerTest" file="/home/gareth/Dropbox/Zend-CMS/project/cms/tests/application/controllers/IndexControllerTest.php" tests="1" assertions="5" failures="0" errors="0" time="0.063501">
      <testcase name="testLandOnIndexPage" class="IndexControllerTest" file="/home/gareth/Dropbox/Zend-CMS/project/cms/tests/application/controllers/IndexControllerTest.php" line="24" assertions="5" time="0.063501"/>
    </testsuite>
    <testsuite name="UserControllerTest" file="/home/gareth/Dropbox/Zend-CMS/project/cms/tests/application/controllers/UserControllerTest.php" tests="32" assertions="90" failures="0" errors="0" time="2.367141">
      <testcase name="testLandOnIndexPage" class="UserControllerTest" file="/home/gareth/Dropbox/Zend-CMS/project/cms/tests/application/controllers/UserControllerTest.php" line="33" assertions="3" time="0.009312"/>
      <testcase name="testLoginPage" class="UserControllerTest" file="/home/gareth/Dropbox/Zend-CMS/project/cms/tests/application/controllers/UserControllerTest.php" line="42" assertions="4" time="0.042982"/>
      <testcase name="testLoginCorrect" class="UserControllerTest" file="/home/gareth/Dropbox/Zend-CMS/project/cms/tests/application/controllers/UserControllerTest.php" line="53" assertions="2" time="0.012512"/>
      <testcase name="testInCorrectLogin" class="UserControllerTest" file="/home/gareth/Dropbox/Zend-CMS/project/cms/tests/application/controllers/UserControllerTest.php" line="72" assertions="2" time="0.020254"/>
      <testcase name="testEditorNoAccessAdmin" class="UserControllerTest" file="/home/gareth/Dropbox/Zend-CMS/project/cms/tests/application/controllers/UserControllerTest.php" line="88" assertions="3" time="0.007936"/>
      <testcase name="testAdminHasAccessAdmin" class="UserControllerTest" file="/home/gareth/Dropbox/Zend-CMS/project/cms/tests/application/controllers/UserControllerTest.php" line="98" assertions="5" time="0.062828"/>
      <testcase name="testAddUserCorrect" class="UserControllerTest" file="/home/gareth/Dropbox/Zend-CMS/project/cms/tests/application/controllers/UserControllerTest.php" line="108" assertions="3" time="0.207056"/>
      <testcase name="testRequiredInputsUserForm" class="UserControllerTest" file="/home/gareth/Dropbox/Zend-CMS/project/cms/tests/application/controllers/UserControllerTest.php" line="132" assertions="8" time="0.038087"/>
      <testcase name="testPasswordsDontMatch" class="UserControllerTest" file="/home/gareth/Dropbox/Zend-CMS/project/cms/tests/application/controllers/UserControllerTest.php" line="159" assertions="3" time="0.032453"/>
      <testcase name="testUserNameTakenAdd" class="UserControllerTest" file="/home/gareth/Dropbox/Zend-CMS/project/cms/tests/application/controllers/UserControllerTest.php" line="176" assertions="3" time="0.082512"/>
      <testcase name="testUserEmailAddressTakenAdd" class="UserControllerTest" file="/home/gareth/Dropbox/Zend-CMS/project/cms/tests/application/controllers/UserControllerTest.php" line="194" assertions="3" time="0.082895"/>
      <testcase name="testEditUser" class="UserControllerTest" file="/home/gareth/Dropbox/Zend-CMS/project/cms/tests/application/controllers/UserControllerTest.php" line="214" assertions="3" time="0.362779"/>
      <testcase name="testAddSecondUser" class="UserControllerTest" file="/home/gareth/Dropbox/Zend-CMS/project/cms/tests/application/controllers/UserControllerTest.php" line="241" assertions="3" time="0.117437"/>
      <testcase name="testUserNameTakenEdit" class="UserControllerTest" file="/home/gareth/Dropbox/Zend-CMS/project/cms/tests/application/controllers/UserControllerTest.php" line="259" assertions="3" time="0.140666"/>
      <testcase name="testUserEmailAddressTakenEdit" class="UserControllerTest" file="/home/gareth/Dropbox/Zend-CMS/project/cms/tests/application/controllers/UserControllerTest.php" line="283" assertions="3" time="0.140356"/>
      <testcase name="testIncorrectArgsEdit" class="UserControllerTest" file="/home/gareth/Dropbox/Zend-CMS/project/cms/tests/application/controllers/UserControllerTest.php" line="304" assertions="2" time="0.008673"/>
      <testcase name="testUserNotFoundEdit" class="UserControllerTest" file="/home/gareth/Dropbox/Zend-CMS/project/cms/tests/application/controllers/UserControllerTest.php" line="310" assertions="2" time="0.065340"/>
      <testcase name="testLogout" class="UserControllerTest" file="/home/gareth/Dropbox/Zend-CMS/project/cms/tests/application/controllers/UserControllerTest.php" line="316" assertions="2" time="0.008819"/>
      <testcase name="testCantLocateRemoveUserId" class="UserControllerTest" file="/home/gareth/Dropbox/Zend-CMS/project/cms/tests/application/controllers/UserControllerTest.php" line="322" assertions="3" time="0.060655"/>
      <testcase name="testCantRemoveUserIdIncorrect" class="UserControllerTest" file="/home/gareth/Dropbox/Zend-CMS/project/cms/tests/application/controllers/UserControllerTest.php" line="332" assertions="3" time="0.010322"/>
      <testcase name="testRemoveUser" class="UserControllerTest" file="/home/gareth/Dropbox/Zend-CMS/project/cms/tests/application/controllers/UserControllerTest.php" line="343" assertions="3" time="0.113372"/>
      <testcase name="testRemoveUserConfirmAction" class="UserControllerTest" file="/home/gareth/Dropbox/Zend-CMS/project/cms/tests/application/controllers/UserControllerTest.php" line="357" assertions="2" time="0.009181"/>
      <testcase name="testRemoveUserConfirmWithId" class="UserControllerTest" file="/home/gareth/Dropbox/Zend-CMS/project/cms/tests/application/controllers/UserControllerTest.php" line="363" assertions="2" time="0.064140"/>
      <testcase name="testRemoveUserConfirmInccorectId" class="UserControllerTest" file="/home/gareth/Dropbox/Zend-CMS/project/cms/tests/application/controllers/UserControllerTest.php" line="370" assertions="2" time="0.059715"/>
      <testcase name="testShownForgotPasswordLink" class="UserControllerTest" file="/home/gareth/Dropbox/Zend-CMS/project/cms/tests/application/controllers/UserControllerTest.php" line="376" assertions="2" time="0.073863"/>
      <testcase name="testForgotPasswordActionAndContent" class="UserControllerTest" file="/home/gareth/Dropbox/Zend-CMS/project/cms/tests/application/controllers/UserControllerTest.php" line="407" assertions="3" time="0.020449"/>
      <testcase name="testForgotPasswordSubmitNoAccountFound" class="UserControllerTest" file="/home/gareth/Dropbox/Zend-CMS/project/cms/tests/application/controllers/UserControllerTest.php" line="417" assertions="2" time="0.071164"/>
      <testcase name="testForgotPasswordAccountFound" class="UserControllerTest" file="/home/gareth/Dropbox/Zend-CMS/project/cms/tests/application/controllers/UserControllerTest.php" line="434" assertions="2" time="0.174367"/>
      <testcase name="testActivatePasswordAction" class="UserControllerTest" file="/home/gareth/Dropbox/Zend-CMS/project/cms/tests/application/controllers/UserControllerTest.php" line="452" assertions="2" time="0.011248"/>
      <testcase name="testActivatePasswordIncorrectHash" class="UserControllerTest" file="/home/gareth/Dropbox/Zend-CMS/project/cms/tests/application/controllers/UserControllerTest.php" line="462" assertions="2" time="0.012550"/>
      <testcase name="testActivatePasswordCorrectHash" class="UserControllerTest" file="/home/gareth/Dropbox/Zend-CMS/project/cms/tests/application/controllers/UserControllerTest.php" line="473" assertions="2" time="0.076930"/>
      <testcase name="testActivatePasswordComplete" class="UserControllerTest" file="/home/gareth/Dropbox/Zend-CMS/project/cms/tests/application/controllers/UserControllerTest.php" line="485" assertions="3" time="0.166289"/>
    </testsuite>
    <testsuite name="ApiControllerTest" file="/home/gareth/Dropbox/Zend-CMS/project/cms/tests/application/controllers/ApiControllerTest.php" tests="20" assertions="57" failures="0" errors="0" time="1.275093">
      <testcase name="testLandOnIndexPage" class="ApiControllerTest" file="/home/gareth/Dropbox/Zend-CMS/project/cms/tests/application/controllers/ApiControllerTest.php" line="33" assertions="3" time="0.010430"/>
      <testcase name="testEditorNoAccessAdmin" class="ApiControllerTest" file="/home/gareth/Dropbox/Zend-CMS/project/cms/tests/application/controllers/ApiControllerTest.php" line="41" assertions="3" time="0.009735"/>
      <testcase name="testAdminHasAccessAdmin" class="ApiControllerTest" file="/home/gareth/Dropbox/Zend-CMS/project/cms/tests/application/controllers/ApiControllerTest.php" line="51" assertions="5" time="0.063504"/>
      <testcase name="testAddUserCorrect" class="ApiControllerTest" file="/home/gareth/Dropbox/Zend-CMS/project/cms/tests/application/controllers/ApiControllerTest.php" line="61" assertions="3" time="0.065053"/>
      <testcase name="testAddSecondUser" class="ApiControllerTest" file="/home/gareth/Dropbox/Zend-CMS/project/cms/tests/application/controllers/ApiControllerTest.php" line="81" assertions="3" time="0.077906"/>
      <testcase name="testRequiredInputsApiForm" class="ApiControllerTest" file="/home/gareth/Dropbox/Zend-CMS/project/cms/tests/application/controllers/ApiControllerTest.php" line="96" assertions="4" time="0.033632"/>
      <testcase name="testRefTakenAdd" class="ApiControllerTest" file="/home/gareth/Dropbox/Zend-CMS/project/cms/tests/application/controllers/ApiControllerTest.php" line="118" assertions="3" time="0.081425"/>
      <testcase name="testKeyTakenAdd" class="ApiControllerTest" file="/home/gareth/Dropbox/Zend-CMS/project/cms/tests/application/controllers/ApiControllerTest.php" line="137" assertions="3" time="0.081966"/>
      <testcase name="testEditUser" class="ApiControllerTest" file="/home/gareth/Dropbox/Zend-CMS/project/cms/tests/application/controllers/ApiControllerTest.php" line="159" assertions="3" time="0.117253"/>
      <testcase name="testResetUserOne" class="ApiControllerTest" file="/home/gareth/Dropbox/Zend-CMS/project/cms/tests/application/controllers/ApiControllerTest.php" line="183" assertions="3" time="0.117656"/>
      <testcase name="testRefTakenEdit" class="ApiControllerTest" file="/home/gareth/Dropbox/Zend-CMS/project/cms/tests/application/controllers/ApiControllerTest.php" line="208" assertions="3" time="0.134144"/>
      <testcase name="testKeyTakenEdit" class="ApiControllerTest" file="/home/gareth/Dropbox/Zend-CMS/project/cms/tests/application/controllers/ApiControllerTest.php" line="231" assertions="3" time="0.133525"/>
      <testcase name="testIncorrectArgsEdit" class="ApiControllerTest" file="/home/gareth/Dropbox/Zend-CMS/project/cms/tests/application/controllers/ApiControllerTest.php" line="252" assertions="2" time="0.010883"/>
      <testcase name="testApiUserNotFoundEdit" class="ApiControllerTest" file="/home/gareth/Dropbox/Zend-CMS/project/cms/tests/application/controllers/ApiControllerTest.php" line="258" assertions="2" time="0.062134"/>
      <testcase name="testCantLocateRemoveUserId" class="ApiControllerTest" file="/home/gareth/Dropbox/Zend-CMS/project/cms/tests/application/controllers/ApiControllerTest.php" line="264" assertions="3" time="0.062923"/>
      <testcase name="testCantRemoveUserIdIncorrect" class="ApiControllerTest" file="/home/gareth/Dropbox/Zend-CMS/project/cms/tests/application/controllers/ApiControllerTest.php" line="274" assertions="3" time="0.012058"/>
      <testcase name="testRemoveUser" class="ApiControllerTest" file="/home/gareth/Dropbox/Zend-CMS/project/cms/tests/application/controllers/ApiControllerTest.php" line="285" assertions="2" time="0.061387"/>
      <testcase name="testRemoveUserConfirmAction" class="ApiControllerTest" file="/home/gareth/Dropbox/Zend-CMS/project/cms/tests/application/controllers/ApiControllerTest.php" line="299" assertions="2" time="0.011283"/>
      <testcase name="testRemoveUserConfirmWithId" class="ApiControllerTest" file="/home/gareth/Dropbox/Zend-CMS/project/cms/tests/application/controllers/ApiControllerTest.php" line="305" assertions="2" time="0.066131"/>
      <testcase name="testRemoveUserConfirmIncorrectId" class="ApiControllerTest" file="/home/gareth/Dropbox/Zend-CMS/project/cms/tests/application/controllers/ApiControllerTest.php" line="315" assertions="2" time="0.062065"/>
    </testsuite>
    <testsuite name="SettingsControllerTest" file="/home/gareth/Dropbox/Zend-CMS/project/cms/tests/application/controllers/SettingsControllerTest.php" tests="2" assertions="8" failures="0" errors="0" time="0.085416">
      <testcase name="testLandOnIndexPage" class="SettingsControllerTest" file="/home/gareth/Dropbox/Zend-CMS/project/cms/tests/application/controllers/SettingsControllerTest.php" line="28" assertions="5" time="0.074035"/>
      <testcase name="testEditorNoAccess" class="SettingsControllerTest" file="/home/gareth/Dropbox/Zend-CMS/project/cms/tests/application/controllers/SettingsControllerTest.php" line="39" assertions="3" time="0.011381"/>
    </testsuite>
  </testsuite>
</testsuites>
