<?xml version="1.0" encoding="UTF-8"?>
<testsuites>
  <testsuite name="Application Test Suite" tests="162" assertions="580" failures="0" errors="0" time="15.170026">
    <testsuite name="ContentTypeFieldsControllerTest" file="/home/gareth/Desktop/Zend-CMS/project/cms/tests/application/controllers/ContentTypeFieldsControllerTest.php" tests="23" assertions="84" failures="0" errors="0" time="2.025602">
      <testcase name="testNoParamsIndexPage" class="ContentTypeFieldsControllerTest" file="/home/gareth/Desktop/Zend-CMS/project/cms/tests/application/controllers/ContentTypeFieldsControllerTest.php" line="33" assertions="3" time="0.057066"/>
      <testcase name="testIndexPage" class="ContentTypeFieldsControllerTest" file="/home/gareth/Desktop/Zend-CMS/project/cms/tests/application/controllers/ContentTypeFieldsControllerTest.php" line="40" assertions="6" time="0.131691"/>
      <testcase name="testEditorNoAccess" class="ContentTypeFieldsControllerTest" file="/home/gareth/Desktop/Zend-CMS/project/cms/tests/application/controllers/ContentTypeFieldsControllerTest.php" line="51" assertions="4" time="0.008397"/>
      <testcase name="testAdminNoAccess" class="ContentTypeFieldsControllerTest" file="/home/gareth/Desktop/Zend-CMS/project/cms/tests/application/controllers/ContentTypeFieldsControllerTest.php" line="61" assertions="4" time="0.008266"/>
      <testcase name="testAddCorrect" class="ContentTypeFieldsControllerTest" file="/home/gareth/Desktop/Zend-CMS/project/cms/tests/application/controllers/ContentTypeFieldsControllerTest.php" line="71" assertions="4" time="0.136915"/>
      <testcase name="testRequiredInputs" class="ContentTypeFieldsControllerTest" file="/home/gareth/Desktop/Zend-CMS/project/cms/tests/application/controllers/ContentTypeFieldsControllerTest.php" line="94" assertions="4" time="0.090595"/>
      <testcase name="testNameTakenAdd" class="ContentTypeFieldsControllerTest" file="/home/gareth/Desktop/Zend-CMS/project/cms/tests/application/controllers/ContentTypeFieldsControllerTest.php" line="113" assertions="5" time="0.129553"/>
      <testcase name="testAddSecondCorrect" class="ContentTypeFieldsControllerTest" file="/home/gareth/Desktop/Zend-CMS/project/cms/tests/application/controllers/ContentTypeFieldsControllerTest.php" line="137" assertions="4" time="0.129260"/>
      <testcase name="testEditFirstContentTypeField" class="ContentTypeFieldsControllerTest" file="/home/gareth/Desktop/Zend-CMS/project/cms/tests/application/controllers/ContentTypeFieldsControllerTest.php" line="157" assertions="4" time="0.181642"/>
      <testcase name="testCanNameFieldSameAsFieldInOtherType" class="ContentTypeFieldsControllerTest" file="/home/gareth/Desktop/Zend-CMS/project/cms/tests/application/controllers/ContentTypeFieldsControllerTest.php" line="182" assertions="4" time="0.184812"/>
      <testcase name="testNameTakenOnFieldInContentType" class="ContentTypeFieldsControllerTest" file="/home/gareth/Desktop/Zend-CMS/project/cms/tests/application/controllers/ContentTypeFieldsControllerTest.php" line="206" assertions="5" time="0.130539"/>
      <testcase name="testIncorrectArgsEdit" class="ContentTypeFieldsControllerTest" file="/home/gareth/Desktop/Zend-CMS/project/cms/tests/application/controllers/ContentTypeFieldsControllerTest.php" line="240" assertions="3" time="0.067777"/>
      <testcase name="testContentFieldNotFound" class="ContentTypeFieldsControllerTest" file="/home/gareth/Desktop/Zend-CMS/project/cms/tests/application/controllers/ContentTypeFieldsControllerTest.php" line="246" assertions="3" time="0.122398"/>
      <testcase name="testEditCorrectParamButNoContentType" class="ContentTypeFieldsControllerTest" file="/home/gareth/Desktop/Zend-CMS/project/cms/tests/application/controllers/ContentTypeFieldsControllerTest.php" line="255" assertions="3" time="0.010715"/>
      <testcase name="testAddCorrectButNoContentType" class="ContentTypeFieldsControllerTest" file="/home/gareth/Desktop/Zend-CMS/project/cms/tests/application/controllers/ContentTypeFieldsControllerTest.php" line="267" assertions="3" time="0.009114"/>
      <testcase name="testCantLocateRemoveUserId" class="ContentTypeFieldsControllerTest" file="/home/gareth/Desktop/Zend-CMS/project/cms/tests/application/controllers/ContentTypeFieldsControllerTest.php" line="274" assertions="3" time="0.126053"/>
      <testcase name="testCorrectRemoveidNoContentType" class="ContentTypeFieldsControllerTest" file="/home/gareth/Desktop/Zend-CMS/project/cms/tests/application/controllers/ContentTypeFieldsControllerTest.php" line="281" assertions="3" time="0.010807"/>
      <testcase name="testRemoveConfirmActionNoContentType" class="ContentTypeFieldsControllerTest" file="/home/gareth/Desktop/Zend-CMS/project/cms/tests/application/controllers/ContentTypeFieldsControllerTest.php" line="289" assertions="3" time="0.009424"/>
      <testcase name="testRemoveConfirmActionNoId" class="ContentTypeFieldsControllerTest" file="/home/gareth/Desktop/Zend-CMS/project/cms/tests/application/controllers/ContentTypeFieldsControllerTest.php" line="295" assertions="3" time="0.064937"/>
      <testcase name="testRemoveConfirmInccorectId" class="ContentTypeFieldsControllerTest" file="/home/gareth/Desktop/Zend-CMS/project/cms/tests/application/controllers/ContentTypeFieldsControllerTest.php" line="301" assertions="3" time="0.127251"/>
      <testcase name="testRemoveConfirmWithId" class="ContentTypeFieldsControllerTest" file="/home/gareth/Desktop/Zend-CMS/project/cms/tests/application/controllers/ContentTypeFieldsControllerTest.php" line="307" assertions="4" time="0.128132"/>
      <testcase name="testRemoveContentTypeFieldOne" class="ContentTypeFieldsControllerTest" file="/home/gareth/Desktop/Zend-CMS/project/cms/tests/application/controllers/ContentTypeFieldsControllerTest.php" line="318" assertions="4" time="0.149843"/>
      <testcase name="testCleanup" class="ContentTypeFieldsControllerTest" file="/home/gareth/Desktop/Zend-CMS/project/cms/tests/application/controllers/ContentTypeFieldsControllerTest.php" line="334" assertions="2" time="0.010414"/>
    </testsuite>
    <testsuite name="IndexControllerTest" file="/home/gareth/Desktop/Zend-CMS/project/cms/tests/application/controllers/IndexControllerTest.php" tests="31" assertions="129" failures="0" errors="0" time="3.591801">
      <testcase name="testEditorAccessIndex" class="IndexControllerTest" file="/home/gareth/Desktop/Zend-CMS/project/cms/tests/application/controllers/IndexControllerTest.php" line="61" assertions="5" time="0.180472"/>
      <testcase name="testSuperadminAccessIndex" class="IndexControllerTest" file="/home/gareth/Desktop/Zend-CMS/project/cms/tests/application/controllers/IndexControllerTest.php" line="70" assertions="5" time="0.183861"/>
      <testcase name="testEditorCanAddPage" class="IndexControllerTest" file="/home/gareth/Desktop/Zend-CMS/project/cms/tests/application/controllers/IndexControllerTest.php" line="84" assertions="5" time="0.078872"/>
      <testcase name="testSuperAdminCanAddPage" class="IndexControllerTest" file="/home/gareth/Desktop/Zend-CMS/project/cms/tests/application/controllers/IndexControllerTest.php" line="93" assertions="5" time="0.080792"/>
      <testcase name="testAddPageCorrect" class="IndexControllerTest" file="/home/gareth/Desktop/Zend-CMS/project/cms/tests/application/controllers/IndexControllerTest.php" line="102" assertions="4" time="0.246579"/>
      <testcase name="testAddSecondPageCorrect" class="IndexControllerTest" file="/home/gareth/Desktop/Zend-CMS/project/cms/tests/application/controllers/IndexControllerTest.php" line="130" assertions="4" time="0.225363"/>
      <testcase name="testNameTakenAddPage" class="IndexControllerTest" file="/home/gareth/Desktop/Zend-CMS/project/cms/tests/application/controllers/IndexControllerTest.php" line="159" assertions="4" time="0.141260"/>
      <testcase name="testRequiredInputsAdd" class="IndexControllerTest" file="/home/gareth/Desktop/Zend-CMS/project/cms/tests/application/controllers/IndexControllerTest.php" line="183" assertions="4" time="0.081339"/>
      <testcase name="testSuperAdminCanEditPage" class="IndexControllerTest" file="/home/gareth/Desktop/Zend-CMS/project/cms/tests/application/controllers/IndexControllerTest.php" line="204" assertions="6" time="0.138384"/>
      <testcase name="testEditorCanEditPage" class="IndexControllerTest" file="/home/gareth/Desktop/Zend-CMS/project/cms/tests/application/controllers/IndexControllerTest.php" line="219" assertions="6" time="0.139293"/>
      <testcase name="testEditPageOneCorrect" class="IndexControllerTest" file="/home/gareth/Desktop/Zend-CMS/project/cms/tests/application/controllers/IndexControllerTest.php" line="234" assertions="5" time="0.281454"/>
      <testcase name="testNameTakenEditPageOne" class="IndexControllerTest" file="/home/gareth/Desktop/Zend-CMS/project/cms/tests/application/controllers/IndexControllerTest.php" line="263" assertions="4" time="0.186357"/>
      <testcase name="testRequiredInputsEditPage" class="IndexControllerTest" file="/home/gareth/Desktop/Zend-CMS/project/cms/tests/application/controllers/IndexControllerTest.php" line="290" assertions="5" time="0.139821"/>
      <testcase name="testIdPassedToEdit" class="IndexControllerTest" file="/home/gareth/Desktop/Zend-CMS/project/cms/tests/application/controllers/IndexControllerTest.php" line="316" assertions="2" time="0.010740"/>
      <testcase name="testIdPassedButNotFoundEdit" class="IndexControllerTest" file="/home/gareth/Desktop/Zend-CMS/project/cms/tests/application/controllers/IndexControllerTest.php" line="322" assertions="2" time="0.069765"/>
      <testcase name="testEditorAbleToEditAssignment" class="IndexControllerTest" file="/home/gareth/Desktop/Zend-CMS/project/cms/tests/application/controllers/IndexControllerTest.php" line="329" assertions="6" time="0.139190"/>
      <testcase name="testSuperAdminAbleToEditAssignment" class="IndexControllerTest" file="/home/gareth/Desktop/Zend-CMS/project/cms/tests/application/controllers/IndexControllerTest.php" line="343" assertions="6" time="0.132615"/>
      <testcase name="testEditAssignmentCorrect" class="IndexControllerTest" file="/home/gareth/Desktop/Zend-CMS/project/cms/tests/application/controllers/IndexControllerTest.php" line="357" assertions="6" time="0.253494"/>
      <testcase name="testIncorrectFormatArgumentEditAssignment" class="IndexControllerTest" file="/home/gareth/Desktop/Zend-CMS/project/cms/tests/application/controllers/IndexControllerTest.php" line="394" assertions="2" time="0.011065"/>
      <testcase name="testPageNotFoundEditAssignment" class="IndexControllerTest" file="/home/gareth/Desktop/Zend-CMS/project/cms/tests/application/controllers/IndexControllerTest.php" line="400" assertions="2" time="0.069535"/>
      <testcase name="testParseIncorrectFormatSlotEditAssignment" class="IndexControllerTest" file="/home/gareth/Desktop/Zend-CMS/project/cms/tests/application/controllers/IndexControllerTest.php" line="406" assertions="2" time="0.012507"/>
      <testcase name="testParseSlotNotFoundEditAssignment" class="IndexControllerTest" file="/home/gareth/Desktop/Zend-CMS/project/cms/tests/application/controllers/IndexControllerTest.php" line="413" assertions="2" time="0.071615"/>
      <testcase name="testEditorCanRemoveConfirm" class="IndexControllerTest" file="/home/gareth/Desktop/Zend-CMS/project/cms/tests/application/controllers/IndexControllerTest.php" line="420" assertions="6" time="0.073855"/>
      <testcase name="testSuperadminCanRemoveConfirm" class="IndexControllerTest" file="/home/gareth/Desktop/Zend-CMS/project/cms/tests/application/controllers/IndexControllerTest.php" line="434" assertions="6" time="0.073815"/>
      <testcase name="testAdminRemoveConfirm" class="IndexControllerTest" file="/home/gareth/Desktop/Zend-CMS/project/cms/tests/application/controllers/IndexControllerTest.php" line="448" assertions="5" time="0.072370"/>
      <testcase name="testIncorrectFormatArgumentRemoveConfirm" class="IndexControllerTest" file="/home/gareth/Desktop/Zend-CMS/project/cms/tests/application/controllers/IndexControllerTest.php" line="461" assertions="2" time="0.011562"/>
      <testcase name="testPageNotFoundRemoveConfirm" class="IndexControllerTest" file="/home/gareth/Desktop/Zend-CMS/project/cms/tests/application/controllers/IndexControllerTest.php" line="467" assertions="2" time="0.067044"/>
      <testcase name="testRemoveFirstPageCorrect" class="IndexControllerTest" file="/home/gareth/Desktop/Zend-CMS/project/cms/tests/application/controllers/IndexControllerTest.php" line="473" assertions="6" time="0.151740"/>
      <testcase name="testIncorrectArgsRemove" class="IndexControllerTest" file="/home/gareth/Desktop/Zend-CMS/project/cms/tests/application/controllers/IndexControllerTest.php" line="493" assertions="2" time="0.011660"/>
      <testcase name="testIdButNotFoundRemove" class="IndexControllerTest" file="/home/gareth/Desktop/Zend-CMS/project/cms/tests/application/controllers/IndexControllerTest.php" line="499" assertions="2" time="0.104585"/>
      <testcase name="testRemoveSecondPageCorrect" class="IndexControllerTest" file="/home/gareth/Desktop/Zend-CMS/project/cms/tests/application/controllers/IndexControllerTest.php" line="505" assertions="6" time="0.150797"/>
    </testsuite>
    <testsuite name="UserControllerTest" file="/home/gareth/Desktop/Zend-CMS/project/cms/tests/application/controllers/UserControllerTest.php" tests="32" assertions="90" failures="0" errors="0" time="2.619326">
      <testcase name="testLandOnIndexPage" class="UserControllerTest" file="/home/gareth/Desktop/Zend-CMS/project/cms/tests/application/controllers/UserControllerTest.php" line="33" assertions="3" time="0.013222"/>
      <testcase name="testLoginPage" class="UserControllerTest" file="/home/gareth/Desktop/Zend-CMS/project/cms/tests/application/controllers/UserControllerTest.php" line="42" assertions="4" time="0.048956"/>
      <testcase name="testLoginCorrect" class="UserControllerTest" file="/home/gareth/Desktop/Zend-CMS/project/cms/tests/application/controllers/UserControllerTest.php" line="53" assertions="2" time="0.018240"/>
      <testcase name="testInCorrectLogin" class="UserControllerTest" file="/home/gareth/Desktop/Zend-CMS/project/cms/tests/application/controllers/UserControllerTest.php" line="72" assertions="2" time="0.034784"/>
      <testcase name="testEditorNoAccessAdmin" class="UserControllerTest" file="/home/gareth/Desktop/Zend-CMS/project/cms/tests/application/controllers/UserControllerTest.php" line="88" assertions="3" time="0.013718"/>
      <testcase name="testAdminHasAccessAdmin" class="UserControllerTest" file="/home/gareth/Desktop/Zend-CMS/project/cms/tests/application/controllers/UserControllerTest.php" line="98" assertions="5" time="0.073434"/>
      <testcase name="testAddUserCorrect" class="UserControllerTest" file="/home/gareth/Desktop/Zend-CMS/project/cms/tests/application/controllers/UserControllerTest.php" line="108" assertions="3" time="0.171874"/>
      <testcase name="testRequiredInputsUserForm" class="UserControllerTest" file="/home/gareth/Desktop/Zend-CMS/project/cms/tests/application/controllers/UserControllerTest.php" line="132" assertions="8" time="0.061911"/>
      <testcase name="testPasswordsDontMatch" class="UserControllerTest" file="/home/gareth/Desktop/Zend-CMS/project/cms/tests/application/controllers/UserControllerTest.php" line="159" assertions="3" time="0.055528"/>
      <testcase name="testUserNameTakenAdd" class="UserControllerTest" file="/home/gareth/Desktop/Zend-CMS/project/cms/tests/application/controllers/UserControllerTest.php" line="176" assertions="3" time="0.112290"/>
      <testcase name="testUserEmailAddressTakenAdd" class="UserControllerTest" file="/home/gareth/Desktop/Zend-CMS/project/cms/tests/application/controllers/UserControllerTest.php" line="194" assertions="3" time="0.115686"/>
      <testcase name="testEditUser" class="UserControllerTest" file="/home/gareth/Desktop/Zend-CMS/project/cms/tests/application/controllers/UserControllerTest.php" line="214" assertions="3" time="0.219193"/>
      <testcase name="testAddSecondUser" class="UserControllerTest" file="/home/gareth/Desktop/Zend-CMS/project/cms/tests/application/controllers/UserControllerTest.php" line="241" assertions="3" time="0.118137"/>
      <testcase name="testUserNameTakenEdit" class="UserControllerTest" file="/home/gareth/Desktop/Zend-CMS/project/cms/tests/application/controllers/UserControllerTest.php" line="259" assertions="3" time="0.176897"/>
      <testcase name="testUserEmailAddressTakenEdit" class="UserControllerTest" file="/home/gareth/Desktop/Zend-CMS/project/cms/tests/application/controllers/UserControllerTest.php" line="283" assertions="3" time="0.176782"/>
      <testcase name="testIncorrectArgsEdit" class="UserControllerTest" file="/home/gareth/Desktop/Zend-CMS/project/cms/tests/application/controllers/UserControllerTest.php" line="304" assertions="2" time="0.012822"/>
      <testcase name="testUserNotFoundEdit" class="UserControllerTest" file="/home/gareth/Desktop/Zend-CMS/project/cms/tests/application/controllers/UserControllerTest.php" line="310" assertions="2" time="0.075507"/>
      <testcase name="testLogout" class="UserControllerTest" file="/home/gareth/Desktop/Zend-CMS/project/cms/tests/application/controllers/UserControllerTest.php" line="316" assertions="2" time="0.013016"/>
      <testcase name="testCantLocateRemoveUserId" class="UserControllerTest" file="/home/gareth/Desktop/Zend-CMS/project/cms/tests/application/controllers/UserControllerTest.php" line="322" assertions="3" time="0.069459"/>
      <testcase name="testCantRemoveUserIdIncorrect" class="UserControllerTest" file="/home/gareth/Desktop/Zend-CMS/project/cms/tests/application/controllers/UserControllerTest.php" line="332" assertions="3" time="0.014672"/>
      <testcase name="testRemoveUser" class="UserControllerTest" file="/home/gareth/Desktop/Zend-CMS/project/cms/tests/application/controllers/UserControllerTest.php" line="343" assertions="3" time="0.133464"/>
      <testcase name="testRemoveUserConfirmAction" class="UserControllerTest" file="/home/gareth/Desktop/Zend-CMS/project/cms/tests/application/controllers/UserControllerTest.php" line="357" assertions="2" time="0.013158"/>
      <testcase name="testRemoveUserConfirmWithId" class="UserControllerTest" file="/home/gareth/Desktop/Zend-CMS/project/cms/tests/application/controllers/UserControllerTest.php" line="363" assertions="2" time="0.077404"/>
      <testcase name="testRemoveUserConfirmInccorectId" class="UserControllerTest" file="/home/gareth/Desktop/Zend-CMS/project/cms/tests/application/controllers/UserControllerTest.php" line="370" assertions="2" time="0.069977"/>
      <testcase name="testShownForgotPasswordLink" class="UserControllerTest" file="/home/gareth/Desktop/Zend-CMS/project/cms/tests/application/controllers/UserControllerTest.php" line="376" assertions="2" time="0.104954"/>
      <testcase name="testForgotPasswordActionAndContent" class="UserControllerTest" file="/home/gareth/Desktop/Zend-CMS/project/cms/tests/application/controllers/UserControllerTest.php" line="407" assertions="3" time="0.028405"/>
      <testcase name="testForgotPasswordSubmitNoAccountFound" class="UserControllerTest" file="/home/gareth/Desktop/Zend-CMS/project/cms/tests/application/controllers/UserControllerTest.php" line="417" assertions="2" time="0.091043"/>
      <testcase name="testForgotPasswordAccountFound" class="UserControllerTest" file="/home/gareth/Desktop/Zend-CMS/project/cms/tests/application/controllers/UserControllerTest.php" line="434" assertions="2" time="0.196201"/>
      <testcase name="testActivatePasswordAction" class="UserControllerTest" file="/home/gareth/Desktop/Zend-CMS/project/cms/tests/application/controllers/UserControllerTest.php" line="452" assertions="2" time="0.015745"/>
      <testcase name="testActivatePasswordIncorrectHash" class="UserControllerTest" file="/home/gareth/Desktop/Zend-CMS/project/cms/tests/application/controllers/UserControllerTest.php" line="462" assertions="2" time="0.017673"/>
      <testcase name="testActivatePasswordCorrectHash" class="UserControllerTest" file="/home/gareth/Desktop/Zend-CMS/project/cms/tests/application/controllers/UserControllerTest.php" line="473" assertions="2" time="0.096030"/>
      <testcase name="testActivatePasswordComplete" class="UserControllerTest" file="/home/gareth/Desktop/Zend-CMS/project/cms/tests/application/controllers/UserControllerTest.php" line="485" assertions="3" time="0.179145"/>
    </testsuite>
    <testsuite name="ApiControllerTest" file="/home/gareth/Desktop/Zend-CMS/project/cms/tests/application/controllers/ApiControllerTest.php" tests="20" assertions="57" failures="0" errors="0" time="1.539504">
      <testcase name="testLandOnIndexPage" class="ApiControllerTest" file="/home/gareth/Desktop/Zend-CMS/project/cms/tests/application/controllers/ApiControllerTest.php" line="32" assertions="3" time="0.014963"/>
      <testcase name="testEditorNoAccessAdmin" class="ApiControllerTest" file="/home/gareth/Desktop/Zend-CMS/project/cms/tests/application/controllers/ApiControllerTest.php" line="40" assertions="3" time="0.014287"/>
      <testcase name="testAdminHasAccessAdmin" class="ApiControllerTest" file="/home/gareth/Desktop/Zend-CMS/project/cms/tests/application/controllers/ApiControllerTest.php" line="50" assertions="5" time="0.072822"/>
      <testcase name="testAddUserCorrect" class="ApiControllerTest" file="/home/gareth/Desktop/Zend-CMS/project/cms/tests/application/controllers/ApiControllerTest.php" line="60" assertions="3" time="0.080182"/>
      <testcase name="testAddSecondUser" class="ApiControllerTest" file="/home/gareth/Desktop/Zend-CMS/project/cms/tests/application/controllers/ApiControllerTest.php" line="80" assertions="3" time="0.080753"/>
      <testcase name="testRequiredInputsApiForm" class="ApiControllerTest" file="/home/gareth/Desktop/Zend-CMS/project/cms/tests/application/controllers/ApiControllerTest.php" line="95" assertions="4" time="0.045641"/>
      <testcase name="testRefTakenAdd" class="ApiControllerTest" file="/home/gareth/Desktop/Zend-CMS/project/cms/tests/application/controllers/ApiControllerTest.php" line="117" assertions="3" time="0.119521"/>
      <testcase name="testKeyTakenAdd" class="ApiControllerTest" file="/home/gareth/Desktop/Zend-CMS/project/cms/tests/application/controllers/ApiControllerTest.php" line="136" assertions="3" time="0.100527"/>
      <testcase name="testEditUser" class="ApiControllerTest" file="/home/gareth/Desktop/Zend-CMS/project/cms/tests/application/controllers/ApiControllerTest.php" line="158" assertions="3" time="0.137169"/>
      <testcase name="testResetUserOne" class="ApiControllerTest" file="/home/gareth/Desktop/Zend-CMS/project/cms/tests/application/controllers/ApiControllerTest.php" line="182" assertions="3" time="0.134589"/>
      <testcase name="testRefTakenEdit" class="ApiControllerTest" file="/home/gareth/Desktop/Zend-CMS/project/cms/tests/application/controllers/ApiControllerTest.php" line="207" assertions="3" time="0.163970"/>
      <testcase name="testKeyTakenEdit" class="ApiControllerTest" file="/home/gareth/Desktop/Zend-CMS/project/cms/tests/application/controllers/ApiControllerTest.php" line="230" assertions="3" time="0.164215"/>
      <testcase name="testIncorrectArgsEdit" class="ApiControllerTest" file="/home/gareth/Desktop/Zend-CMS/project/cms/tests/application/controllers/ApiControllerTest.php" line="251" assertions="2" time="0.014842"/>
      <testcase name="testApiUserNotFoundEdit" class="ApiControllerTest" file="/home/gareth/Desktop/Zend-CMS/project/cms/tests/application/controllers/ApiControllerTest.php" line="257" assertions="2" time="0.075053"/>
      <testcase name="testCantLocateRemoveUserId" class="ApiControllerTest" file="/home/gareth/Desktop/Zend-CMS/project/cms/tests/application/controllers/ApiControllerTest.php" line="263" assertions="3" time="0.070516"/>
      <testcase name="testCantRemoveUserIdIncorrect" class="ApiControllerTest" file="/home/gareth/Desktop/Zend-CMS/project/cms/tests/application/controllers/ApiControllerTest.php" line="273" assertions="3" time="0.016340"/>
      <testcase name="testRemoveUser" class="ApiControllerTest" file="/home/gareth/Desktop/Zend-CMS/project/cms/tests/application/controllers/ApiControllerTest.php" line="284" assertions="2" time="0.070641"/>
      <testcase name="testRemoveUserConfirmAction" class="ApiControllerTest" file="/home/gareth/Desktop/Zend-CMS/project/cms/tests/application/controllers/ApiControllerTest.php" line="298" assertions="2" time="0.015179"/>
      <testcase name="testRemoveUserConfirmWithId" class="ApiControllerTest" file="/home/gareth/Desktop/Zend-CMS/project/cms/tests/application/controllers/ApiControllerTest.php" line="304" assertions="2" time="0.077733"/>
      <testcase name="testRemoveUserConfirmIncorrectId" class="ApiControllerTest" file="/home/gareth/Desktop/Zend-CMS/project/cms/tests/application/controllers/ApiControllerTest.php" line="314" assertions="2" time="0.070561"/>
    </testsuite>
    <testsuite name="ContentTypesControllerTest" file="/home/gareth/Desktop/Zend-CMS/project/cms/tests/application/controllers/ContentTypesControllerTest.php" tests="14" assertions="55" failures="0" errors="0" time="0.842595">
      <testcase name="testLandOnIndexPage" class="ContentTypesControllerTest" file="/home/gareth/Desktop/Zend-CMS/project/cms/tests/application/controllers/ContentTypesControllerTest.php" line="34" assertions="6" time="0.076745"/>
      <testcase name="testEditorNoAccess" class="ContentTypesControllerTest" file="/home/gareth/Desktop/Zend-CMS/project/cms/tests/application/controllers/ContentTypesControllerTest.php" line="45" assertions="4" time="0.015055"/>
      <testcase name="testAdminNoAccess" class="ContentTypesControllerTest" file="/home/gareth/Desktop/Zend-CMS/project/cms/tests/application/controllers/ContentTypesControllerTest.php" line="55" assertions="4" time="0.015371"/>
      <testcase name="testAddCorrect" class="ContentTypesControllerTest" file="/home/gareth/Desktop/Zend-CMS/project/cms/tests/application/controllers/ContentTypesControllerTest.php" line="66" assertions="5" time="0.078900"/>
      <testcase name="testRequiredInputs" class="ContentTypesControllerTest" file="/home/gareth/Desktop/Zend-CMS/project/cms/tests/application/controllers/ContentTypesControllerTest.php" line="84" assertions="4" time="0.034875"/>
      <testcase name="testNameTakenAdd" class="ContentTypesControllerTest" file="/home/gareth/Desktop/Zend-CMS/project/cms/tests/application/controllers/ContentTypesControllerTest.php" line="103" assertions="5" time="0.078314"/>
      <testcase name="testEditUser" class="ContentTypesControllerTest" file="/home/gareth/Desktop/Zend-CMS/project/cms/tests/application/controllers/ContentTypesControllerTest.php" line="124" assertions="4" time="0.138530"/>
      <testcase name="testIncorrectArgsEdit" class="ContentTypesControllerTest" file="/home/gareth/Desktop/Zend-CMS/project/cms/tests/application/controllers/ContentTypesControllerTest.php" line="142" assertions="3" time="0.015496"/>
      <testcase name="testContentTypeNotFoundEdit" class="ContentTypesControllerTest" file="/home/gareth/Desktop/Zend-CMS/project/cms/tests/application/controllers/ContentTypesControllerTest.php" line="148" assertions="3" time="0.075681"/>
      <testcase name="testCantLocateRemoveUserId" class="ContentTypesControllerTest" file="/home/gareth/Desktop/Zend-CMS/project/cms/tests/application/controllers/ContentTypesControllerTest.php" line="155" assertions="4" time="0.073845"/>
      <testcase name="testRemoveConfirmAction" class="ContentTypesControllerTest" file="/home/gareth/Desktop/Zend-CMS/project/cms/tests/application/controllers/ContentTypesControllerTest.php" line="165" assertions="3" time="0.015672"/>
      <testcase name="testRemoveConfirmWithId" class="ContentTypesControllerTest" file="/home/gareth/Desktop/Zend-CMS/project/cms/tests/application/controllers/ContentTypesControllerTest.php" line="171" assertions="3" time="0.077303"/>
      <testcase name="testRemoveConfirmInccorectId" class="ContentTypesControllerTest" file="/home/gareth/Desktop/Zend-CMS/project/cms/tests/application/controllers/ContentTypesControllerTest.php" line="178" assertions="3" time="0.071640"/>
      <testcase name="testRemoveContentType" class="ContentTypesControllerTest" file="/home/gareth/Desktop/Zend-CMS/project/cms/tests/application/controllers/ContentTypesControllerTest.php" line="185" assertions="4" time="0.075168"/>
    </testsuite>
    <testsuite name="ContentControllerTest" file="/home/gareth/Desktop/Zend-CMS/project/cms/tests/application/controllers/ContentControllerTest.php" tests="21" assertions="79" failures="0" errors="0" time="2.441988">
      <testcase name="testIndexPage" class="ContentControllerTest" file="/home/gareth/Desktop/Zend-CMS/project/cms/tests/application/controllers/ContentControllerTest.php" line="42" assertions="5" time="0.077981"/>
      <testcase name="testEditorHasAccessIndex" class="ContentControllerTest" file="/home/gareth/Desktop/Zend-CMS/project/cms/tests/application/controllers/ContentControllerTest.php" line="52" assertions="6" time="0.078492"/>
      <testcase name="testEditorAccessAdd" class="ContentControllerTest" file="/home/gareth/Desktop/Zend-CMS/project/cms/tests/application/controllers/ContentControllerTest.php" line="65" assertions="6" time="0.160960"/>
      <testcase name="testAdminAccessAddAction" class="ContentControllerTest" file="/home/gareth/Desktop/Zend-CMS/project/cms/tests/application/controllers/ContentControllerTest.php" line="79" assertions="5" time="0.161007"/>
      <testcase name="testAddContentCorrect" class="ContentControllerTest" file="/home/gareth/Desktop/Zend-CMS/project/cms/tests/application/controllers/ContentControllerTest.php" line="90" assertions="5" time="0.195850"/>
      <testcase name="testAddContentCorrectSecond" class="ContentControllerTest" file="/home/gareth/Desktop/Zend-CMS/project/cms/tests/application/controllers/ContentControllerTest.php" line="130" assertions="5" time="0.198278"/>
      <testcase name="testRefTakenAdd" class="ContentControllerTest" file="/home/gareth/Desktop/Zend-CMS/project/cms/tests/application/controllers/ContentControllerTest.php" line="171" assertions="4" time="0.227927"/>
      <testcase name="testAddActionIncorrectArgsText" class="ContentControllerTest" file="/home/gareth/Desktop/Zend-CMS/project/cms/tests/application/controllers/ContentControllerTest.php" line="204" assertions="2" time="0.016398"/>
      <testcase name="testAddActionNotFoundArg" class="ContentControllerTest" file="/home/gareth/Desktop/Zend-CMS/project/cms/tests/application/controllers/ContentControllerTest.php" line="212" assertions="2" time="0.075266"/>
      <testcase name="testEditContentCorrect" class="ContentControllerTest" file="/home/gareth/Desktop/Zend-CMS/project/cms/tests/application/controllers/ContentControllerTest.php" line="218" assertions="5" time="0.196205"/>
      <testcase name="testEditRefTheSameShouldWork" class="ContentControllerTest" file="/home/gareth/Desktop/Zend-CMS/project/cms/tests/application/controllers/ContentControllerTest.php" line="260" assertions="4" time="0.197733"/>
      <testcase name="testEditContentRefTaken" class="ContentControllerTest" file="/home/gareth/Desktop/Zend-CMS/project/cms/tests/application/controllers/ContentControllerTest.php" line="295" assertions="4" time="0.236040"/>
      <testcase name="testEditContentIcorrectArgs" class="ContentControllerTest" file="/home/gareth/Desktop/Zend-CMS/project/cms/tests/application/controllers/ContentControllerTest.php" line="328" assertions="2" time="0.016943"/>
      <testcase name="testEditContentNotFoundArgs" class="ContentControllerTest" file="/home/gareth/Desktop/Zend-CMS/project/cms/tests/application/controllers/ContentControllerTest.php" line="334" assertions="2" time="0.074104"/>
      <testcase name="testRemoveContentIncorrectId" class="ContentControllerTest" file="/home/gareth/Desktop/Zend-CMS/project/cms/tests/application/controllers/ContentControllerTest.php" line="341" assertions="2" time="0.072826"/>
      <testcase name="testRemoveContentInocrrectFormatArgs" class="ContentControllerTest" file="/home/gareth/Desktop/Zend-CMS/project/cms/tests/application/controllers/ContentControllerTest.php" line="348" assertions="2" time="0.016953"/>
      <testcase name="testRemoveConfirmNoIdFound" class="ContentControllerTest" file="/home/gareth/Desktop/Zend-CMS/project/cms/tests/application/controllers/ContentControllerTest.php" line="355" assertions="2" time="0.074707"/>
      <testcase name="testRemoveConfirmIncorrectFormatId" class="ContentControllerTest" file="/home/gareth/Desktop/Zend-CMS/project/cms/tests/application/controllers/ContentControllerTest.php" line="362" assertions="2" time="0.017030"/>
      <testcase name="testRemoveConfirmContentCorrect" class="ContentControllerTest" file="/home/gareth/Desktop/Zend-CMS/project/cms/tests/application/controllers/ContentControllerTest.php" line="369" assertions="6" time="0.079507"/>
      <testcase name="testRemoveContentForReal" class="ContentControllerTest" file="/home/gareth/Desktop/Zend-CMS/project/cms/tests/application/controllers/ContentControllerTest.php" line="389" assertions="4" time="0.133910"/>
      <testcase name="testRemoveDuplicateContentCorrect" class="ContentControllerTest" file="/home/gareth/Desktop/Zend-CMS/project/cms/tests/application/controllers/ContentControllerTest.php" line="408" assertions="4" time="0.133871"/>
    </testsuite>
    <testsuite name="TemplatesControllerTest" file="/home/gareth/Desktop/Zend-CMS/project/cms/tests/application/controllers/TemplatesControllerTest.php" tests="21" assertions="86" failures="0" errors="0" time="2.109210">
      <testcase name="testIndexPage" class="TemplatesControllerTest" file="/home/gareth/Desktop/Zend-CMS/project/cms/tests/application/controllers/TemplatesControllerTest.php" line="47" assertions="6" time="0.081985"/>
      <testcase name="testEditorHasNoAccessIndex" class="TemplatesControllerTest" file="/home/gareth/Desktop/Zend-CMS/project/cms/tests/application/controllers/TemplatesControllerTest.php" line="57" assertions="4" time="0.017409"/>
      <testcase name="testEditorHasNoAccessAdd" class="TemplatesControllerTest" file="/home/gareth/Desktop/Zend-CMS/project/cms/tests/application/controllers/TemplatesControllerTest.php" line="64" assertions="4" time="0.017363"/>
      <testcase name="testAdminNoAccessIndex" class="TemplatesControllerTest" file="/home/gareth/Desktop/Zend-CMS/project/cms/tests/application/controllers/TemplatesControllerTest.php" line="71" assertions="4" time="0.017427"/>
      <testcase name="testAdminNoAccessAdd" class="TemplatesControllerTest" file="/home/gareth/Desktop/Zend-CMS/project/cms/tests/application/controllers/TemplatesControllerTest.php" line="78" assertions="4" time="0.017781"/>
      <testcase name="testSuperAdminAccessAdd" class="TemplatesControllerTest" file="/home/gareth/Desktop/Zend-CMS/project/cms/tests/application/controllers/TemplatesControllerTest.php" line="85" assertions="6" time="0.132501"/>
      <testcase name="testAddTemplateCorrect" class="TemplatesControllerTest" file="/home/gareth/Desktop/Zend-CMS/project/cms/tests/application/controllers/TemplatesControllerTest.php" line="97" assertions="5" time="0.187146"/>
      <testcase name="testAddSecondTemplateCorrect" class="TemplatesControllerTest" file="/home/gareth/Desktop/Zend-CMS/project/cms/tests/application/controllers/TemplatesControllerTest.php" line="124" assertions="5" time="0.208805"/>
      <testcase name="testNameTakenAdd" class="TemplatesControllerTest" file="/home/gareth/Desktop/Zend-CMS/project/cms/tests/application/controllers/TemplatesControllerTest.php" line="150" assertions="4" time="0.182643"/>
      <testcase name="testRequiredInputsAdd" class="TemplatesControllerTest" file="/home/gareth/Desktop/Zend-CMS/project/cms/tests/application/controllers/TemplatesControllerTest.php" line="170" assertions="4" time="0.130695"/>
      <testcase name="testEditFirstTemplateCorrect" class="TemplatesControllerTest" file="/home/gareth/Desktop/Zend-CMS/project/cms/tests/application/controllers/TemplatesControllerTest.php" line="189" assertions="4" time="0.262658"/>
      <testcase name="testNameTakenEdit" class="TemplatesControllerTest" file="/home/gareth/Desktop/Zend-CMS/project/cms/tests/application/controllers/TemplatesControllerTest.php" line="224" assertions="4" time="0.243061"/>
      <testcase name="testIdPassedToEdit" class="TemplatesControllerTest" file="/home/gareth/Desktop/Zend-CMS/project/cms/tests/application/controllers/TemplatesControllerTest.php" line="253" assertions="3" time="0.018455"/>
      <testcase name="testIdPassedButNotFoundEdit" class="TemplatesControllerTest" file="/home/gareth/Desktop/Zend-CMS/project/cms/tests/application/controllers/TemplatesControllerTest.php" line="259" assertions="3" time="0.076785"/>
      <testcase name="testRemoveConfirmCorrect" class="TemplatesControllerTest" file="/home/gareth/Desktop/Zend-CMS/project/cms/tests/application/controllers/TemplatesControllerTest.php" line="265" assertions="6" time="0.080352"/>
      <testcase name="testIncorrectFormatArgumentRemoveConfirm" class="TemplatesControllerTest" file="/home/gareth/Desktop/Zend-CMS/project/cms/tests/application/controllers/TemplatesControllerTest.php" line="278" assertions="3" time="0.018516"/>
      <testcase name="testTemplateNotFoundRemoveConfirm" class="TemplatesControllerTest" file="/home/gareth/Desktop/Zend-CMS/project/cms/tests/application/controllers/TemplatesControllerTest.php" line="284" assertions="3" time="0.075290"/>
      <testcase name="testRemoveTemplateCorrect" class="TemplatesControllerTest" file="/home/gareth/Desktop/Zend-CMS/project/cms/tests/application/controllers/TemplatesControllerTest.php" line="290" assertions="4" time="0.131944"/>
      <testcase name="testIncorrectArgsRemove" class="TemplatesControllerTest" file="/home/gareth/Desktop/Zend-CMS/project/cms/tests/application/controllers/TemplatesControllerTest.php" line="304" assertions="3" time="0.018512"/>
      <testcase name="testIdButNotFoundRemove" class="TemplatesControllerTest" file="/home/gareth/Desktop/Zend-CMS/project/cms/tests/application/controllers/TemplatesControllerTest.php" line="310" assertions="3" time="0.073754"/>
      <testcase name="testRemoveSecondTemplate" class="TemplatesControllerTest" file="/home/gareth/Desktop/Zend-CMS/project/cms/tests/application/controllers/TemplatesControllerTest.php" line="316" assertions="4" time="0.116127"/>
    </testsuite>
  </testsuite>
</testsuites>
