<?xml version="1.0" encoding="UTF-8"?>
<testsuites>
  <testsuite name="Application Test Suite" tests="19" assertions="61" failures="0" errors="0" time="0.583017">
    <testsuite name="UserControllerTest" file="/home/gareth/Dropbox/Zend-CMS/jiggly/tests/application/controllers/UserControllerTest.php" tests="19" assertions="61" failures="0" errors="0" time="0.583017">
      <testcase name="testLandOnIndexPage" class="UserControllerTest" file="/home/gareth/Dropbox/Zend-CMS/jiggly/tests/application/controllers/UserControllerTest.php" line="33" assertions="5" time="0.051476"/>
      <testcase name="testLoginPage" class="UserControllerTest" file="/home/gareth/Dropbox/Zend-CMS/jiggly/tests/application/controllers/UserControllerTest.php" line="43" assertions="4" time="0.036013"/>
      <testcase name="testLoginCorrect" class="UserControllerTest" file="/home/gareth/Dropbox/Zend-CMS/jiggly/tests/application/controllers/UserControllerTest.php" line="54" assertions="2" time="0.012490"/>
      <testcase name="testInCorrectLogin" class="UserControllerTest" file="/home/gareth/Dropbox/Zend-CMS/jiggly/tests/application/controllers/UserControllerTest.php" line="73" assertions="2" time="0.015713"/>
      <testcase name="testEditorNoAccessAdmin" class="UserControllerTest" file="/home/gareth/Dropbox/Zend-CMS/jiggly/tests/application/controllers/UserControllerTest.php" line="89" assertions="3" time="0.005343"/>
      <testcase name="testAdminHasAccessAdmin" class="UserControllerTest" file="/home/gareth/Dropbox/Zend-CMS/jiggly/tests/application/controllers/UserControllerTest.php" line="99" assertions="5" time="0.013441"/>
      <testcase name="testAddUserCorrect" class="UserControllerTest" file="/home/gareth/Dropbox/Zend-CMS/jiggly/tests/application/controllers/UserControllerTest.php" line="109" assertions="3" time="0.150554"/>
      <testcase name="testRequiredInputsUserForm" class="UserControllerTest" file="/home/gareth/Dropbox/Zend-CMS/jiggly/tests/application/controllers/UserControllerTest.php" line="131" assertions="7" time="0.029673"/>
      <testcase name="testPasswordsDontMatch" class="UserControllerTest" file="/home/gareth/Dropbox/Zend-CMS/jiggly/tests/application/controllers/UserControllerTest.php" line="156" assertions="3" time="0.024755"/>
      <testcase name="testUserNameTakenAdd" class="UserControllerTest" file="/home/gareth/Dropbox/Zend-CMS/jiggly/tests/application/controllers/UserControllerTest.php" line="173" assertions="3" time="0.027204"/>
      <testcase name="testEditUser" class="UserControllerTest" file="/home/gareth/Dropbox/Zend-CMS/jiggly/tests/application/controllers/UserControllerTest.php" line="190" assertions="3" time="0.051133"/>
      <testcase name="testAddSecondUser" class="UserControllerTest" file="/home/gareth/Dropbox/Zend-CMS/jiggly/tests/application/controllers/UserControllerTest.php" line="217" assertions="3" time="0.049955"/>
      <testcase name="testUserNameTakenEdit" class="UserControllerTest" file="/home/gareth/Dropbox/Zend-CMS/jiggly/tests/application/controllers/UserControllerTest.php" line="234" assertions="3" time="0.033491"/>
      <testcase name="testIncorrectArgsEdit" class="UserControllerTest" file="/home/gareth/Dropbox/Zend-CMS/jiggly/tests/application/controllers/UserControllerTest.php" line="254" assertions="2" time="0.006087"/>
      <testcase name="testUserNotFoundEdit" class="UserControllerTest" file="/home/gareth/Dropbox/Zend-CMS/jiggly/tests/application/controllers/UserControllerTest.php" line="260" assertions="2" time="0.009918"/>
      <testcase name="testLogout" class="UserControllerTest" file="/home/gareth/Dropbox/Zend-CMS/jiggly/tests/application/controllers/UserControllerTest.php" line="266" assertions="2" time="0.005906"/>
      <testcase name="testCantLocateRemoveUserId" class="UserControllerTest" file="/home/gareth/Dropbox/Zend-CMS/jiggly/tests/application/controllers/UserControllerTest.php" line="272" assertions="3" time="0.008784"/>
      <testcase name="testCantRemoveUserIdIncorrect" class="UserControllerTest" file="/home/gareth/Dropbox/Zend-CMS/jiggly/tests/application/controllers/UserControllerTest.php" line="282" assertions="3" time="0.008082"/>
      <testcase name="testRemoveUser" class="UserControllerTest" file="/home/gareth/Dropbox/Zend-CMS/jiggly/tests/application/controllers/UserControllerTest.php" line="293" assertions="3" time="0.042999"/>
    </testsuite>
  </testsuite>
</testsuites>
