<?xml version="1.0" encoding="UTF-8"?>
<testsuites>
  <testsuite name="Application Test Suite" tests="29" assertions="86" failures="0" errors="0" time="0.937343">
    <testsuite name="UserControllerTest" file="/home/gareth/Dropbox/Zend-CMS/jiggly/tests/application/controllers/UserControllerTest.php" tests="29" assertions="86" failures="0" errors="0" time="0.937343">
      <testcase name="testLandOnIndexPage" class="UserControllerTest" file="/home/gareth/Dropbox/Zend-CMS/jiggly/tests/application/controllers/UserControllerTest.php" line="33" assertions="5" time="0.051624"/>
      <testcase name="testLoginPage" class="UserControllerTest" file="/home/gareth/Dropbox/Zend-CMS/jiggly/tests/application/controllers/UserControllerTest.php" line="43" assertions="4" time="0.035519"/>
      <testcase name="testLoginCorrect" class="UserControllerTest" file="/home/gareth/Dropbox/Zend-CMS/jiggly/tests/application/controllers/UserControllerTest.php" line="54" assertions="2" time="0.012335"/>
      <testcase name="testInCorrectLogin" class="UserControllerTest" file="/home/gareth/Dropbox/Zend-CMS/jiggly/tests/application/controllers/UserControllerTest.php" line="73" assertions="2" time="0.015828"/>
      <testcase name="testEditorNoAccessAdmin" class="UserControllerTest" file="/home/gareth/Dropbox/Zend-CMS/jiggly/tests/application/controllers/UserControllerTest.php" line="89" assertions="3" time="0.005365"/>
      <testcase name="testAdminHasAccessAdmin" class="UserControllerTest" file="/home/gareth/Dropbox/Zend-CMS/jiggly/tests/application/controllers/UserControllerTest.php" line="99" assertions="5" time="0.013250"/>
      <testcase name="testAddUserCorrect" class="UserControllerTest" file="/home/gareth/Dropbox/Zend-CMS/jiggly/tests/application/controllers/UserControllerTest.php" line="109" assertions="3" time="0.156827"/>
      <testcase name="testRequiredInputsUserForm" class="UserControllerTest" file="/home/gareth/Dropbox/Zend-CMS/jiggly/tests/application/controllers/UserControllerTest.php" line="131" assertions="8" time="0.033310"/>
      <testcase name="testPasswordsDontMatch" class="UserControllerTest" file="/home/gareth/Dropbox/Zend-CMS/jiggly/tests/application/controllers/UserControllerTest.php" line="158" assertions="3" time="0.026717"/>
      <testcase name="testUserNameTakenAdd" class="UserControllerTest" file="/home/gareth/Dropbox/Zend-CMS/jiggly/tests/application/controllers/UserControllerTest.php" line="175" assertions="3" time="0.029260"/>
      <testcase name="testUserEmailAddressTakenAdd" class="UserControllerTest" file="/home/gareth/Dropbox/Zend-CMS/jiggly/tests/application/controllers/UserControllerTest.php" line="193" assertions="3" time="0.029684"/>
      <testcase name="testEditUser" class="UserControllerTest" file="/home/gareth/Dropbox/Zend-CMS/jiggly/tests/application/controllers/UserControllerTest.php" line="213" assertions="3" time="0.055363"/>
      <testcase name="testAddSecondUser" class="UserControllerTest" file="/home/gareth/Dropbox/Zend-CMS/jiggly/tests/application/controllers/UserControllerTest.php" line="240" assertions="3" time="0.058540"/>
      <testcase name="testUserNameTakenEdit" class="UserControllerTest" file="/home/gareth/Dropbox/Zend-CMS/jiggly/tests/application/controllers/UserControllerTest.php" line="258" assertions="3" time="0.035820"/>
      <testcase name="testUserEmailAddressTakenEdit" class="UserControllerTest" file="/home/gareth/Dropbox/Zend-CMS/jiggly/tests/application/controllers/UserControllerTest.php" line="282" assertions="3" time="0.035805"/>
      <testcase name="testIncorrectArgsEdit" class="UserControllerTest" file="/home/gareth/Dropbox/Zend-CMS/jiggly/tests/application/controllers/UserControllerTest.php" line="303" assertions="2" time="0.005901"/>
      <testcase name="testUserNotFoundEdit" class="UserControllerTest" file="/home/gareth/Dropbox/Zend-CMS/jiggly/tests/application/controllers/UserControllerTest.php" line="309" assertions="2" time="0.010199"/>
      <testcase name="testLogout" class="UserControllerTest" file="/home/gareth/Dropbox/Zend-CMS/jiggly/tests/application/controllers/UserControllerTest.php" line="315" assertions="2" time="0.007805"/>
      <testcase name="testCantLocateRemoveUserId" class="UserControllerTest" file="/home/gareth/Dropbox/Zend-CMS/jiggly/tests/application/controllers/UserControllerTest.php" line="321" assertions="3" time="0.009041"/>
      <testcase name="testCantRemoveUserIdIncorrect" class="UserControllerTest" file="/home/gareth/Dropbox/Zend-CMS/jiggly/tests/application/controllers/UserControllerTest.php" line="331" assertions="3" time="0.007924"/>
      <testcase name="testRemoveUser" class="UserControllerTest" file="/home/gareth/Dropbox/Zend-CMS/jiggly/tests/application/controllers/UserControllerTest.php" line="342" assertions="3" time="0.061046"/>
      <testcase name="testShownForgotPasswordLink" class="UserControllerTest" file="/home/gareth/Dropbox/Zend-CMS/jiggly/tests/application/controllers/UserControllerTest.php" line="356" assertions="2" time="0.045558"/>
      <testcase name="testForgotPasswordActionAndContent" class="UserControllerTest" file="/home/gareth/Dropbox/Zend-CMS/jiggly/tests/application/controllers/UserControllerTest.php" line="387" assertions="3" time="0.017293"/>
      <testcase name="testForgotPasswordSubmitNoAccountFound" class="UserControllerTest" file="/home/gareth/Dropbox/Zend-CMS/jiggly/tests/application/controllers/UserControllerTest.php" line="397" assertions="2" time="0.017149"/>
      <testcase name="testForgotPasswordAccountFound" class="UserControllerTest" file="/home/gareth/Dropbox/Zend-CMS/jiggly/tests/application/controllers/UserControllerTest.php" line="414" assertions="2" time="0.060053"/>
      <testcase name="testActivatePasswordAction" class="UserControllerTest" file="/home/gareth/Dropbox/Zend-CMS/jiggly/tests/application/controllers/UserControllerTest.php" line="432" assertions="2" time="0.008317"/>
      <testcase name="testActivatePasswordIncorrectHash" class="UserControllerTest" file="/home/gareth/Dropbox/Zend-CMS/jiggly/tests/application/controllers/UserControllerTest.php" line="442" assertions="2" time="0.009593"/>
      <testcase name="testActivatePasswordCorrectHash" class="UserControllerTest" file="/home/gareth/Dropbox/Zend-CMS/jiggly/tests/application/controllers/UserControllerTest.php" line="453" assertions="2" time="0.022843"/>
      <testcase name="testActivatePasswordComplete" class="UserControllerTest" file="/home/gareth/Dropbox/Zend-CMS/jiggly/tests/application/controllers/UserControllerTest.php" line="465" assertions="3" time="0.059373"/>
    </testsuite>
  </testsuite>
</testsuites>
