<?xml version="1.0" encoding="UTF-8"?>
<testsuites>
  <testsuite name="Application Test Suite" tests="2" assertions="7" failures="0" errors="0" time="0.086446">
    <testsuite name="UserControllerTest" file="/home/gareth/Dropbox/Zend-CMS/jiggly/tests/application/controllers/UserControllerTest.php" tests="2" assertions="7" failures="0" errors="0" time="0.086446">
      <testcase name="testLandOnIndexPage" class="UserControllerTest" file="/home/gareth/Dropbox/Zend-CMS/jiggly/tests/application/controllers/UserControllerTest.php" line="35" assertions="4" time="0.051721"/>
      <testcase name="testLoginPageHasCorrectForm" class="UserControllerTest" file="/home/gareth/Dropbox/Zend-CMS/jiggly/tests/application/controllers/UserControllerTest.php" line="43" assertions="3" time="0.034725"/>
    </testsuite>
  </testsuite>
</testsuites>
