<?xml version="1.0" encoding="UTF-8"?>
<testsuites>
  <testsuite name="Application Test Suite" tests="30" assertions="91" failures="0" errors="0" time="0.915334">
    <testsuite name="IndexControllerTest" file="/home/gareth/Dropbox/Zend-CMS/jiggly/tests/application/controllers/IndexControllerTest.php" tests="1" assertions="5" failures="0" errors="0" time="0.051366">
      <testcase name="testLandOnIndexPage" class="IndexControllerTest" file="/home/gareth/Dropbox/Zend-CMS/jiggly/tests/application/controllers/IndexControllerTest.php" line="24" assertions="5" time="0.051366"/>
    </testsuite>
    <testsuite name="UserControllerTest" file="/home/gareth/Dropbox/Zend-CMS/jiggly/tests/application/controllers/UserControllerTest.php" tests="29" assertions="86" failures="0" errors="0" time="0.863968">
      <testcase name="testLandOnIndexPage" class="UserControllerTest" file="/home/gareth/Dropbox/Zend-CMS/jiggly/tests/application/controllers/UserControllerTest.php" line="33" assertions="5" time="0.008748"/>
      <testcase name="testLoginPage" class="UserControllerTest" file="/home/gareth/Dropbox/Zend-CMS/jiggly/tests/application/controllers/UserControllerTest.php" line="43" assertions="4" time="0.035968"/>
      <testcase name="testLoginCorrect" class="UserControllerTest" file="/home/gareth/Dropbox/Zend-CMS/jiggly/tests/application/controllers/UserControllerTest.php" line="54" assertions="2" time="0.012459"/>
      <testcase name="testInCorrectLogin" class="UserControllerTest" file="/home/gareth/Dropbox/Zend-CMS/jiggly/tests/application/controllers/UserControllerTest.php" line="73" assertions="2" time="0.015794"/>
      <testcase name="testEditorNoAccessAdmin" class="UserControllerTest" file="/home/gareth/Dropbox/Zend-CMS/jiggly/tests/application/controllers/UserControllerTest.php" line="89" assertions="3" time="0.005486"/>
      <testcase name="testAdminHasAccessAdmin" class="UserControllerTest" file="/home/gareth/Dropbox/Zend-CMS/jiggly/tests/application/controllers/UserControllerTest.php" line="99" assertions="5" time="0.014045"/>
      <testcase name="testAddUserCorrect" class="UserControllerTest" file="/home/gareth/Dropbox/Zend-CMS/jiggly/tests/application/controllers/UserControllerTest.php" line="109" assertions="3" time="0.116701"/>
      <testcase name="testRequiredInputsUserForm" class="UserControllerTest" file="/home/gareth/Dropbox/Zend-CMS/jiggly/tests/application/controllers/UserControllerTest.php" line="131" assertions="8" time="0.034366"/>
      <testcase name="testPasswordsDontMatch" class="UserControllerTest" file="/home/gareth/Dropbox/Zend-CMS/jiggly/tests/application/controllers/UserControllerTest.php" line="158" assertions="3" time="0.027796"/>
      <testcase name="testUserNameTakenAdd" class="UserControllerTest" file="/home/gareth/Dropbox/Zend-CMS/jiggly/tests/application/controllers/UserControllerTest.php" line="175" assertions="3" time="0.030557"/>
      <testcase name="testUserEmailAddressTakenAdd" class="UserControllerTest" file="/home/gareth/Dropbox/Zend-CMS/jiggly/tests/application/controllers/UserControllerTest.php" line="193" assertions="3" time="0.030846"/>
      <testcase name="testEditUser" class="UserControllerTest" file="/home/gareth/Dropbox/Zend-CMS/jiggly/tests/application/controllers/UserControllerTest.php" line="213" assertions="3" time="0.059085"/>
      <testcase name="testAddSecondUser" class="UserControllerTest" file="/home/gareth/Dropbox/Zend-CMS/jiggly/tests/application/controllers/UserControllerTest.php" line="240" assertions="3" time="0.058385"/>
      <testcase name="testUserNameTakenEdit" class="UserControllerTest" file="/home/gareth/Dropbox/Zend-CMS/jiggly/tests/application/controllers/UserControllerTest.php" line="258" assertions="3" time="0.037380"/>
      <testcase name="testUserEmailAddressTakenEdit" class="UserControllerTest" file="/home/gareth/Dropbox/Zend-CMS/jiggly/tests/application/controllers/UserControllerTest.php" line="282" assertions="3" time="0.037557"/>
      <testcase name="testIncorrectArgsEdit" class="UserControllerTest" file="/home/gareth/Dropbox/Zend-CMS/jiggly/tests/application/controllers/UserControllerTest.php" line="303" assertions="2" time="0.006205"/>
      <testcase name="testUserNotFoundEdit" class="UserControllerTest" file="/home/gareth/Dropbox/Zend-CMS/jiggly/tests/application/controllers/UserControllerTest.php" line="309" assertions="2" time="0.010939"/>
      <testcase name="testLogout" class="UserControllerTest" file="/home/gareth/Dropbox/Zend-CMS/jiggly/tests/application/controllers/UserControllerTest.php" line="315" assertions="2" time="0.006217"/>
      <testcase name="testCantLocateRemoveUserId" class="UserControllerTest" file="/home/gareth/Dropbox/Zend-CMS/jiggly/tests/application/controllers/UserControllerTest.php" line="321" assertions="3" time="0.009207"/>
      <testcase name="testCantRemoveUserIdIncorrect" class="UserControllerTest" file="/home/gareth/Dropbox/Zend-CMS/jiggly/tests/application/controllers/UserControllerTest.php" line="331" assertions="3" time="0.008413"/>
      <testcase name="testRemoveUser" class="UserControllerTest" file="/home/gareth/Dropbox/Zend-CMS/jiggly/tests/application/controllers/UserControllerTest.php" line="342" assertions="3" time="0.057249"/>
      <testcase name="testShownForgotPasswordLink" class="UserControllerTest" file="/home/gareth/Dropbox/Zend-CMS/jiggly/tests/application/controllers/UserControllerTest.php" line="356" assertions="2" time="0.046726"/>
      <testcase name="testForgotPasswordActionAndContent" class="UserControllerTest" file="/home/gareth/Dropbox/Zend-CMS/jiggly/tests/application/controllers/UserControllerTest.php" line="387" assertions="3" time="0.017853"/>
      <testcase name="testForgotPasswordSubmitNoAccountFound" class="UserControllerTest" file="/home/gareth/Dropbox/Zend-CMS/jiggly/tests/application/controllers/UserControllerTest.php" line="397" assertions="2" time="0.017759"/>
      <testcase name="testForgotPasswordAccountFound" class="UserControllerTest" file="/home/gareth/Dropbox/Zend-CMS/jiggly/tests/application/controllers/UserControllerTest.php" line="414" assertions="2" time="0.058000"/>
      <testcase name="testActivatePasswordAction" class="UserControllerTest" file="/home/gareth/Dropbox/Zend-CMS/jiggly/tests/application/controllers/UserControllerTest.php" line="432" assertions="2" time="0.008644"/>
      <testcase name="testActivatePasswordIncorrectHash" class="UserControllerTest" file="/home/gareth/Dropbox/Zend-CMS/jiggly/tests/application/controllers/UserControllerTest.php" line="442" assertions="2" time="0.010017"/>
      <testcase name="testActivatePasswordCorrectHash" class="UserControllerTest" file="/home/gareth/Dropbox/Zend-CMS/jiggly/tests/application/controllers/UserControllerTest.php" line="453" assertions="2" time="0.023570"/>
      <testcase name="testActivatePasswordComplete" class="UserControllerTest" file="/home/gareth/Dropbox/Zend-CMS/jiggly/tests/application/controllers/UserControllerTest.php" line="465" assertions="3" time="0.057996"/>
    </testsuite>
  </testsuite>
</testsuites>
